2024-11-13 22:12:35.662 GMT [1] LOG:  starting PostgreSQL 17.0 (Debian 17.0-1.pgdg120+1) on x86_64-pc-linux-gnu, compiled by gcc (Debian 12.2.0-14) 12.2.0, 64-bit
2024-11-13 22:12:35.662 GMT [1] LOG:  listening on IPv4 address "0.0.0.0", port 5432
2024-11-13 22:12:35.662 GMT [1] LOG:  listening on IPv6 address "::", port 5432
2024-11-13 22:12:35.665 GMT [1] LOG:  listening on Unix socket "/var/run/postgresql/.s.PGSQL.5432"
2024-11-13 22:12:35.675 GMT [30] LOG:  database system was interrupted; last known up at 2024-11-13 20:36:02 GMT
2024-11-13 22:12:35.863 GMT [30] LOG:  database system was not properly shut down; automatic recovery in progress
2024-11-13 22:12:35.866 GMT [30] LOG:  redo starts at 0/15E6450
2024-11-13 22:12:35.866 GMT [30] LOG:  invalid record length at 0/15E6590: expected at least 24, got 0
2024-11-13 22:12:35.866 GMT [30] LOG:  redo done at 0/15E6558 system usage: CPU: user: 0.00 s, system: 0.00 s, elapsed: 0.00 s
2024-11-13 22:12:35.871 GMT [28] LOG:  checkpoint starting: end-of-recovery immediate wait
2024-11-13 22:12:35.886 GMT [28] LOG:  checkpoint complete: wrote 3 buffers (0.0%); 0 WAL file(s) added, 0 removed, 0 recycled; write=0.004 s, sync=0.002 s, total=0.016 s; sync files=2, longest=0.001 s, average=0.001 s; distance=0 kB, estimate=0 kB; lsn=0/15E6590, redo lsn=0/15E6590
2024-11-13 22:12:35.896 GMT [1] LOG:  database system is ready to accept connections
2024-11-13 22:14:52.336 GMT [34] LOG:  statement: SET DateStyle=ISO; SET client_min_messages=notice; SELECT set_config('bytea_output','hex',false) FROM pg_show_all_settings() WHERE name = 'bytea_output'; SET client_encoding='utf-8';
2024-11-13 22:14:52.336 GMT [34] LOG:  AUDIT: SESSION,1,1,MISC,SET,,,SET DateStyle=ISO,<not logged>
2024-11-13 22:14:52.337 GMT [34] LOG:  AUDIT: SESSION,2,1,MISC,SET,,,SET client_min_messages=notice,<not logged>
2024-11-13 22:14:52.345 GMT [34] LOG:  AUDIT: SESSION,3,1,READ,SELECT,,,"SELECT set_config('bytea_output','hex',false) FROM pg_show_all_settings() WHERE name = 'bytea_output'",<not logged>
2024-11-13 22:14:52.346 GMT [34] LOG:  AUDIT: SESSION,4,1,MISC,SET,,,SET client_encoding='utf-8',<not logged>
2024-11-13 22:14:52.346 GMT [34] LOG:  duration: 13.215 ms
2024-11-13 22:14:52.346 GMT [34] LOG:  statement: SELECT version()
2024-11-13 22:14:52.347 GMT [34] LOG:  AUDIT: SESSION,5,1,READ,SELECT,,,SELECT version(),<not logged>
2024-11-13 22:14:52.347 GMT [34] LOG:  duration: 0.539 ms
2024-11-13 22:14:52.347 GMT [34] LOG:  statement: 
	SELECT
	    db.oid as did, db.datname, db.datallowconn,
	    pg_encoding_to_char(db.encoding) AS serverencoding,
	    has_database_privilege(db.oid, 'CREATE') as cancreate,
	    datistemplate
	FROM
	    pg_catalog.pg_database db
	WHERE db.datname = current_database()
2024-11-13 22:14:52.355 GMT [34] LOG:  AUDIT: SESSION,6,1,READ,SELECT,,,"SELECT
	    db.oid as did, db.datname, db.datallowconn,
	    pg_encoding_to_char(db.encoding) AS serverencoding,
	    has_database_privilege(db.oid, 'CREATE') as cancreate,
	    datistemplate
	FROM
	    pg_catalog.pg_database db
	WHERE db.datname = current_database()",<not logged>
2024-11-13 22:14:52.356 GMT [34] LOG:  duration: 8.682 ms
2024-11-13 22:14:52.356 GMT [34] LOG:  statement: 
	        SELECT
	             gss_authenticated, encrypted
	        FROM
	            pg_catalog.pg_stat_gssapi
	        WHERE pid = pg_backend_pid()
2024-11-13 22:14:52.358 GMT [34] LOG:  AUDIT: SESSION,7,1,READ,SELECT,,,"SELECT
	             gss_authenticated, encrypted
	        FROM
	            pg_catalog.pg_stat_gssapi
	        WHERE pid = pg_backend_pid()",<not logged>
2024-11-13 22:14:52.358 GMT [34] LOG:  duration: 1.596 ms
2024-11-13 22:14:52.358 GMT [34] LOG:  statement: 
	        SELECT
	            roles.oid as id, roles.rolname as name,
	            roles.rolsuper as is_superuser,
	            CASE WHEN roles.rolsuper THEN true ELSE roles.rolcreaterole END as
	            can_create_role,
	            CASE WHEN roles.rolsuper THEN true
	            ELSE roles.rolcreatedb END as can_create_db,
	            CASE WHEN 'pg_signal_backend'=ANY(ARRAY(WITH RECURSIVE cte AS (
	            SELECT pg_roles.oid,pg_roles.rolname FROM pg_roles
	                WHERE pg_roles.oid = roles.oid
	            UNION ALL
	            SELECT m.roleid,pgr.rolname FROM cte cte_1
	                JOIN pg_auth_members m ON m.member = cte_1.oid
	                JOIN pg_roles pgr ON pgr.oid = m.roleid)
	            SELECT rolname  FROM cte)) THEN True
	            ELSE False END as can_signal_backend
	        FROM
	            pg_catalog.pg_roles as roles
	        WHERE
	            rolname = current_user
2024-11-13 22:14:52.363 GMT [34] LOG:  AUDIT: SESSION,8,1,READ,SELECT,,,"SELECT
	            roles.oid as id, roles.rolname as name,
	            roles.rolsuper as is_superuser,
	            CASE WHEN roles.rolsuper THEN true ELSE roles.rolcreaterole END as
	            can_create_role,
	            CASE WHEN roles.rolsuper THEN true
	            ELSE roles.rolcreatedb END as can_create_db,
	            CASE WHEN 'pg_signal_backend'=ANY(ARRAY(WITH RECURSIVE cte AS (
	            SELECT pg_roles.oid,pg_roles.rolname FROM pg_roles
	                WHERE pg_roles.oid = roles.oid
	            UNION ALL
	            SELECT m.roleid,pgr.rolname FROM cte cte_1
	                JOIN pg_auth_members m ON m.member = cte_1.oid
	                JOIN pg_roles pgr ON pgr.oid = m.roleid)
	            SELECT rolname  FROM cte)) THEN True
	            ELSE False END as can_signal_backend
	        FROM
	            pg_catalog.pg_roles as roles
	        WHERE
	            rolname = current_user",<not logged>
2024-11-13 22:14:52.363 GMT [34] LOG:  duration: 5.253 ms
2024-11-13 22:14:52.432 GMT [34] LOG:  statement: SELECT CASE WHEN usesuper
	       THEN pg_catalog.pg_is_in_recovery()
	       ELSE FALSE
	       END as inrecovery,
	       CASE WHEN usesuper AND pg_catalog.pg_is_in_recovery()
	       THEN pg_is_wal_replay_paused()
	       ELSE FALSE
	       END as isreplaypaused
	FROM pg_catalog.pg_user WHERE usename=current_user
2024-11-13 22:14:52.433 GMT [34] LOG:  AUDIT: SESSION,9,1,READ,SELECT,,,"SELECT CASE WHEN usesuper
	       THEN pg_catalog.pg_is_in_recovery()
	       ELSE FALSE
	       END as inrecovery,
	       CASE WHEN usesuper AND pg_catalog.pg_is_in_recovery()
	       THEN pg_is_wal_replay_paused()
	       ELSE FALSE
	       END as isreplaypaused
	FROM pg_catalog.pg_user WHERE usename=current_user",<not logged>
2024-11-13 22:14:52.433 GMT [34] LOG:  duration: 0.902 ms
2024-11-13 22:14:52.444 GMT [34] LOG:  statement: SELECT CASE
	    WHEN (SELECT count(extname) FROM pg_catalog.pg_extension WHERE extname='bdr') > 0
	    THEN 'pgd'
	    WHEN (SELECT COUNT(*) FROM pg_replication_slots) > 0
	    THEN 'log'
	    ELSE NULL
	END as type;
2024-11-13 22:14:52.451 GMT [34] LOG:  AUDIT: SESSION,10,1,READ,SELECT,,,"SELECT CASE
	    WHEN (SELECT count(extname) FROM pg_catalog.pg_extension WHERE extname='bdr') > 0
	    THEN 'pgd'
	    WHEN (SELECT COUNT(*) FROM pg_replication_slots) > 0
	    THEN 'log'
	    ELSE NULL
	END as type",<not logged>
2024-11-13 22:14:52.451 GMT [34] LOG:  duration: 7.539 ms
2024-11-13 22:14:52.591 GMT [34] LOG:  statement: 
	SELECT
	    has_table_privilege(
	      'pgagent.pga_job', 'INSERT, SELECT, UPDATE'
	    ) has_priviledge
	WHERE EXISTS(
	    SELECT has_schema_privilege('pgagent', 'USAGE')
	    WHERE EXISTS(
	        SELECT cl.oid FROM pg_catalog.pg_class cl
	        LEFT JOIN pg_catalog.pg_namespace ns ON ns.oid=relnamespace
	        WHERE relname='pga_job' AND nspname='pgagent'
	    )
	)
	
2024-11-13 22:14:52.594 GMT [34] LOG:  AUDIT: SESSION,11,1,READ,SELECT,,,"SELECT
	    has_table_privilege(
	      'pgagent.pga_job', 'INSERT, SELECT, UPDATE'
	    ) has_priviledge
	WHERE EXISTS(
	    SELECT has_schema_privilege('pgagent', 'USAGE')
	    WHERE EXISTS(
	        SELECT cl.oid FROM pg_catalog.pg_class cl
	        LEFT JOIN pg_catalog.pg_namespace ns ON ns.oid=relnamespace
	        WHERE relname='pga_job' AND nspname='pgagent'
	    )
	)",<not logged>
2024-11-13 22:14:52.594 GMT [34] LOG:  duration: 2.943 ms
2024-11-13 22:14:52.599 GMT [34] LOG:  statement: SELECT CASE
	    WHEN (SELECT count(extname) FROM pg_catalog.pg_extension WHERE extname='bdr') > 0
	    THEN 'pgd'
	    WHEN (SELECT COUNT(*) FROM pg_replication_slots) > 0
	    THEN 'log'
	    ELSE NULL
	END as type;
2024-11-13 22:14:52.600 GMT [34] LOG:  AUDIT: SESSION,12,1,READ,SELECT,,,"SELECT CASE
	    WHEN (SELECT count(extname) FROM pg_catalog.pg_extension WHERE extname='bdr') > 0
	    THEN 'pgd'
	    WHEN (SELECT COUNT(*) FROM pg_replication_slots) > 0
	    THEN 'log'
	    ELSE NULL
	END as type",<not logged>
2024-11-13 22:14:52.600 GMT [34] LOG:  duration: 0.404 ms
2024-11-13 22:14:52.602 GMT [34] LOG:  statement: SELECT CASE
	    WHEN (SELECT count(extname) FROM pg_catalog.pg_extension WHERE extname='bdr') > 0
	    THEN 'pgd'
	    WHEN (SELECT COUNT(*) FROM pg_replication_slots) > 0
	    THEN 'log'
	    ELSE NULL
	END as type;
2024-11-13 22:14:52.602 GMT [34] LOG:  AUDIT: SESSION,13,1,READ,SELECT,,,"SELECT CASE
	    WHEN (SELECT count(extname) FROM pg_catalog.pg_extension WHERE extname='bdr') > 0
	    THEN 'pgd'
	    WHEN (SELECT COUNT(*) FROM pg_replication_slots) > 0
	    THEN 'log'
	    ELSE NULL
	END as type",<not logged>
2024-11-13 22:14:52.602 GMT [34] LOG:  duration: 0.632 ms
2024-11-13 22:14:52.675 GMT [34] LOG:  statement: /*pga4dash*/
	SELECT 'session_stats' AS chart_name, pg_catalog.row_to_json(t) AS chart_data
	FROM (SELECT
	   (SELECT count(*) FROM pg_catalog.pg_stat_activity) AS "Totales",
	   (SELECT count(*) FROM pg_catalog.pg_stat_activity WHERE state = 'active')  AS "Activa",
	   (SELECT count(*) FROM pg_catalog.pg_stat_activity WHERE state = 'idle')  AS "Inactiva"
	) t
	UNION ALL
	SELECT 'tps_stats' AS chart_name, pg_catalog.row_to_json(t) AS chart_data
	FROM (SELECT
	   (SELECT sum(xact_commit) + sum(xact_rollback) FROM pg_catalog.pg_stat_database) AS "Transacciones",
	   (SELECT sum(xact_commit) FROM pg_catalog.pg_stat_database) AS "Cometer",
	   (SELECT sum(xact_rollback) FROM pg_catalog.pg_stat_database) AS "Retroceder"
	) t
	UNION ALL
	SELECT 'ti_stats' AS chart_name, pg_catalog.row_to_json(t) AS chart_data
	FROM (SELECT
	   (SELECT sum(tup_inserted) FROM pg_catalog.pg_stat_database) AS "Insersiones",
	   (SELECT sum(tup_updated) FROM pg_catalog.pg_stat_database) AS "Actualizaciones",
	   (SELECT sum(tup_deleted) FROM pg_catalog.pg_stat_database) AS "Borrados"
	) t
	UNION ALL
	SELECT 'to_stats' AS chart_name, pg_catalog.row_to_json(t) AS chart_data
	FROM (SELECT
	   (SELECT sum(tup_fetched) FROM pg_catalog.pg_stat_database) AS "Recuperado",
	   (SELECT sum(tup_returned) FROM pg_catalog.pg_stat_database) AS "Retornado"
	) t
	UNION ALL
	SELECT 'bio_stats' AS chart_name, pg_catalog.row_to_json(t) AS chart_data
	FROM (SELECT
	   (SELECT sum(blks_read) FROM pg_catalog.pg_stat_database) AS "Leidas",
	   (SELECT sum(blks_hit) FROM pg_catalog.pg_stat_database) AS "Tocadas"
	) t
	
2024-11-13 22:14:52.686 GMT [34] LOG:  AUDIT: SESSION,14,1,READ,SELECT,,,"/*pga4dash*/
	SELECT 'session_stats' AS chart_name, pg_catalog.row_to_json(t) AS chart_data
	FROM (SELECT
	   (SELECT count(*) FROM pg_catalog.pg_stat_activity) AS ""Totales"",
	   (SELECT count(*) FROM pg_catalog.pg_stat_activity WHERE state = 'active')  AS ""Activa"",
	   (SELECT count(*) FROM pg_catalog.pg_stat_activity WHERE state = 'idle')  AS ""Inactiva""
	) t
	UNION ALL
	SELECT 'tps_stats' AS chart_name, pg_catalog.row_to_json(t) AS chart_data
	FROM (SELECT
	   (SELECT sum(xact_commit) + sum(xact_rollback) FROM pg_catalog.pg_stat_database) AS ""Transacciones"",
	   (SELECT sum(xact_commit) FROM pg_catalog.pg_stat_database) AS ""Cometer"",
	   (SELECT sum(xact_rollback) FROM pg_catalog.pg_stat_database) AS ""Retroceder""
	) t
	UNION ALL
	SELECT 'ti_stats' AS chart_name, pg_catalog.row_to_json(t) AS chart_data
	FROM (SELECT
	   (SELECT sum(tup_inserted) FROM pg_catalog.pg_stat_database) AS ""Insersiones"",
	   (SELECT sum(tup_updated) FROM pg_catalog.pg_stat_database) AS ""Actualizaciones"",
	   (SELECT sum(tup_deleted) FROM pg_catalog.pg_stat_database) AS ""Borrados""
	) t
	UNION ALL
	SELECT 'to_stats' AS chart_name, pg_catalog.row_to_json(t) AS chart_data
	FROM (SELECT
	   (SELECT sum(tup_fetched) FROM pg_catalog.pg_stat_database) AS ""Recuperado"",
	   (SELECT sum(tup_returned) FROM pg_catalog.pg_stat_database) AS ""Retornado""
	) t
	UNION ALL
	SELECT 'bio_stats' AS chart_name, pg_catalog.row_to_json(t) AS chart_data
	FROM (SELECT
	   (SELECT sum(blks_read) FROM pg_catalog.pg_stat_database) AS ""Leidas"",
	   (SELECT sum(blks_hit) FROM pg_catalog.pg_stat_database) AS ""Tocadas""
	) t",<not logged>
2024-11-13 22:14:52.688 GMT [34] LOG:  duration: 12.976 ms
2024-11-13 22:14:52.758 GMT [34] LOG:  statement: SELECT
	    db.oid as did, db.datname as name, ta.spcname as spcname, db.datallowconn,
	    db.datistemplate AS is_template,
	    pg_catalog.has_database_privilege(db.oid, 'CREATE') as cancreate, datdba as owner,
	    descr.description
	FROM
	    pg_catalog.pg_database db
	    LEFT OUTER JOIN pg_catalog.pg_tablespace ta ON db.dattablespace = ta.oid
	    LEFT OUTER JOIN pg_catalog.pg_shdescription descr ON (
	        db.oid=descr.objoid AND descr.classoid='pg_database'::regclass
	    )
	WHERE         db.oid > 16383::OID OR db.datname IN ('postgres', 'edb')
	
	ORDER BY datname;
2024-11-13 22:14:52.761 GMT [34] LOG:  AUDIT: SESSION,15,1,READ,SELECT,,,"SELECT
	    db.oid as did, db.datname as name, ta.spcname as spcname, db.datallowconn,
	    db.datistemplate AS is_template,
	    pg_catalog.has_database_privilege(db.oid, 'CREATE') as cancreate, datdba as owner,
	    descr.description
	FROM
	    pg_catalog.pg_database db
	    LEFT OUTER JOIN pg_catalog.pg_tablespace ta ON db.dattablespace = ta.oid
	    LEFT OUTER JOIN pg_catalog.pg_shdescription descr ON (
	        db.oid=descr.objoid AND descr.classoid='pg_database'::regclass
	    )
	WHERE         db.oid > 16383::OID OR db.datname IN ('postgres', 'edb')
	
	ORDER BY datname",<not logged>
2024-11-13 22:14:52.761 GMT [34] LOG:  duration: 3.261 ms
2024-11-13 22:14:52.796 GMT [34] LOG:  statement: 
	            SELECT COUNT(*) FROM pg_extension WHERE extname IN (
	                'edb_job_scheduler', 'dbms_scheduler') 
2024-11-13 22:14:52.797 GMT [34] LOG:  AUDIT: SESSION,16,1,READ,SELECT,,,"SELECT COUNT(*) FROM pg_extension WHERE extname IN (
	                'edb_job_scheduler', 'dbms_scheduler')",<not logged>
2024-11-13 22:14:52.797 GMT [34] LOG:  duration: 0.383 ms
2024-11-13 22:14:52.849 GMT [34] LOG:  statement: SELECT
	    nsp.oid,
	    nsp.nspname as name,
	    pg_catalog.has_schema_privilege(nsp.oid, 'CREATE') as can_create,
	    pg_catalog.has_schema_privilege(nsp.oid, 'USAGE') as has_usage,
	    des.description
	FROM
	    pg_catalog.pg_namespace nsp
	    LEFT OUTER JOIN pg_catalog.pg_description des ON
	        (des.objoid=nsp.oid AND des.classoid='pg_namespace'::regclass)
	WHERE
	             nspname NOT LIKE E'pg\\_%' AND
	            NOT (
	(nsp.nspname = 'pg_catalog' AND EXISTS
	        (SELECT 1 FROM pg_catalog.pg_class WHERE relname = 'pg_class' AND
	            relnamespace = nsp.oid LIMIT 1)) OR
	    (nsp.nspname = 'pgagent' AND EXISTS
	        (SELECT 1 FROM pg_catalog.pg_class WHERE relname = 'pga_job' AND
	            relnamespace = nsp.oid LIMIT 1)) OR
	    (nsp.nspname = 'information_schema' AND EXISTS
	        (SELECT 1 FROM pg_catalog.pg_class WHERE relname = 'tables' AND
	            relnamespace = nsp.oid LIMIT 1))
	    )
	
	    
	ORDER BY nspname;
2024-11-13 22:14:52.852 GMT [34] LOG:  AUDIT: SESSION,17,1,READ,SELECT,,,"SELECT
	    nsp.oid,
	    nsp.nspname as name,
	    pg_catalog.has_schema_privilege(nsp.oid, 'CREATE') as can_create,
	    pg_catalog.has_schema_privilege(nsp.oid, 'USAGE') as has_usage,
	    des.description
	FROM
	    pg_catalog.pg_namespace nsp
	    LEFT OUTER JOIN pg_catalog.pg_description des ON
	        (des.objoid=nsp.oid AND des.classoid='pg_namespace'::regclass)
	WHERE
	             nspname NOT LIKE E'pg\\_%' AND
	            NOT (
	(nsp.nspname = 'pg_catalog' AND EXISTS
	        (SELECT 1 FROM pg_catalog.pg_class WHERE relname = 'pg_class' AND
	            relnamespace = nsp.oid LIMIT 1)) OR
	    (nsp.nspname = 'pgagent' AND EXISTS
	        (SELECT 1 FROM pg_catalog.pg_class WHERE relname = 'pga_job' AND
	            relnamespace = nsp.oid LIMIT 1)) OR
	    (nsp.nspname = 'information_schema' AND EXISTS
	        (SELECT 1 FROM pg_catalog.pg_class WHERE relname = 'tables' AND
	            relnamespace = nsp.oid LIMIT 1))
	    )
	
	    
	ORDER BY nspname",<not logged>
2024-11-13 22:14:52.853 GMT [34] LOG:  duration: 4.571 ms
2024-11-13 22:14:52.893 GMT [34] LOG:  statement: SELECT
	    nsp.nspname as schema_name,
	    (nsp.nspname = 'pg_catalog' AND EXISTS
	        (SELECT 1 FROM pg_catalog.pg_class WHERE relname = 'pg_class' AND
	            relnamespace = nsp.oid LIMIT 1)) OR
	    (nsp.nspname = 'pgagent' AND EXISTS
	        (SELECT 1 FROM pg_catalog.pg_class WHERE relname = 'pga_job' AND
	            relnamespace = nsp.oid LIMIT 1)) OR
	    (nsp.nspname = 'information_schema' AND EXISTS
	        (SELECT 1 FROM pg_catalog.pg_class WHERE relname = 'tables' AND
	            relnamespace = nsp.oid LIMIT 1)) AS is_catalog,
	    CASE
	    WHEN nsp.nspname = ANY('{information_schema}')
	        THEN false
	    ELSE true END AS db_support
	FROM
	    pg_catalog.pg_namespace nsp
	WHERE
	    nsp.oid = 2200::OID;
2024-11-13 22:14:52.894 GMT [34] LOG:  AUDIT: SESSION,18,1,READ,SELECT,,,"SELECT
	    nsp.nspname as schema_name,
	    (nsp.nspname = 'pg_catalog' AND EXISTS
	        (SELECT 1 FROM pg_catalog.pg_class WHERE relname = 'pg_class' AND
	            relnamespace = nsp.oid LIMIT 1)) OR
	    (nsp.nspname = 'pgagent' AND EXISTS
	        (SELECT 1 FROM pg_catalog.pg_class WHERE relname = 'pga_job' AND
	            relnamespace = nsp.oid LIMIT 1)) OR
	    (nsp.nspname = 'information_schema' AND EXISTS
	        (SELECT 1 FROM pg_catalog.pg_class WHERE relname = 'tables' AND
	            relnamespace = nsp.oid LIMIT 1)) AS is_catalog,
	    CASE
	    WHEN nsp.nspname = ANY('{information_schema}')
	        THEN false
	    ELSE true END AS db_support
	FROM
	    pg_catalog.pg_namespace nsp
	WHERE
	    nsp.oid = 2200::OID",<not logged>
2024-11-13 22:14:52.894 GMT [34] LOG:  duration: 0.664 ms
2024-11-13 22:14:52.972 GMT [34] LOG:  statement: SELECT rel.oid, rel.relname AS name,
	    (SELECT count(*) FROM pg_catalog.pg_trigger WHERE tgrelid=rel.oid AND tgisinternal = FALSE) AS triggercount,
	    (SELECT count(*) FROM pg_catalog.pg_trigger WHERE tgrelid=rel.oid AND tgisinternal = FALSE AND tgenabled = 'O') AS has_enable_triggers,
	    (CASE WHEN rel.relkind = 'p' THEN true ELSE false END) AS is_partitioned,
	    (SELECT count(1) FROM pg_catalog.pg_inherits WHERE inhrelid=rel.oid LIMIT 1) as is_inherits,
	    (SELECT count(1) FROM pg_catalog.pg_inherits WHERE inhparent=rel.oid LIMIT 1) as is_inherited,
	    des.description
	FROM pg_catalog.pg_class rel
	    LEFT OUTER JOIN pg_catalog.pg_description des ON (des.objoid=rel.oid AND des.objsubid=0 AND des.classoid='pg_class'::regclass)
	    WHERE rel.relkind IN ('r','s','t','p') AND rel.relnamespace = 2200::oid
	    AND NOT rel.relispartition
	        ORDER BY rel.relname;
2024-11-13 22:14:52.975 GMT [34] LOG:  AUDIT: SESSION,19,1,READ,SELECT,,,"SELECT rel.oid, rel.relname AS name,
	    (SELECT count(*) FROM pg_catalog.pg_trigger WHERE tgrelid=rel.oid AND tgisinternal = FALSE) AS triggercount,
	    (SELECT count(*) FROM pg_catalog.pg_trigger WHERE tgrelid=rel.oid AND tgisinternal = FALSE AND tgenabled = 'O') AS has_enable_triggers,
	    (CASE WHEN rel.relkind = 'p' THEN true ELSE false END) AS is_partitioned,
	    (SELECT count(1) FROM pg_catalog.pg_inherits WHERE inhrelid=rel.oid LIMIT 1) as is_inherits,
	    (SELECT count(1) FROM pg_catalog.pg_inherits WHERE inhparent=rel.oid LIMIT 1) as is_inherited,
	    des.description
	FROM pg_catalog.pg_class rel
	    LEFT OUTER JOIN pg_catalog.pg_description des ON (des.objoid=rel.oid AND des.objsubid=0 AND des.classoid='pg_class'::regclass)
	    WHERE rel.relkind IN ('r','s','t','p') AND rel.relnamespace = 2200::oid
	    AND NOT rel.relispartition
	        ORDER BY rel.relname",<not logged>
2024-11-13 22:14:52.976 GMT [34] LOG:  duration: 3.871 ms
2024-11-13 22:14:53.037 GMT [34] LOG:  statement: /*pga4dash*/
	SELECT 'session_stats' AS chart_name, pg_catalog.row_to_json(t) AS chart_data
	FROM (SELECT
	   (SELECT count(*) FROM pg_catalog.pg_stat_activity WHERE datname = (SELECT datname FROM pg_catalog.pg_database WHERE oid = 5)) AS "Totales",
	   (SELECT count(*) FROM pg_catalog.pg_stat_activity WHERE state = 'active' AND datname = (SELECT datname FROM pg_catalog.pg_database WHERE oid = 5))  AS "Activa",
	   (SELECT count(*) FROM pg_catalog.pg_stat_activity WHERE state = 'idle' AND datname = (SELECT datname FROM pg_catalog.pg_database WHERE oid = 5))  AS "Inactiva"
	) t
	UNION ALL
	SELECT 'tps_stats' AS chart_name, pg_catalog.row_to_json(t) AS chart_data
	FROM (SELECT
	   (SELECT sum(xact_commit) + sum(xact_rollback) FROM pg_catalog.pg_stat_database WHERE datname = (SELECT datname FROM pg_catalog.pg_database WHERE oid = 5)) AS "Transacciones",
	   (SELECT sum(xact_commit) FROM pg_catalog.pg_stat_database WHERE datname = (SELECT datname FROM pg_catalog.pg_database WHERE oid = 5)) AS "Cometer",
	   (SELECT sum(xact_rollback) FROM pg_catalog.pg_stat_database WHERE datname = (SELECT datname FROM pg_catalog.pg_database WHERE oid = 5)) AS "Retroceder"
	) t
	UNION ALL
	SELECT 'ti_stats' AS chart_name, pg_catalog.row_to_json(t) AS chart_data
	FROM (SELECT
	   (SELECT sum(tup_inserted) FROM pg_catalog.pg_stat_database WHERE datname = (SELECT datname FROM pg_catalog.pg_database WHERE oid = 5)) AS "Insersiones",
	   (SELECT sum(tup_updated) FROM pg_catalog.pg_stat_database WHERE datname = (SELECT datname FROM pg_catalog.pg_database WHERE oid = 5)) AS "Actualizaciones",
	   (SELECT sum(tup_deleted) FROM pg_catalog.pg_stat_database WHERE datname = (SELECT datname FROM pg_catalog.pg_database WHERE oid = 5)) AS "Borrados"
	) t
	UNION ALL
	SELECT 'to_stats' AS chart_name, pg_catalog.row_to_json(t) AS chart_data
	FROM (SELECT
	   (SELECT sum(tup_fetched) FROM pg_catalog.pg_stat_database WHERE datname = (SELECT datname FROM pg_catalog.pg_database WHERE oid = 5)) AS "Recuperado",
	   (SELECT sum(tup_returned) FROM pg_catalog.pg_stat_database WHERE datname = (SELECT datname FROM pg_catalog.pg_database WHERE oid = 5)) AS "Retornado"
	) t
	UNION ALL
	SELECT 'bio_stats' AS chart_name, pg_catalog.row_to_json(t) AS chart_data
	FROM (SELECT
	   (SELECT sum(blks_read) FROM pg_catalog.pg_stat_database WHERE datname = (SELECT datname FROM pg_catalog.pg_database WHERE oid = 5)) AS "Leidas",
	   (SELECT sum(blks_hit) FROM pg_catalog.pg_stat_database WHERE datname = (SELECT datname FROM pg_catalog.pg_database WHERE oid = 5)) AS "Tocadas"
	) t
	
2024-11-13 22:14:53.045 GMT [34] LOG:  AUDIT: SESSION,20,1,READ,SELECT,,,"/*pga4dash*/
	SELECT 'session_stats' AS chart_name, pg_catalog.row_to_json(t) AS chart_data
	FROM (SELECT
	   (SELECT count(*) FROM pg_catalog.pg_stat_activity WHERE datname = (SELECT datname FROM pg_catalog.pg_database WHERE oid = 5)) AS ""Totales"",
	   (SELECT count(*) FROM pg_catalog.pg_stat_activity WHERE state = 'active' AND datname = (SELECT datname FROM pg_catalog.pg_database WHERE oid = 5))  AS ""Activa"",
	   (SELECT count(*) FROM pg_catalog.pg_stat_activity WHERE state = 'idle' AND datname = (SELECT datname FROM pg_catalog.pg_database WHERE oid = 5))  AS ""Inactiva""
	) t
	UNION ALL
	SELECT 'tps_stats' AS chart_name, pg_catalog.row_to_json(t) AS chart_data
	FROM (SELECT
	   (SELECT sum(xact_commit) + sum(xact_rollback) FROM pg_catalog.pg_stat_database WHERE datname = (SELECT datname FROM pg_catalog.pg_database WHERE oid = 5)) AS ""Transacciones"",
	   (SELECT sum(xact_commit) FROM pg_catalog.pg_stat_database WHERE datname = (SELECT datname FROM pg_catalog.pg_database WHERE oid = 5)) AS ""Cometer"",
	   (SELECT sum(xact_rollback) FROM pg_catalog.pg_stat_database WHERE datname = (SELECT datname FROM pg_catalog.pg_database WHERE oid = 5)) AS ""Retroceder""
	) t
	UNION ALL
	SELECT 'ti_stats' AS chart_name, pg_catalog.row_to_json(t) AS chart_data
	FROM (SELECT
	   (SELECT sum(tup_inserted) FROM pg_catalog.pg_stat_database WHERE datname = (SELECT datname FROM pg_catalog.pg_database WHERE oid = 5)) AS ""Insersiones"",
	   (SELECT sum(tup_updated) FROM pg_catalog.pg_stat_database WHERE datname = (SELECT datname FROM pg_catalog.pg_database WHERE oid = 5)) AS ""Actualizaciones"",
	   (SELECT sum(tup_deleted) FROM pg_catalog.pg_stat_database WHERE datname = (SELECT datname FROM pg_catalog.pg_database WHERE oid = 5)) AS ""Borrados""
	) t
	UNION ALL
	SELECT 'to_stats' AS chart_name, pg_catalog.row_to_json(t) AS chart_data
	FROM (SELECT
	   (SELECT sum(tup_fetched) FROM pg_catalog.pg_stat_database WHERE datname = (SELECT datname FROM pg_catalog.pg_database WHERE oid = 5)) AS ""Recuperado"",
	   (SELECT sum(tup_returned) FROM pg_catalog.pg_stat_database WHERE datname = (SELECT datname FROM pg_catalog.pg_database WHERE oid = 5)) AS ""Retornado""
	) t
	UNION ALL
	SELECT 'bio_stats' AS chart_name, pg_catalog.row_to_json(t) AS chart_data
	FROM (SELECT
	   (SELECT sum(blks_read) FROM pg_catalog.pg_stat_database WHERE datname = (SELECT datname FROM pg_catalog.pg_database WHERE oid = 5)) AS ""Leidas"",
	   (SELECT sum(blks_hit) FROM pg_catalog.pg_stat_database WHERE datname = (SELECT datname FROM pg_catalog.pg_database WHERE oid = 5)) AS ""Tocadas""
	) t",<not logged>
2024-11-13 22:14:53.046 GMT [34] LOG:  duration: 9.337 ms
2024-11-13 22:15:31.453 GMT [35] LOG:  statement: SET DateStyle=ISO; SET client_min_messages=notice; SELECT set_config('bytea_output','hex',false) FROM pg_show_all_settings() WHERE name = 'bytea_output'; SET client_encoding='utf-8';
2024-11-13 22:15:31.453 GMT [35] LOG:  AUDIT: SESSION,1,1,MISC,SET,,,SET DateStyle=ISO,<not logged>
2024-11-13 22:15:31.453 GMT [35] LOG:  AUDIT: SESSION,2,1,MISC,SET,,,SET client_min_messages=notice,<not logged>
2024-11-13 22:15:31.453 GMT [35] LOG:  AUDIT: SESSION,3,1,READ,SELECT,,,"SELECT set_config('bytea_output','hex',false) FROM pg_show_all_settings() WHERE name = 'bytea_output'",<not logged>
2024-11-13 22:15:31.455 GMT [35] LOG:  AUDIT: SESSION,4,1,MISC,SET,,,SET client_encoding='utf-8',<not logged>
2024-11-13 22:15:31.455 GMT [35] LOG:  duration: 1.946 ms
2024-11-13 22:15:31.455 GMT [35] LOG:  statement: SELECT version()
2024-11-13 22:15:31.455 GMT [35] LOG:  AUDIT: SESSION,5,1,READ,SELECT,,,SELECT version(),<not logged>
2024-11-13 22:15:31.455 GMT [35] LOG:  duration: 0.187 ms
2024-11-13 22:15:31.456 GMT [35] LOG:  statement: 
	SELECT
	    db.oid as did, db.datname, db.datallowconn,
	    pg_encoding_to_char(db.encoding) AS serverencoding,
	    has_database_privilege(db.oid, 'CREATE') as cancreate,
	    datistemplate
	FROM
	    pg_catalog.pg_database db
	WHERE db.datname = current_database()
2024-11-13 22:15:31.457 GMT [35] LOG:  AUDIT: SESSION,6,1,READ,SELECT,,,"SELECT
	    db.oid as did, db.datname, db.datallowconn,
	    pg_encoding_to_char(db.encoding) AS serverencoding,
	    has_database_privilege(db.oid, 'CREATE') as cancreate,
	    datistemplate
	FROM
	    pg_catalog.pg_database db
	WHERE db.datname = current_database()",<not logged>
2024-11-13 22:15:31.457 GMT [35] LOG:  duration: 1.571 ms
2024-11-13 22:15:31.458 GMT [35] LOG:  statement: 
	        SELECT
	             gss_authenticated, encrypted
	        FROM
	            pg_catalog.pg_stat_gssapi
	        WHERE pid = pg_backend_pid()
2024-11-13 22:15:31.459 GMT [35] LOG:  AUDIT: SESSION,7,1,READ,SELECT,,,"SELECT
	             gss_authenticated, encrypted
	        FROM
	            pg_catalog.pg_stat_gssapi
	        WHERE pid = pg_backend_pid()",<not logged>
2024-11-13 22:15:31.459 GMT [35] LOG:  duration: 1.222 ms
2024-11-13 22:15:31.461 GMT [35] LOG:  statement: 
	        SELECT
	            roles.oid as id, roles.rolname as name,
	            roles.rolsuper as is_superuser,
	            CASE WHEN roles.rolsuper THEN true ELSE roles.rolcreaterole END as
	            can_create_role,
	            CASE WHEN roles.rolsuper THEN true
	            ELSE roles.rolcreatedb END as can_create_db,
	            CASE WHEN 'pg_signal_backend'=ANY(ARRAY(WITH RECURSIVE cte AS (
	            SELECT pg_roles.oid,pg_roles.rolname FROM pg_roles
	                WHERE pg_roles.oid = roles.oid
	            UNION ALL
	            SELECT m.roleid,pgr.rolname FROM cte cte_1
	                JOIN pg_auth_members m ON m.member = cte_1.oid
	                JOIN pg_roles pgr ON pgr.oid = m.roleid)
	            SELECT rolname  FROM cte)) THEN True
	            ELSE False END as can_signal_backend
	        FROM
	            pg_catalog.pg_roles as roles
	        WHERE
	            rolname = current_user
2024-11-13 22:15:31.462 GMT [35] LOG:  AUDIT: SESSION,8,1,READ,SELECT,,,"SELECT
	            roles.oid as id, roles.rolname as name,
	            roles.rolsuper as is_superuser,
	            CASE WHEN roles.rolsuper THEN true ELSE roles.rolcreaterole END as
	            can_create_role,
	            CASE WHEN roles.rolsuper THEN true
	            ELSE roles.rolcreatedb END as can_create_db,
	            CASE WHEN 'pg_signal_backend'=ANY(ARRAY(WITH RECURSIVE cte AS (
	            SELECT pg_roles.oid,pg_roles.rolname FROM pg_roles
	                WHERE pg_roles.oid = roles.oid
	            UNION ALL
	            SELECT m.roleid,pgr.rolname FROM cte cte_1
	                JOIN pg_auth_members m ON m.member = cte_1.oid
	                JOIN pg_roles pgr ON pgr.oid = m.roleid)
	            SELECT rolname  FROM cte)) THEN True
	            ELSE False END as can_signal_backend
	        FROM
	            pg_catalog.pg_roles as roles
	        WHERE
	            rolname = current_user",<not logged>
2024-11-13 22:15:31.463 GMT [35] LOG:  duration: 2.163 ms
2024-11-13 22:15:31.464 GMT [35] LOG:  statement: SELECT CASE
	    WHEN (SELECT count(extname) FROM pg_catalog.pg_extension WHERE extname='bdr') > 0
	    THEN 'pgd'
	    WHEN (SELECT COUNT(*) FROM pg_replication_slots) > 0
	    THEN 'log'
	    ELSE NULL
	END as type;
2024-11-13 22:15:31.465 GMT [35] LOG:  AUDIT: SESSION,9,1,READ,SELECT,,,"SELECT CASE
	    WHEN (SELECT count(extname) FROM pg_catalog.pg_extension WHERE extname='bdr') > 0
	    THEN 'pgd'
	    WHEN (SELECT COUNT(*) FROM pg_replication_slots) > 0
	    THEN 'log'
	    ELSE NULL
	END as type",<not logged>
2024-11-13 22:15:31.465 GMT [35] LOG:  duration: 0.858 ms
2024-11-13 22:15:31.587 GMT [35] LOG:  statement: /*pga4dash*/
	SELECT 'session_stats' AS chart_name, pg_catalog.row_to_json(t) AS chart_data
	FROM (SELECT
	   (SELECT count(*) FROM pg_catalog.pg_stat_activity) AS "Totales",
	   (SELECT count(*) FROM pg_catalog.pg_stat_activity WHERE state = 'active')  AS "Activa",
	   (SELECT count(*) FROM pg_catalog.pg_stat_activity WHERE state = 'idle')  AS "Inactiva"
	) t
	UNION ALL
	SELECT 'tps_stats' AS chart_name, pg_catalog.row_to_json(t) AS chart_data
	FROM (SELECT
	   (SELECT sum(xact_commit) + sum(xact_rollback) FROM pg_catalog.pg_stat_database) AS "Transacciones",
	   (SELECT sum(xact_commit) FROM pg_catalog.pg_stat_database) AS "Cometer",
	   (SELECT sum(xact_rollback) FROM pg_catalog.pg_stat_database) AS "Retroceder"
	) t
	UNION ALL
	SELECT 'ti_stats' AS chart_name, pg_catalog.row_to_json(t) AS chart_data
	FROM (SELECT
	   (SELECT sum(tup_inserted) FROM pg_catalog.pg_stat_database) AS "Insersiones",
	   (SELECT sum(tup_updated) FROM pg_catalog.pg_stat_database) AS "Actualizaciones",
	   (SELECT sum(tup_deleted) FROM pg_catalog.pg_stat_database) AS "Borrados"
	) t
	UNION ALL
	SELECT 'to_stats' AS chart_name, pg_catalog.row_to_json(t) AS chart_data
	FROM (SELECT
	   (SELECT sum(tup_fetched) FROM pg_catalog.pg_stat_database) AS "Recuperado",
	   (SELECT sum(tup_returned) FROM pg_catalog.pg_stat_database) AS "Retornado"
	) t
	UNION ALL
	SELECT 'bio_stats' AS chart_name, pg_catalog.row_to_json(t) AS chart_data
	FROM (SELECT
	   (SELECT sum(blks_read) FROM pg_catalog.pg_stat_database) AS "Leidas",
	   (SELECT sum(blks_hit) FROM pg_catalog.pg_stat_database) AS "Tocadas"
	) t
	
2024-11-13 22:15:31.595 GMT [35] LOG:  AUDIT: SESSION,10,1,READ,SELECT,,,"/*pga4dash*/
	SELECT 'session_stats' AS chart_name, pg_catalog.row_to_json(t) AS chart_data
	FROM (SELECT
	   (SELECT count(*) FROM pg_catalog.pg_stat_activity) AS ""Totales"",
	   (SELECT count(*) FROM pg_catalog.pg_stat_activity WHERE state = 'active')  AS ""Activa"",
	   (SELECT count(*) FROM pg_catalog.pg_stat_activity WHERE state = 'idle')  AS ""Inactiva""
	) t
	UNION ALL
	SELECT 'tps_stats' AS chart_name, pg_catalog.row_to_json(t) AS chart_data
	FROM (SELECT
	   (SELECT sum(xact_commit) + sum(xact_rollback) FROM pg_catalog.pg_stat_database) AS ""Transacciones"",
	   (SELECT sum(xact_commit) FROM pg_catalog.pg_stat_database) AS ""Cometer"",
	   (SELECT sum(xact_rollback) FROM pg_catalog.pg_stat_database) AS ""Retroceder""
	) t
	UNION ALL
	SELECT 'ti_stats' AS chart_name, pg_catalog.row_to_json(t) AS chart_data
	FROM (SELECT
	   (SELECT sum(tup_inserted) FROM pg_catalog.pg_stat_database) AS ""Insersiones"",
	   (SELECT sum(tup_updated) FROM pg_catalog.pg_stat_database) AS ""Actualizaciones"",
	   (SELECT sum(tup_deleted) FROM pg_catalog.pg_stat_database) AS ""Borrados""
	) t
	UNION ALL
	SELECT 'to_stats' AS chart_name, pg_catalog.row_to_json(t) AS chart_data
	FROM (SELECT
	   (SELECT sum(tup_fetched) FROM pg_catalog.pg_stat_database) AS ""Recuperado"",
	   (SELECT sum(tup_returned) FROM pg_catalog.pg_stat_database) AS ""Retornado""
	) t
	UNION ALL
	SELECT 'bio_stats' AS chart_name, pg_catalog.row_to_json(t) AS chart_data
	FROM (SELECT
	   (SELECT sum(blks_read) FROM pg_catalog.pg_stat_database) AS ""Leidas"",
	   (SELECT sum(blks_hit) FROM pg_catalog.pg_stat_database) AS ""Tocadas""
	) t",<not logged>
2024-11-13 22:15:31.596 GMT [35] LOG:  duration: 9.691 ms
2024-11-13 22:15:35.319 GMT [34] LOG:  statement: /*pga4dash*/
	SELECT 'session_stats' AS chart_name, pg_catalog.row_to_json(t) AS chart_data
	FROM (SELECT
	   (SELECT count(*) FROM pg_catalog.pg_stat_activity) AS "Totales",
	   (SELECT count(*) FROM pg_catalog.pg_stat_activity WHERE state = 'active')  AS "Activa",
	   (SELECT count(*) FROM pg_catalog.pg_stat_activity WHERE state = 'idle')  AS "Inactiva"
	) t
	UNION ALL
	SELECT 'tps_stats' AS chart_name, pg_catalog.row_to_json(t) AS chart_data
	FROM (SELECT
	   (SELECT sum(xact_commit) + sum(xact_rollback) FROM pg_catalog.pg_stat_database) AS "Transacciones",
	   (SELECT sum(xact_commit) FROM pg_catalog.pg_stat_database) AS "Cometer",
	   (SELECT sum(xact_rollback) FROM pg_catalog.pg_stat_database) AS "Retroceder"
	) t
	UNION ALL
	SELECT 'ti_stats' AS chart_name, pg_catalog.row_to_json(t) AS chart_data
	FROM (SELECT
	   (SELECT sum(tup_inserted) FROM pg_catalog.pg_stat_database) AS "Insersiones",
	   (SELECT sum(tup_updated) FROM pg_catalog.pg_stat_database) AS "Actualizaciones",
	   (SELECT sum(tup_deleted) FROM pg_catalog.pg_stat_database) AS "Borrados"
	) t
	UNION ALL
	SELECT 'to_stats' AS chart_name, pg_catalog.row_to_json(t) AS chart_data
	FROM (SELECT
	   (SELECT sum(tup_fetched) FROM pg_catalog.pg_stat_database) AS "Recuperado",
	   (SELECT sum(tup_returned) FROM pg_catalog.pg_stat_database) AS "Retornado"
	) t
	UNION ALL
	SELECT 'bio_stats' AS chart_name, pg_catalog.row_to_json(t) AS chart_data
	FROM (SELECT
	   (SELECT sum(blks_read) FROM pg_catalog.pg_stat_database) AS "Leidas",
	   (SELECT sum(blks_hit) FROM pg_catalog.pg_stat_database) AS "Tocadas"
	) t
	
2024-11-13 22:15:35.323 GMT [34] LOG:  AUDIT: SESSION,21,1,READ,SELECT,,,"/*pga4dash*/
	SELECT 'session_stats' AS chart_name, pg_catalog.row_to_json(t) AS chart_data
	FROM (SELECT
	   (SELECT count(*) FROM pg_catalog.pg_stat_activity) AS ""Totales"",
	   (SELECT count(*) FROM pg_catalog.pg_stat_activity WHERE state = 'active')  AS ""Activa"",
	   (SELECT count(*) FROM pg_catalog.pg_stat_activity WHERE state = 'idle')  AS ""Inactiva""
	) t
	UNION ALL
	SELECT 'tps_stats' AS chart_name, pg_catalog.row_to_json(t) AS chart_data
	FROM (SELECT
	   (SELECT sum(xact_commit) + sum(xact_rollback) FROM pg_catalog.pg_stat_database) AS ""Transacciones"",
	   (SELECT sum(xact_commit) FROM pg_catalog.pg_stat_database) AS ""Cometer"",
	   (SELECT sum(xact_rollback) FROM pg_catalog.pg_stat_database) AS ""Retroceder""
	) t
	UNION ALL
	SELECT 'ti_stats' AS chart_name, pg_catalog.row_to_json(t) AS chart_data
	FROM (SELECT
	   (SELECT sum(tup_inserted) FROM pg_catalog.pg_stat_database) AS ""Insersiones"",
	   (SELECT sum(tup_updated) FROM pg_catalog.pg_stat_database) AS ""Actualizaciones"",
	   (SELECT sum(tup_deleted) FROM pg_catalog.pg_stat_database) AS ""Borrados""
	) t
	UNION ALL
	SELECT 'to_stats' AS chart_name, pg_catalog.row_to_json(t) AS chart_data
	FROM (SELECT
	   (SELECT sum(tup_fetched) FROM pg_catalog.pg_stat_database) AS ""Recuperado"",
	   (SELECT sum(tup_returned) FROM pg_catalog.pg_stat_database) AS ""Retornado""
	) t
	UNION ALL
	SELECT 'bio_stats' AS chart_name, pg_catalog.row_to_json(t) AS chart_data
	FROM (SELECT
	   (SELECT sum(blks_read) FROM pg_catalog.pg_stat_database) AS ""Leidas"",
	   (SELECT sum(blks_hit) FROM pg_catalog.pg_stat_database) AS ""Tocadas""
	) t",<not logged>
2024-11-13 22:15:35.324 GMT [34] LOG:  duration: 6.116 ms
2024-11-13 22:15:36.258 GMT [35] LOG:  statement: /*pga4dash*/
	SELECT 'session_stats' AS chart_name, pg_catalog.row_to_json(t) AS chart_data
	FROM (SELECT
	   (SELECT count(*) FROM pg_catalog.pg_stat_activity) AS "Totales",
	   (SELECT count(*) FROM pg_catalog.pg_stat_activity WHERE state = 'active')  AS "Activa",
	   (SELECT count(*) FROM pg_catalog.pg_stat_activity WHERE state = 'idle')  AS "Inactiva"
	) t
	UNION ALL
	SELECT 'tps_stats' AS chart_name, pg_catalog.row_to_json(t) AS chart_data
	FROM (SELECT
	   (SELECT sum(xact_commit) + sum(xact_rollback) FROM pg_catalog.pg_stat_database) AS "Transacciones",
	   (SELECT sum(xact_commit) FROM pg_catalog.pg_stat_database) AS "Cometer",
	   (SELECT sum(xact_rollback) FROM pg_catalog.pg_stat_database) AS "Retroceder"
	) t
	UNION ALL
	SELECT 'ti_stats' AS chart_name, pg_catalog.row_to_json(t) AS chart_data
	FROM (SELECT
	   (SELECT sum(tup_inserted) FROM pg_catalog.pg_stat_database) AS "Insersiones",
	   (SELECT sum(tup_updated) FROM pg_catalog.pg_stat_database) AS "Actualizaciones",
	   (SELECT sum(tup_deleted) FROM pg_catalog.pg_stat_database) AS "Borrados"
	) t
	UNION ALL
	SELECT 'to_stats' AS chart_name, pg_catalog.row_to_json(t) AS chart_data
	FROM (SELECT
	   (SELECT sum(tup_fetched) FROM pg_catalog.pg_stat_database) AS "Recuperado",
	   (SELECT sum(tup_returned) FROM pg_catalog.pg_stat_database) AS "Retornado"
	) t
	UNION ALL
	SELECT 'bio_stats' AS chart_name, pg_catalog.row_to_json(t) AS chart_data
	FROM (SELECT
	   (SELECT sum(blks_read) FROM pg_catalog.pg_stat_database) AS "Leidas",
	   (SELECT sum(blks_hit) FROM pg_catalog.pg_stat_database) AS "Tocadas"
	) t
	
2024-11-13 22:15:36.266 GMT [35] LOG:  AUDIT: SESSION,11,1,READ,SELECT,,,"/*pga4dash*/
	SELECT 'session_stats' AS chart_name, pg_catalog.row_to_json(t) AS chart_data
	FROM (SELECT
	   (SELECT count(*) FROM pg_catalog.pg_stat_activity) AS ""Totales"",
	   (SELECT count(*) FROM pg_catalog.pg_stat_activity WHERE state = 'active')  AS ""Activa"",
	   (SELECT count(*) FROM pg_catalog.pg_stat_activity WHERE state = 'idle')  AS ""Inactiva""
	) t
	UNION ALL
	SELECT 'tps_stats' AS chart_name, pg_catalog.row_to_json(t) AS chart_data
	FROM (SELECT
	   (SELECT sum(xact_commit) + sum(xact_rollback) FROM pg_catalog.pg_stat_database) AS ""Transacciones"",
	   (SELECT sum(xact_commit) FROM pg_catalog.pg_stat_database) AS ""Cometer"",
	   (SELECT sum(xact_rollback) FROM pg_catalog.pg_stat_database) AS ""Retroceder""
	) t
	UNION ALL
	SELECT 'ti_stats' AS chart_name, pg_catalog.row_to_json(t) AS chart_data
	FROM (SELECT
	   (SELECT sum(tup_inserted) FROM pg_catalog.pg_stat_database) AS ""Insersiones"",
	   (SELECT sum(tup_updated) FROM pg_catalog.pg_stat_database) AS ""Actualizaciones"",
	   (SELECT sum(tup_deleted) FROM pg_catalog.pg_stat_database) AS ""Borrados""
	) t
	UNION ALL
	SELECT 'to_stats' AS chart_name, pg_catalog.row_to_json(t) AS chart_data
	FROM (SELECT
	   (SELECT sum(tup_fetched) FROM pg_catalog.pg_stat_database) AS ""Recuperado"",
	   (SELECT sum(tup_returned) FROM pg_catalog.pg_stat_database) AS ""Retornado""
	) t
	UNION ALL
	SELECT 'bio_stats' AS chart_name, pg_catalog.row_to_json(t) AS chart_data
	FROM (SELECT
	   (SELECT sum(blks_read) FROM pg_catalog.pg_stat_database) AS ""Leidas"",
	   (SELECT sum(blks_hit) FROM pg_catalog.pg_stat_database) AS ""Tocadas""
	) t",<not logged>
2024-11-13 22:15:36.267 GMT [35] LOG:  duration: 8.938 ms
2024-11-13 22:15:37.405 GMT [35] LOG:  statement: 
	SELECT
	    has_table_privilege(
	      'pgagent.pga_job', 'INSERT, SELECT, UPDATE'
	    ) has_priviledge
	WHERE EXISTS(
	    SELECT has_schema_privilege('pgagent', 'USAGE')
	    WHERE EXISTS(
	        SELECT cl.oid FROM pg_catalog.pg_class cl
	        LEFT JOIN pg_catalog.pg_namespace ns ON ns.oid=relnamespace
	        WHERE relname='pga_job' AND nspname='pgagent'
	    )
	)
	
2024-11-13 22:15:37.406 GMT [35] LOG:  AUDIT: SESSION,12,1,READ,SELECT,,,"SELECT
	    has_table_privilege(
	      'pgagent.pga_job', 'INSERT, SELECT, UPDATE'
	    ) has_priviledge
	WHERE EXISTS(
	    SELECT has_schema_privilege('pgagent', 'USAGE')
	    WHERE EXISTS(
	        SELECT cl.oid FROM pg_catalog.pg_class cl
	        LEFT JOIN pg_catalog.pg_namespace ns ON ns.oid=relnamespace
	        WHERE relname='pga_job' AND nspname='pgagent'
	    )
	)",<not logged>
2024-11-13 22:15:37.406 GMT [35] LOG:  duration: 0.643 ms
2024-11-13 22:15:37.411 GMT [35] LOG:  statement: SELECT CASE
	    WHEN (SELECT count(extname) FROM pg_catalog.pg_extension WHERE extname='bdr') > 0
	    THEN 'pgd'
	    WHEN (SELECT COUNT(*) FROM pg_replication_slots) > 0
	    THEN 'log'
	    ELSE NULL
	END as type;
2024-11-13 22:15:37.411 GMT [35] LOG:  AUDIT: SESSION,13,1,READ,SELECT,,,"SELECT CASE
	    WHEN (SELECT count(extname) FROM pg_catalog.pg_extension WHERE extname='bdr') > 0
	    THEN 'pgd'
	    WHEN (SELECT COUNT(*) FROM pg_replication_slots) > 0
	    THEN 'log'
	    ELSE NULL
	END as type",<not logged>
2024-11-13 22:15:37.411 GMT [35] LOG:  duration: 0.450 ms
2024-11-13 22:15:37.413 GMT [35] LOG:  statement: SELECT CASE
	    WHEN (SELECT count(extname) FROM pg_catalog.pg_extension WHERE extname='bdr') > 0
	    THEN 'pgd'
	    WHEN (SELECT COUNT(*) FROM pg_replication_slots) > 0
	    THEN 'log'
	    ELSE NULL
	END as type;
2024-11-13 22:15:37.413 GMT [35] LOG:  AUDIT: SESSION,14,1,READ,SELECT,,,"SELECT CASE
	    WHEN (SELECT count(extname) FROM pg_catalog.pg_extension WHERE extname='bdr') > 0
	    THEN 'pgd'
	    WHEN (SELECT COUNT(*) FROM pg_replication_slots) > 0
	    THEN 'log'
	    ELSE NULL
	END as type",<not logged>
2024-11-13 22:15:37.413 GMT [35] LOG:  duration: 0.411 ms
2024-11-13 22:15:38.392 GMT [35] LOG:  statement: SELECT
	    db.oid as did, db.datname as name, ta.spcname as spcname, db.datallowconn,
	    db.datistemplate AS is_template,
	    pg_catalog.has_database_privilege(db.oid, 'CREATE') as cancreate, datdba as owner,
	    descr.description
	FROM
	    pg_catalog.pg_database db
	    LEFT OUTER JOIN pg_catalog.pg_tablespace ta ON db.dattablespace = ta.oid
	    LEFT OUTER JOIN pg_catalog.pg_shdescription descr ON (
	        db.oid=descr.objoid AND descr.classoid='pg_database'::regclass
	    )
	WHERE         db.oid > 16383::OID OR db.datname IN ('postgres', 'edb')
	
	ORDER BY datname;
2024-11-13 22:15:38.393 GMT [35] LOG:  AUDIT: SESSION,15,1,READ,SELECT,,,"SELECT
	    db.oid as did, db.datname as name, ta.spcname as spcname, db.datallowconn,
	    db.datistemplate AS is_template,
	    pg_catalog.has_database_privilege(db.oid, 'CREATE') as cancreate, datdba as owner,
	    descr.description
	FROM
	    pg_catalog.pg_database db
	    LEFT OUTER JOIN pg_catalog.pg_tablespace ta ON db.dattablespace = ta.oid
	    LEFT OUTER JOIN pg_catalog.pg_shdescription descr ON (
	        db.oid=descr.objoid AND descr.classoid='pg_database'::regclass
	    )
	WHERE         db.oid > 16383::OID OR db.datname IN ('postgres', 'edb')
	
	ORDER BY datname",<not logged>
2024-11-13 22:15:38.393 GMT [35] LOG:  duration: 1.298 ms
2024-11-13 22:15:38.634 GMT [35] LOG:  statement: 
	            SELECT COUNT(*) FROM pg_extension WHERE extname IN (
	                'edb_job_scheduler', 'dbms_scheduler') 
2024-11-13 22:15:38.635 GMT [35] LOG:  AUDIT: SESSION,16,1,READ,SELECT,,,"SELECT COUNT(*) FROM pg_extension WHERE extname IN (
	                'edb_job_scheduler', 'dbms_scheduler')",<not logged>
2024-11-13 22:15:38.635 GMT [35] LOG:  duration: 0.311 ms
2024-11-13 22:15:38.649 GMT [35] LOG:  statement: /*pga4dash*/
	SELECT 'session_stats' AS chart_name, pg_catalog.row_to_json(t) AS chart_data
	FROM (SELECT
	   (SELECT count(*) FROM pg_catalog.pg_stat_activity WHERE datname = (SELECT datname FROM pg_catalog.pg_database WHERE oid = 5)) AS "Totales",
	   (SELECT count(*) FROM pg_catalog.pg_stat_activity WHERE state = 'active' AND datname = (SELECT datname FROM pg_catalog.pg_database WHERE oid = 5))  AS "Activa",
	   (SELECT count(*) FROM pg_catalog.pg_stat_activity WHERE state = 'idle' AND datname = (SELECT datname FROM pg_catalog.pg_database WHERE oid = 5))  AS "Inactiva"
	) t
	UNION ALL
	SELECT 'tps_stats' AS chart_name, pg_catalog.row_to_json(t) AS chart_data
	FROM (SELECT
	   (SELECT sum(xact_commit) + sum(xact_rollback) FROM pg_catalog.pg_stat_database WHERE datname = (SELECT datname FROM pg_catalog.pg_database WHERE oid = 5)) AS "Transacciones",
	   (SELECT sum(xact_commit) FROM pg_catalog.pg_stat_database WHERE datname = (SELECT datname FROM pg_catalog.pg_database WHERE oid = 5)) AS "Cometer",
	   (SELECT sum(xact_rollback) FROM pg_catalog.pg_stat_database WHERE datname = (SELECT datname FROM pg_catalog.pg_database WHERE oid = 5)) AS "Retroceder"
	) t
	UNION ALL
	SELECT 'ti_stats' AS chart_name, pg_catalog.row_to_json(t) AS chart_data
	FROM (SELECT
	   (SELECT sum(tup_inserted) FROM pg_catalog.pg_stat_database WHERE datname = (SELECT datname FROM pg_catalog.pg_database WHERE oid = 5)) AS "Insersiones",
	   (SELECT sum(tup_updated) FROM pg_catalog.pg_stat_database WHERE datname = (SELECT datname FROM pg_catalog.pg_database WHERE oid = 5)) AS "Actualizaciones",
	   (SELECT sum(tup_deleted) FROM pg_catalog.pg_stat_database WHERE datname = (SELECT datname FROM pg_catalog.pg_database WHERE oid = 5)) AS "Borrados"
	) t
	UNION ALL
	SELECT 'to_stats' AS chart_name, pg_catalog.row_to_json(t) AS chart_data
	FROM (SELECT
	   (SELECT sum(tup_fetched) FROM pg_catalog.pg_stat_database WHERE datname = (SELECT datname FROM pg_catalog.pg_database WHERE oid = 5)) AS "Recuperado",
	   (SELECT sum(tup_returned) FROM pg_catalog.pg_stat_database WHERE datname = (SELECT datname FROM pg_catalog.pg_database WHERE oid = 5)) AS "Retornado"
	) t
	UNION ALL
	SELECT 'bio_stats' AS chart_name, pg_catalog.row_to_json(t) AS chart_data
	FROM (SELECT
	   (SELECT sum(blks_read) FROM pg_catalog.pg_stat_database WHERE datname = (SELECT datname FROM pg_catalog.pg_database WHERE oid = 5)) AS "Leidas",
	   (SELECT sum(blks_hit) FROM pg_catalog.pg_stat_database WHERE datname = (SELECT datname FROM pg_catalog.pg_database WHERE oid = 5)) AS "Tocadas"
	) t
	
2024-11-13 22:15:38.656 GMT [35] LOG:  AUDIT: SESSION,17,1,READ,SELECT,,,"/*pga4dash*/
	SELECT 'session_stats' AS chart_name, pg_catalog.row_to_json(t) AS chart_data
	FROM (SELECT
	   (SELECT count(*) FROM pg_catalog.pg_stat_activity WHERE datname = (SELECT datname FROM pg_catalog.pg_database WHERE oid = 5)) AS ""Totales"",
	   (SELECT count(*) FROM pg_catalog.pg_stat_activity WHERE state = 'active' AND datname = (SELECT datname FROM pg_catalog.pg_database WHERE oid = 5))  AS ""Activa"",
	   (SELECT count(*) FROM pg_catalog.pg_stat_activity WHERE state = 'idle' AND datname = (SELECT datname FROM pg_catalog.pg_database WHERE oid = 5))  AS ""Inactiva""
	) t
	UNION ALL
	SELECT 'tps_stats' AS chart_name, pg_catalog.row_to_json(t) AS chart_data
	FROM (SELECT
	   (SELECT sum(xact_commit) + sum(xact_rollback) FROM pg_catalog.pg_stat_database WHERE datname = (SELECT datname FROM pg_catalog.pg_database WHERE oid = 5)) AS ""Transacciones"",
	   (SELECT sum(xact_commit) FROM pg_catalog.pg_stat_database WHERE datname = (SELECT datname FROM pg_catalog.pg_database WHERE oid = 5)) AS ""Cometer"",
	   (SELECT sum(xact_rollback) FROM pg_catalog.pg_stat_database WHERE datname = (SELECT datname FROM pg_catalog.pg_database WHERE oid = 5)) AS ""Retroceder""
	) t
	UNION ALL
	SELECT 'ti_stats' AS chart_name, pg_catalog.row_to_json(t) AS chart_data
	FROM (SELECT
	   (SELECT sum(tup_inserted) FROM pg_catalog.pg_stat_database WHERE datname = (SELECT datname FROM pg_catalog.pg_database WHERE oid = 5)) AS ""Insersiones"",
	   (SELECT sum(tup_updated) FROM pg_catalog.pg_stat_database WHERE datname = (SELECT datname FROM pg_catalog.pg_database WHERE oid = 5)) AS ""Actualizaciones"",
	   (SELECT sum(tup_deleted) FROM pg_catalog.pg_stat_database WHERE datname = (SELECT datname FROM pg_catalog.pg_database WHERE oid = 5)) AS ""Borrados""
	) t
	UNION ALL
	SELECT 'to_stats' AS chart_name, pg_catalog.row_to_json(t) AS chart_data
	FROM (SELECT
	   (SELECT sum(tup_fetched) FROM pg_catalog.pg_stat_database WHERE datname = (SELECT datname FROM pg_catalog.pg_database WHERE oid = 5)) AS ""Recuperado"",
	   (SELECT sum(tup_returned) FROM pg_catalog.pg_stat_database WHERE datname = (SELECT datname FROM pg_catalog.pg_database WHERE oid = 5)) AS ""Retornado""
	) t
	UNION ALL
	SELECT 'bio_stats' AS chart_name, pg_catalog.row_to_json(t) AS chart_data
	FROM (SELECT
	   (SELECT sum(blks_read) FROM pg_catalog.pg_stat_database WHERE datname = (SELECT datname FROM pg_catalog.pg_database WHERE oid = 5)) AS ""Leidas"",
	   (SELECT sum(blks_hit) FROM pg_catalog.pg_stat_database WHERE datname = (SELECT datname FROM pg_catalog.pg_database WHERE oid = 5)) AS ""Tocadas""
	) t",<not logged>
2024-11-13 22:15:38.657 GMT [35] LOG:  duration: 7.789 ms
2024-11-13 22:15:44.569 GMT [35] LOG:  statement: /*pga4dash*/
	SELECT 'session_stats' AS chart_name, pg_catalog.row_to_json(t) AS chart_data
	FROM (SELECT
	   (SELECT count(*) FROM pg_catalog.pg_stat_activity WHERE datname = (SELECT datname FROM pg_catalog.pg_database WHERE oid = 5)) AS "Totales",
	   (SELECT count(*) FROM pg_catalog.pg_stat_activity WHERE state = 'active' AND datname = (SELECT datname FROM pg_catalog.pg_database WHERE oid = 5))  AS "Activa",
	   (SELECT count(*) FROM pg_catalog.pg_stat_activity WHERE state = 'idle' AND datname = (SELECT datname FROM pg_catalog.pg_database WHERE oid = 5))  AS "Inactiva"
	) t
	UNION ALL
	SELECT 'tps_stats' AS chart_name, pg_catalog.row_to_json(t) AS chart_data
	FROM (SELECT
	   (SELECT sum(xact_commit) + sum(xact_rollback) FROM pg_catalog.pg_stat_database WHERE datname = (SELECT datname FROM pg_catalog.pg_database WHERE oid = 5)) AS "Transacciones",
	   (SELECT sum(xact_commit) FROM pg_catalog.pg_stat_database WHERE datname = (SELECT datname FROM pg_catalog.pg_database WHERE oid = 5)) AS "Cometer",
	   (SELECT sum(xact_rollback) FROM pg_catalog.pg_stat_database WHERE datname = (SELECT datname FROM pg_catalog.pg_database WHERE oid = 5)) AS "Retroceder"
	) t
	UNION ALL
	SELECT 'ti_stats' AS chart_name, pg_catalog.row_to_json(t) AS chart_data
	FROM (SELECT
	   (SELECT sum(tup_inserted) FROM pg_catalog.pg_stat_database WHERE datname = (SELECT datname FROM pg_catalog.pg_database WHERE oid = 5)) AS "Insersiones",
	   (SELECT sum(tup_updated) FROM pg_catalog.pg_stat_database WHERE datname = (SELECT datname FROM pg_catalog.pg_database WHERE oid = 5)) AS "Actualizaciones",
	   (SELECT sum(tup_deleted) FROM pg_catalog.pg_stat_database WHERE datname = (SELECT datname FROM pg_catalog.pg_database WHERE oid = 5)) AS "Borrados"
	) t
	UNION ALL
	SELECT 'to_stats' AS chart_name, pg_catalog.row_to_json(t) AS chart_data
	FROM (SELECT
	   (SELECT sum(tup_fetched) FROM pg_catalog.pg_stat_database WHERE datname = (SELECT datname FROM pg_catalog.pg_database WHERE oid = 5)) AS "Recuperado",
	   (SELECT sum(tup_returned) FROM pg_catalog.pg_stat_database WHERE datname = (SELECT datname FROM pg_catalog.pg_database WHERE oid = 5)) AS "Retornado"
	) t
	UNION ALL
	SELECT 'bio_stats' AS chart_name, pg_catalog.row_to_json(t) AS chart_data
	FROM (SELECT
	   (SELECT sum(blks_read) FROM pg_catalog.pg_stat_database WHERE datname = (SELECT datname FROM pg_catalog.pg_database WHERE oid = 5)) AS "Leidas",
	   (SELECT sum(blks_hit) FROM pg_catalog.pg_stat_database WHERE datname = (SELECT datname FROM pg_catalog.pg_database WHERE oid = 5)) AS "Tocadas"
	) t
	
2024-11-13 22:15:44.575 GMT [35] LOG:  AUDIT: SESSION,18,1,READ,SELECT,,,"/*pga4dash*/
	SELECT 'session_stats' AS chart_name, pg_catalog.row_to_json(t) AS chart_data
	FROM (SELECT
	   (SELECT count(*) FROM pg_catalog.pg_stat_activity WHERE datname = (SELECT datname FROM pg_catalog.pg_database WHERE oid = 5)) AS ""Totales"",
	   (SELECT count(*) FROM pg_catalog.pg_stat_activity WHERE state = 'active' AND datname = (SELECT datname FROM pg_catalog.pg_database WHERE oid = 5))  AS ""Activa"",
	   (SELECT count(*) FROM pg_catalog.pg_stat_activity WHERE state = 'idle' AND datname = (SELECT datname FROM pg_catalog.pg_database WHERE oid = 5))  AS ""Inactiva""
	) t
	UNION ALL
	SELECT 'tps_stats' AS chart_name, pg_catalog.row_to_json(t) AS chart_data
	FROM (SELECT
	   (SELECT sum(xact_commit) + sum(xact_rollback) FROM pg_catalog.pg_stat_database WHERE datname = (SELECT datname FROM pg_catalog.pg_database WHERE oid = 5)) AS ""Transacciones"",
	   (SELECT sum(xact_commit) FROM pg_catalog.pg_stat_database WHERE datname = (SELECT datname FROM pg_catalog.pg_database WHERE oid = 5)) AS ""Cometer"",
	   (SELECT sum(xact_rollback) FROM pg_catalog.pg_stat_database WHERE datname = (SELECT datname FROM pg_catalog.pg_database WHERE oid = 5)) AS ""Retroceder""
	) t
	UNION ALL
	SELECT 'ti_stats' AS chart_name, pg_catalog.row_to_json(t) AS chart_data
	FROM (SELECT
	   (SELECT sum(tup_inserted) FROM pg_catalog.pg_stat_database WHERE datname = (SELECT datname FROM pg_catalog.pg_database WHERE oid = 5)) AS ""Insersiones"",
	   (SELECT sum(tup_updated) FROM pg_catalog.pg_stat_database WHERE datname = (SELECT datname FROM pg_catalog.pg_database WHERE oid = 5)) AS ""Actualizaciones"",
	   (SELECT sum(tup_deleted) FROM pg_catalog.pg_stat_database WHERE datname = (SELECT datname FROM pg_catalog.pg_database WHERE oid = 5)) AS ""Borrados""
	) t
	UNION ALL
	SELECT 'to_stats' AS chart_name, pg_catalog.row_to_json(t) AS chart_data
	FROM (SELECT
	   (SELECT sum(tup_fetched) FROM pg_catalog.pg_stat_database WHERE datname = (SELECT datname FROM pg_catalog.pg_database WHERE oid = 5)) AS ""Recuperado"",
	   (SELECT sum(tup_returned) FROM pg_catalog.pg_stat_database WHERE datname = (SELECT datname FROM pg_catalog.pg_database WHERE oid = 5)) AS ""Retornado""
	) t
	UNION ALL
	SELECT 'bio_stats' AS chart_name, pg_catalog.row_to_json(t) AS chart_data
	FROM (SELECT
	   (SELECT sum(blks_read) FROM pg_catalog.pg_stat_database WHERE datname = (SELECT datname FROM pg_catalog.pg_database WHERE oid = 5)) AS ""Leidas"",
	   (SELECT sum(blks_hit) FROM pg_catalog.pg_stat_database WHERE datname = (SELECT datname FROM pg_catalog.pg_database WHERE oid = 5)) AS ""Tocadas""
	) t",<not logged>
2024-11-13 22:15:44.576 GMT [35] LOG:  duration: 7.035 ms
2024-11-13 22:15:49.585 GMT [35] LOG:  statement: /*pga4dash*/
	SELECT 'session_stats' AS chart_name, pg_catalog.row_to_json(t) AS chart_data
	FROM (SELECT
	   (SELECT count(*) FROM pg_catalog.pg_stat_activity WHERE datname = (SELECT datname FROM pg_catalog.pg_database WHERE oid = 5)) AS "Totales",
	   (SELECT count(*) FROM pg_catalog.pg_stat_activity WHERE state = 'active' AND datname = (SELECT datname FROM pg_catalog.pg_database WHERE oid = 5))  AS "Activa",
	   (SELECT count(*) FROM pg_catalog.pg_stat_activity WHERE state = 'idle' AND datname = (SELECT datname FROM pg_catalog.pg_database WHERE oid = 5))  AS "Inactiva"
	) t
	UNION ALL
	SELECT 'tps_stats' AS chart_name, pg_catalog.row_to_json(t) AS chart_data
	FROM (SELECT
	   (SELECT sum(xact_commit) + sum(xact_rollback) FROM pg_catalog.pg_stat_database WHERE datname = (SELECT datname FROM pg_catalog.pg_database WHERE oid = 5)) AS "Transacciones",
	   (SELECT sum(xact_commit) FROM pg_catalog.pg_stat_database WHERE datname = (SELECT datname FROM pg_catalog.pg_database WHERE oid = 5)) AS "Cometer",
	   (SELECT sum(xact_rollback) FROM pg_catalog.pg_stat_database WHERE datname = (SELECT datname FROM pg_catalog.pg_database WHERE oid = 5)) AS "Retroceder"
	) t
	UNION ALL
	SELECT 'ti_stats' AS chart_name, pg_catalog.row_to_json(t) AS chart_data
	FROM (SELECT
	   (SELECT sum(tup_inserted) FROM pg_catalog.pg_stat_database WHERE datname = (SELECT datname FROM pg_catalog.pg_database WHERE oid = 5)) AS "Insersiones",
	   (SELECT sum(tup_updated) FROM pg_catalog.pg_stat_database WHERE datname = (SELECT datname FROM pg_catalog.pg_database WHERE oid = 5)) AS "Actualizaciones",
	   (SELECT sum(tup_deleted) FROM pg_catalog.pg_stat_database WHERE datname = (SELECT datname FROM pg_catalog.pg_database WHERE oid = 5)) AS "Borrados"
	) t
	UNION ALL
	SELECT 'to_stats' AS chart_name, pg_catalog.row_to_json(t) AS chart_data
	FROM (SELECT
	   (SELECT sum(tup_fetched) FROM pg_catalog.pg_stat_database WHERE datname = (SELECT datname FROM pg_catalog.pg_database WHERE oid = 5)) AS "Recuperado",
	   (SELECT sum(tup_returned) FROM pg_catalog.pg_stat_database WHERE datname = (SELECT datname FROM pg_catalog.pg_database WHERE oid = 5)) AS "Retornado"
	) t
	UNION ALL
	SELECT 'bio_stats' AS chart_name, pg_catalog.row_to_json(t) AS chart_data
	FROM (SELECT
	   (SELECT sum(blks_read) FROM pg_catalog.pg_stat_database WHERE datname = (SELECT datname FROM pg_catalog.pg_database WHERE oid = 5)) AS "Leidas",
	   (SELECT sum(blks_hit) FROM pg_catalog.pg_stat_database WHERE datname = (SELECT datname FROM pg_catalog.pg_database WHERE oid = 5)) AS "Tocadas"
	) t
	
2024-11-13 22:15:49.589 GMT [35] LOG:  AUDIT: SESSION,19,1,READ,SELECT,,,"/*pga4dash*/
	SELECT 'session_stats' AS chart_name, pg_catalog.row_to_json(t) AS chart_data
	FROM (SELECT
	   (SELECT count(*) FROM pg_catalog.pg_stat_activity WHERE datname = (SELECT datname FROM pg_catalog.pg_database WHERE oid = 5)) AS ""Totales"",
	   (SELECT count(*) FROM pg_catalog.pg_stat_activity WHERE state = 'active' AND datname = (SELECT datname FROM pg_catalog.pg_database WHERE oid = 5))  AS ""Activa"",
	   (SELECT count(*) FROM pg_catalog.pg_stat_activity WHERE state = 'idle' AND datname = (SELECT datname FROM pg_catalog.pg_database WHERE oid = 5))  AS ""Inactiva""
	) t
	UNION ALL
	SELECT 'tps_stats' AS chart_name, pg_catalog.row_to_json(t) AS chart_data
	FROM (SELECT
	   (SELECT sum(xact_commit) + sum(xact_rollback) FROM pg_catalog.pg_stat_database WHERE datname = (SELECT datname FROM pg_catalog.pg_database WHERE oid = 5)) AS ""Transacciones"",
	   (SELECT sum(xact_commit) FROM pg_catalog.pg_stat_database WHERE datname = (SELECT datname FROM pg_catalog.pg_database WHERE oid = 5)) AS ""Cometer"",
	   (SELECT sum(xact_rollback) FROM pg_catalog.pg_stat_database WHERE datname = (SELECT datname FROM pg_catalog.pg_database WHERE oid = 5)) AS ""Retroceder""
	) t
	UNION ALL
	SELECT 'ti_stats' AS chart_name, pg_catalog.row_to_json(t) AS chart_data
	FROM (SELECT
	   (SELECT sum(tup_inserted) FROM pg_catalog.pg_stat_database WHERE datname = (SELECT datname FROM pg_catalog.pg_database WHERE oid = 5)) AS ""Insersiones"",
	   (SELECT sum(tup_updated) FROM pg_catalog.pg_stat_database WHERE datname = (SELECT datname FROM pg_catalog.pg_database WHERE oid = 5)) AS ""Actualizaciones"",
	   (SELECT sum(tup_deleted) FROM pg_catalog.pg_stat_database WHERE datname = (SELECT datname FROM pg_catalog.pg_database WHERE oid = 5)) AS ""Borrados""
	) t
	UNION ALL
	SELECT 'to_stats' AS chart_name, pg_catalog.row_to_json(t) AS chart_data
	FROM (SELECT
	   (SELECT sum(tup_fetched) FROM pg_catalog.pg_stat_database WHERE datname = (SELECT datname FROM pg_catalog.pg_database WHERE oid = 5)) AS ""Recuperado"",
	   (SELECT sum(tup_returned) FROM pg_catalog.pg_stat_database WHERE datname = (SELECT datname FROM pg_catalog.pg_database WHERE oid = 5)) AS ""Retornado""
	) t
	UNION ALL
	SELECT 'bio_stats' AS chart_name, pg_catalog.row_to_json(t) AS chart_data
	FROM (SELECT
	   (SELECT sum(blks_read) FROM pg_catalog.pg_stat_database WHERE datname = (SELECT datname FROM pg_catalog.pg_database WHERE oid = 5)) AS ""Leidas"",
	   (SELECT sum(blks_hit) FROM pg_catalog.pg_stat_database WHERE datname = (SELECT datname FROM pg_catalog.pg_database WHERE oid = 5)) AS ""Tocadas""
	) t",<not logged>
2024-11-13 22:15:49.589 GMT [35] LOG:  duration: 4.639 ms
2024-11-13 22:15:54.570 GMT [35] LOG:  statement: /*pga4dash*/
	SELECT 'session_stats' AS chart_name, pg_catalog.row_to_json(t) AS chart_data
	FROM (SELECT
	   (SELECT count(*) FROM pg_catalog.pg_stat_activity WHERE datname = (SELECT datname FROM pg_catalog.pg_database WHERE oid = 5)) AS "Totales",
	   (SELECT count(*) FROM pg_catalog.pg_stat_activity WHERE state = 'active' AND datname = (SELECT datname FROM pg_catalog.pg_database WHERE oid = 5))  AS "Activa",
	   (SELECT count(*) FROM pg_catalog.pg_stat_activity WHERE state = 'idle' AND datname = (SELECT datname FROM pg_catalog.pg_database WHERE oid = 5))  AS "Inactiva"
	) t
	UNION ALL
	SELECT 'tps_stats' AS chart_name, pg_catalog.row_to_json(t) AS chart_data
	FROM (SELECT
	   (SELECT sum(xact_commit) + sum(xact_rollback) FROM pg_catalog.pg_stat_database WHERE datname = (SELECT datname FROM pg_catalog.pg_database WHERE oid = 5)) AS "Transacciones",
	   (SELECT sum(xact_commit) FROM pg_catalog.pg_stat_database WHERE datname = (SELECT datname FROM pg_catalog.pg_database WHERE oid = 5)) AS "Cometer",
	   (SELECT sum(xact_rollback) FROM pg_catalog.pg_stat_database WHERE datname = (SELECT datname FROM pg_catalog.pg_database WHERE oid = 5)) AS "Retroceder"
	) t
	UNION ALL
	SELECT 'ti_stats' AS chart_name, pg_catalog.row_to_json(t) AS chart_data
	FROM (SELECT
	   (SELECT sum(tup_inserted) FROM pg_catalog.pg_stat_database WHERE datname = (SELECT datname FROM pg_catalog.pg_database WHERE oid = 5)) AS "Insersiones",
	   (SELECT sum(tup_updated) FROM pg_catalog.pg_stat_database WHERE datname = (SELECT datname FROM pg_catalog.pg_database WHERE oid = 5)) AS "Actualizaciones",
	   (SELECT sum(tup_deleted) FROM pg_catalog.pg_stat_database WHERE datname = (SELECT datname FROM pg_catalog.pg_database WHERE oid = 5)) AS "Borrados"
	) t
	UNION ALL
	SELECT 'to_stats' AS chart_name, pg_catalog.row_to_json(t) AS chart_data
	FROM (SELECT
	   (SELECT sum(tup_fetched) FROM pg_catalog.pg_stat_database WHERE datname = (SELECT datname FROM pg_catalog.pg_database WHERE oid = 5)) AS "Recuperado",
	   (SELECT sum(tup_returned) FROM pg_catalog.pg_stat_database WHERE datname = (SELECT datname FROM pg_catalog.pg_database WHERE oid = 5)) AS "Retornado"
	) t
	UNION ALL
	SELECT 'bio_stats' AS chart_name, pg_catalog.row_to_json(t) AS chart_data
	FROM (SELECT
	   (SELECT sum(blks_read) FROM pg_catalog.pg_stat_database WHERE datname = (SELECT datname FROM pg_catalog.pg_database WHERE oid = 5)) AS "Leidas",
	   (SELECT sum(blks_hit) FROM pg_catalog.pg_stat_database WHERE datname = (SELECT datname FROM pg_catalog.pg_database WHERE oid = 5)) AS "Tocadas"
	) t
	
2024-11-13 22:15:54.574 GMT [35] LOG:  AUDIT: SESSION,20,1,READ,SELECT,,,"/*pga4dash*/
	SELECT 'session_stats' AS chart_name, pg_catalog.row_to_json(t) AS chart_data
	FROM (SELECT
	   (SELECT count(*) FROM pg_catalog.pg_stat_activity WHERE datname = (SELECT datname FROM pg_catalog.pg_database WHERE oid = 5)) AS ""Totales"",
	   (SELECT count(*) FROM pg_catalog.pg_stat_activity WHERE state = 'active' AND datname = (SELECT datname FROM pg_catalog.pg_database WHERE oid = 5))  AS ""Activa"",
	   (SELECT count(*) FROM pg_catalog.pg_stat_activity WHERE state = 'idle' AND datname = (SELECT datname FROM pg_catalog.pg_database WHERE oid = 5))  AS ""Inactiva""
	) t
	UNION ALL
	SELECT 'tps_stats' AS chart_name, pg_catalog.row_to_json(t) AS chart_data
	FROM (SELECT
	   (SELECT sum(xact_commit) + sum(xact_rollback) FROM pg_catalog.pg_stat_database WHERE datname = (SELECT datname FROM pg_catalog.pg_database WHERE oid = 5)) AS ""Transacciones"",
	   (SELECT sum(xact_commit) FROM pg_catalog.pg_stat_database WHERE datname = (SELECT datname FROM pg_catalog.pg_database WHERE oid = 5)) AS ""Cometer"",
	   (SELECT sum(xact_rollback) FROM pg_catalog.pg_stat_database WHERE datname = (SELECT datname FROM pg_catalog.pg_database WHERE oid = 5)) AS ""Retroceder""
	) t
	UNION ALL
	SELECT 'ti_stats' AS chart_name, pg_catalog.row_to_json(t) AS chart_data
	FROM (SELECT
	   (SELECT sum(tup_inserted) FROM pg_catalog.pg_stat_database WHERE datname = (SELECT datname FROM pg_catalog.pg_database WHERE oid = 5)) AS ""Insersiones"",
	   (SELECT sum(tup_updated) FROM pg_catalog.pg_stat_database WHERE datname = (SELECT datname FROM pg_catalog.pg_database WHERE oid = 5)) AS ""Actualizaciones"",
	   (SELECT sum(tup_deleted) FROM pg_catalog.pg_stat_database WHERE datname = (SELECT datname FROM pg_catalog.pg_database WHERE oid = 5)) AS ""Borrados""
	) t
	UNION ALL
	SELECT 'to_stats' AS chart_name, pg_catalog.row_to_json(t) AS chart_data
	FROM (SELECT
	   (SELECT sum(tup_fetched) FROM pg_catalog.pg_stat_database WHERE datname = (SELECT datname FROM pg_catalog.pg_database WHERE oid = 5)) AS ""Recuperado"",
	   (SELECT sum(tup_returned) FROM pg_catalog.pg_stat_database WHERE datname = (SELECT datname FROM pg_catalog.pg_database WHERE oid = 5)) AS ""Retornado""
	) t
	UNION ALL
	SELECT 'bio_stats' AS chart_name, pg_catalog.row_to_json(t) AS chart_data
	FROM (SELECT
	   (SELECT sum(blks_read) FROM pg_catalog.pg_stat_database WHERE datname = (SELECT datname FROM pg_catalog.pg_database WHERE oid = 5)) AS ""Leidas"",
	   (SELECT sum(blks_hit) FROM pg_catalog.pg_stat_database WHERE datname = (SELECT datname FROM pg_catalog.pg_database WHERE oid = 5)) AS ""Tocadas""
	) t",<not logged>
2024-11-13 22:15:54.575 GMT [35] LOG:  duration: 5.752 ms
2024-11-13 22:15:59.575 GMT [35] LOG:  statement: /*pga4dash*/
	SELECT 'session_stats' AS chart_name, pg_catalog.row_to_json(t) AS chart_data
	FROM (SELECT
	   (SELECT count(*) FROM pg_catalog.pg_stat_activity WHERE datname = (SELECT datname FROM pg_catalog.pg_database WHERE oid = 5)) AS "Totales",
	   (SELECT count(*) FROM pg_catalog.pg_stat_activity WHERE state = 'active' AND datname = (SELECT datname FROM pg_catalog.pg_database WHERE oid = 5))  AS "Activa",
	   (SELECT count(*) FROM pg_catalog.pg_stat_activity WHERE state = 'idle' AND datname = (SELECT datname FROM pg_catalog.pg_database WHERE oid = 5))  AS "Inactiva"
	) t
	UNION ALL
	SELECT 'tps_stats' AS chart_name, pg_catalog.row_to_json(t) AS chart_data
	FROM (SELECT
	   (SELECT sum(xact_commit) + sum(xact_rollback) FROM pg_catalog.pg_stat_database WHERE datname = (SELECT datname FROM pg_catalog.pg_database WHERE oid = 5)) AS "Transacciones",
	   (SELECT sum(xact_commit) FROM pg_catalog.pg_stat_database WHERE datname = (SELECT datname FROM pg_catalog.pg_database WHERE oid = 5)) AS "Cometer",
	   (SELECT sum(xact_rollback) FROM pg_catalog.pg_stat_database WHERE datname = (SELECT datname FROM pg_catalog.pg_database WHERE oid = 5)) AS "Retroceder"
	) t
	UNION ALL
	SELECT 'ti_stats' AS chart_name, pg_catalog.row_to_json(t) AS chart_data
	FROM (SELECT
	   (SELECT sum(tup_inserted) FROM pg_catalog.pg_stat_database WHERE datname = (SELECT datname FROM pg_catalog.pg_database WHERE oid = 5)) AS "Insersiones",
	   (SELECT sum(tup_updated) FROM pg_catalog.pg_stat_database WHERE datname = (SELECT datname FROM pg_catalog.pg_database WHERE oid = 5)) AS "Actualizaciones",
	   (SELECT sum(tup_deleted) FROM pg_catalog.pg_stat_database WHERE datname = (SELECT datname FROM pg_catalog.pg_database WHERE oid = 5)) AS "Borrados"
	) t
	UNION ALL
	SELECT 'to_stats' AS chart_name, pg_catalog.row_to_json(t) AS chart_data
	FROM (SELECT
	   (SELECT sum(tup_fetched) FROM pg_catalog.pg_stat_database WHERE datname = (SELECT datname FROM pg_catalog.pg_database WHERE oid = 5)) AS "Recuperado",
	   (SELECT sum(tup_returned) FROM pg_catalog.pg_stat_database WHERE datname = (SELECT datname FROM pg_catalog.pg_database WHERE oid = 5)) AS "Retornado"
	) t
	UNION ALL
	SELECT 'bio_stats' AS chart_name, pg_catalog.row_to_json(t) AS chart_data
	FROM (SELECT
	   (SELECT sum(blks_read) FROM pg_catalog.pg_stat_database WHERE datname = (SELECT datname FROM pg_catalog.pg_database WHERE oid = 5)) AS "Leidas",
	   (SELECT sum(blks_hit) FROM pg_catalog.pg_stat_database WHERE datname = (SELECT datname FROM pg_catalog.pg_database WHERE oid = 5)) AS "Tocadas"
	) t
	
2024-11-13 22:15:59.578 GMT [35] LOG:  AUDIT: SESSION,21,1,READ,SELECT,,,"/*pga4dash*/
	SELECT 'session_stats' AS chart_name, pg_catalog.row_to_json(t) AS chart_data
	FROM (SELECT
	   (SELECT count(*) FROM pg_catalog.pg_stat_activity WHERE datname = (SELECT datname FROM pg_catalog.pg_database WHERE oid = 5)) AS ""Totales"",
	   (SELECT count(*) FROM pg_catalog.pg_stat_activity WHERE state = 'active' AND datname = (SELECT datname FROM pg_catalog.pg_database WHERE oid = 5))  AS ""Activa"",
	   (SELECT count(*) FROM pg_catalog.pg_stat_activity WHERE state = 'idle' AND datname = (SELECT datname FROM pg_catalog.pg_database WHERE oid = 5))  AS ""Inactiva""
	) t
	UNION ALL
	SELECT 'tps_stats' AS chart_name, pg_catalog.row_to_json(t) AS chart_data
	FROM (SELECT
	   (SELECT sum(xact_commit) + sum(xact_rollback) FROM pg_catalog.pg_stat_database WHERE datname = (SELECT datname FROM pg_catalog.pg_database WHERE oid = 5)) AS ""Transacciones"",
	   (SELECT sum(xact_commit) FROM pg_catalog.pg_stat_database WHERE datname = (SELECT datname FROM pg_catalog.pg_database WHERE oid = 5)) AS ""Cometer"",
	   (SELECT sum(xact_rollback) FROM pg_catalog.pg_stat_database WHERE datname = (SELECT datname FROM pg_catalog.pg_database WHERE oid = 5)) AS ""Retroceder""
	) t
	UNION ALL
	SELECT 'ti_stats' AS chart_name, pg_catalog.row_to_json(t) AS chart_data
	FROM (SELECT
	   (SELECT sum(tup_inserted) FROM pg_catalog.pg_stat_database WHERE datname = (SELECT datname FROM pg_catalog.pg_database WHERE oid = 5)) AS ""Insersiones"",
	   (SELECT sum(tup_updated) FROM pg_catalog.pg_stat_database WHERE datname = (SELECT datname FROM pg_catalog.pg_database WHERE oid = 5)) AS ""Actualizaciones"",
	   (SELECT sum(tup_deleted) FROM pg_catalog.pg_stat_database WHERE datname = (SELECT datname FROM pg_catalog.pg_database WHERE oid = 5)) AS ""Borrados""
	) t
	UNION ALL
	SELECT 'to_stats' AS chart_name, pg_catalog.row_to_json(t) AS chart_data
	FROM (SELECT
	   (SELECT sum(tup_fetched) FROM pg_catalog.pg_stat_database WHERE datname = (SELECT datname FROM pg_catalog.pg_database WHERE oid = 5)) AS ""Recuperado"",
	   (SELECT sum(tup_returned) FROM pg_catalog.pg_stat_database WHERE datname = (SELECT datname FROM pg_catalog.pg_database WHERE oid = 5)) AS ""Retornado""
	) t
	UNION ALL
	SELECT 'bio_stats' AS chart_name, pg_catalog.row_to_json(t) AS chart_data
	FROM (SELECT
	   (SELECT sum(blks_read) FROM pg_catalog.pg_stat_database WHERE datname = (SELECT datname FROM pg_catalog.pg_database WHERE oid = 5)) AS ""Leidas"",
	   (SELECT sum(blks_hit) FROM pg_catalog.pg_stat_database WHERE datname = (SELECT datname FROM pg_catalog.pg_database WHERE oid = 5)) AS ""Tocadas""
	) t",<not logged>
2024-11-13 22:15:59.579 GMT [35] LOG:  duration: 4.567 ms
2024-11-13 22:16:04.579 GMT [35] LOG:  statement: /*pga4dash*/
	SELECT 'session_stats' AS chart_name, pg_catalog.row_to_json(t) AS chart_data
	FROM (SELECT
	   (SELECT count(*) FROM pg_catalog.pg_stat_activity WHERE datname = (SELECT datname FROM pg_catalog.pg_database WHERE oid = 5)) AS "Totales",
	   (SELECT count(*) FROM pg_catalog.pg_stat_activity WHERE state = 'active' AND datname = (SELECT datname FROM pg_catalog.pg_database WHERE oid = 5))  AS "Activa",
	   (SELECT count(*) FROM pg_catalog.pg_stat_activity WHERE state = 'idle' AND datname = (SELECT datname FROM pg_catalog.pg_database WHERE oid = 5))  AS "Inactiva"
	) t
	UNION ALL
	SELECT 'tps_stats' AS chart_name, pg_catalog.row_to_json(t) AS chart_data
	FROM (SELECT
	   (SELECT sum(xact_commit) + sum(xact_rollback) FROM pg_catalog.pg_stat_database WHERE datname = (SELECT datname FROM pg_catalog.pg_database WHERE oid = 5)) AS "Transacciones",
	   (SELECT sum(xact_commit) FROM pg_catalog.pg_stat_database WHERE datname = (SELECT datname FROM pg_catalog.pg_database WHERE oid = 5)) AS "Cometer",
	   (SELECT sum(xact_rollback) FROM pg_catalog.pg_stat_database WHERE datname = (SELECT datname FROM pg_catalog.pg_database WHERE oid = 5)) AS "Retroceder"
	) t
	UNION ALL
	SELECT 'ti_stats' AS chart_name, pg_catalog.row_to_json(t) AS chart_data
	FROM (SELECT
	   (SELECT sum(tup_inserted) FROM pg_catalog.pg_stat_database WHERE datname = (SELECT datname FROM pg_catalog.pg_database WHERE oid = 5)) AS "Insersiones",
	   (SELECT sum(tup_updated) FROM pg_catalog.pg_stat_database WHERE datname = (SELECT datname FROM pg_catalog.pg_database WHERE oid = 5)) AS "Actualizaciones",
	   (SELECT sum(tup_deleted) FROM pg_catalog.pg_stat_database WHERE datname = (SELECT datname FROM pg_catalog.pg_database WHERE oid = 5)) AS "Borrados"
	) t
	UNION ALL
	SELECT 'to_stats' AS chart_name, pg_catalog.row_to_json(t) AS chart_data
	FROM (SELECT
	   (SELECT sum(tup_fetched) FROM pg_catalog.pg_stat_database WHERE datname = (SELECT datname FROM pg_catalog.pg_database WHERE oid = 5)) AS "Recuperado",
	   (SELECT sum(tup_returned) FROM pg_catalog.pg_stat_database WHERE datname = (SELECT datname FROM pg_catalog.pg_database WHERE oid = 5)) AS "Retornado"
	) t
	UNION ALL
	SELECT 'bio_stats' AS chart_name, pg_catalog.row_to_json(t) AS chart_data
	FROM (SELECT
	   (SELECT sum(blks_read) FROM pg_catalog.pg_stat_database WHERE datname = (SELECT datname FROM pg_catalog.pg_database WHERE oid = 5)) AS "Leidas",
	   (SELECT sum(blks_hit) FROM pg_catalog.pg_stat_database WHERE datname = (SELECT datname FROM pg_catalog.pg_database WHERE oid = 5)) AS "Tocadas"
	) t
	
2024-11-13 22:16:04.583 GMT [35] LOG:  AUDIT: SESSION,22,1,READ,SELECT,,,"/*pga4dash*/
	SELECT 'session_stats' AS chart_name, pg_catalog.row_to_json(t) AS chart_data
	FROM (SELECT
	   (SELECT count(*) FROM pg_catalog.pg_stat_activity WHERE datname = (SELECT datname FROM pg_catalog.pg_database WHERE oid = 5)) AS ""Totales"",
	   (SELECT count(*) FROM pg_catalog.pg_stat_activity WHERE state = 'active' AND datname = (SELECT datname FROM pg_catalog.pg_database WHERE oid = 5))  AS ""Activa"",
	   (SELECT count(*) FROM pg_catalog.pg_stat_activity WHERE state = 'idle' AND datname = (SELECT datname FROM pg_catalog.pg_database WHERE oid = 5))  AS ""Inactiva""
	) t
	UNION ALL
	SELECT 'tps_stats' AS chart_name, pg_catalog.row_to_json(t) AS chart_data
	FROM (SELECT
	   (SELECT sum(xact_commit) + sum(xact_rollback) FROM pg_catalog.pg_stat_database WHERE datname = (SELECT datname FROM pg_catalog.pg_database WHERE oid = 5)) AS ""Transacciones"",
	   (SELECT sum(xact_commit) FROM pg_catalog.pg_stat_database WHERE datname = (SELECT datname FROM pg_catalog.pg_database WHERE oid = 5)) AS ""Cometer"",
	   (SELECT sum(xact_rollback) FROM pg_catalog.pg_stat_database WHERE datname = (SELECT datname FROM pg_catalog.pg_database WHERE oid = 5)) AS ""Retroceder""
	) t
	UNION ALL
	SELECT 'ti_stats' AS chart_name, pg_catalog.row_to_json(t) AS chart_data
	FROM (SELECT
	   (SELECT sum(tup_inserted) FROM pg_catalog.pg_stat_database WHERE datname = (SELECT datname FROM pg_catalog.pg_database WHERE oid = 5)) AS ""Insersiones"",
	   (SELECT sum(tup_updated) FROM pg_catalog.pg_stat_database WHERE datname = (SELECT datname FROM pg_catalog.pg_database WHERE oid = 5)) AS ""Actualizaciones"",
	   (SELECT sum(tup_deleted) FROM pg_catalog.pg_stat_database WHERE datname = (SELECT datname FROM pg_catalog.pg_database WHERE oid = 5)) AS ""Borrados""
	) t
	UNION ALL
	SELECT 'to_stats' AS chart_name, pg_catalog.row_to_json(t) AS chart_data
	FROM (SELECT
	   (SELECT sum(tup_fetched) FROM pg_catalog.pg_stat_database WHERE datname = (SELECT datname FROM pg_catalog.pg_database WHERE oid = 5)) AS ""Recuperado"",
	   (SELECT sum(tup_returned) FROM pg_catalog.pg_stat_database WHERE datname = (SELECT datname FROM pg_catalog.pg_database WHERE oid = 5)) AS ""Retornado""
	) t
	UNION ALL
	SELECT 'bio_stats' AS chart_name, pg_catalog.row_to_json(t) AS chart_data
	FROM (SELECT
	   (SELECT sum(blks_read) FROM pg_catalog.pg_stat_database WHERE datname = (SELECT datname FROM pg_catalog.pg_database WHERE oid = 5)) AS ""Leidas"",
	   (SELECT sum(blks_hit) FROM pg_catalog.pg_stat_database WHERE datname = (SELECT datname FROM pg_catalog.pg_database WHERE oid = 5)) AS ""Tocadas""
	) t",<not logged>
2024-11-13 22:16:04.584 GMT [35] LOG:  duration: 5.351 ms
2024-11-13 22:16:09.594 GMT [35] LOG:  statement: /*pga4dash*/
	SELECT 'session_stats' AS chart_name, pg_catalog.row_to_json(t) AS chart_data
	FROM (SELECT
	   (SELECT count(*) FROM pg_catalog.pg_stat_activity WHERE datname = (SELECT datname FROM pg_catalog.pg_database WHERE oid = 5)) AS "Totales",
	   (SELECT count(*) FROM pg_catalog.pg_stat_activity WHERE state = 'active' AND datname = (SELECT datname FROM pg_catalog.pg_database WHERE oid = 5))  AS "Activa",
	   (SELECT count(*) FROM pg_catalog.pg_stat_activity WHERE state = 'idle' AND datname = (SELECT datname FROM pg_catalog.pg_database WHERE oid = 5))  AS "Inactiva"
	) t
	UNION ALL
	SELECT 'tps_stats' AS chart_name, pg_catalog.row_to_json(t) AS chart_data
	FROM (SELECT
	   (SELECT sum(xact_commit) + sum(xact_rollback) FROM pg_catalog.pg_stat_database WHERE datname = (SELECT datname FROM pg_catalog.pg_database WHERE oid = 5)) AS "Transacciones",
	   (SELECT sum(xact_commit) FROM pg_catalog.pg_stat_database WHERE datname = (SELECT datname FROM pg_catalog.pg_database WHERE oid = 5)) AS "Cometer",
	   (SELECT sum(xact_rollback) FROM pg_catalog.pg_stat_database WHERE datname = (SELECT datname FROM pg_catalog.pg_database WHERE oid = 5)) AS "Retroceder"
	) t
	UNION ALL
	SELECT 'ti_stats' AS chart_name, pg_catalog.row_to_json(t) AS chart_data
	FROM (SELECT
	   (SELECT sum(tup_inserted) FROM pg_catalog.pg_stat_database WHERE datname = (SELECT datname FROM pg_catalog.pg_database WHERE oid = 5)) AS "Insersiones",
	   (SELECT sum(tup_updated) FROM pg_catalog.pg_stat_database WHERE datname = (SELECT datname FROM pg_catalog.pg_database WHERE oid = 5)) AS "Actualizaciones",
	   (SELECT sum(tup_deleted) FROM pg_catalog.pg_stat_database WHERE datname = (SELECT datname FROM pg_catalog.pg_database WHERE oid = 5)) AS "Borrados"
	) t
	UNION ALL
	SELECT 'to_stats' AS chart_name, pg_catalog.row_to_json(t) AS chart_data
	FROM (SELECT
	   (SELECT sum(tup_fetched) FROM pg_catalog.pg_stat_database WHERE datname = (SELECT datname FROM pg_catalog.pg_database WHERE oid = 5)) AS "Recuperado",
	   (SELECT sum(tup_returned) FROM pg_catalog.pg_stat_database WHERE datname = (SELECT datname FROM pg_catalog.pg_database WHERE oid = 5)) AS "Retornado"
	) t
	UNION ALL
	SELECT 'bio_stats' AS chart_name, pg_catalog.row_to_json(t) AS chart_data
	FROM (SELECT
	   (SELECT sum(blks_read) FROM pg_catalog.pg_stat_database WHERE datname = (SELECT datname FROM pg_catalog.pg_database WHERE oid = 5)) AS "Leidas",
	   (SELECT sum(blks_hit) FROM pg_catalog.pg_stat_database WHERE datname = (SELECT datname FROM pg_catalog.pg_database WHERE oid = 5)) AS "Tocadas"
	) t
	
2024-11-13 22:16:09.601 GMT [35] LOG:  AUDIT: SESSION,23,1,READ,SELECT,,,"/*pga4dash*/
	SELECT 'session_stats' AS chart_name, pg_catalog.row_to_json(t) AS chart_data
	FROM (SELECT
	   (SELECT count(*) FROM pg_catalog.pg_stat_activity WHERE datname = (SELECT datname FROM pg_catalog.pg_database WHERE oid = 5)) AS ""Totales"",
	   (SELECT count(*) FROM pg_catalog.pg_stat_activity WHERE state = 'active' AND datname = (SELECT datname FROM pg_catalog.pg_database WHERE oid = 5))  AS ""Activa"",
	   (SELECT count(*) FROM pg_catalog.pg_stat_activity WHERE state = 'idle' AND datname = (SELECT datname FROM pg_catalog.pg_database WHERE oid = 5))  AS ""Inactiva""
	) t
	UNION ALL
	SELECT 'tps_stats' AS chart_name, pg_catalog.row_to_json(t) AS chart_data
	FROM (SELECT
	   (SELECT sum(xact_commit) + sum(xact_rollback) FROM pg_catalog.pg_stat_database WHERE datname = (SELECT datname FROM pg_catalog.pg_database WHERE oid = 5)) AS ""Transacciones"",
	   (SELECT sum(xact_commit) FROM pg_catalog.pg_stat_database WHERE datname = (SELECT datname FROM pg_catalog.pg_database WHERE oid = 5)) AS ""Cometer"",
	   (SELECT sum(xact_rollback) FROM pg_catalog.pg_stat_database WHERE datname = (SELECT datname FROM pg_catalog.pg_database WHERE oid = 5)) AS ""Retroceder""
	) t
	UNION ALL
	SELECT 'ti_stats' AS chart_name, pg_catalog.row_to_json(t) AS chart_data
	FROM (SELECT
	   (SELECT sum(tup_inserted) FROM pg_catalog.pg_stat_database WHERE datname = (SELECT datname FROM pg_catalog.pg_database WHERE oid = 5)) AS ""Insersiones"",
	   (SELECT sum(tup_updated) FROM pg_catalog.pg_stat_database WHERE datname = (SELECT datname FROM pg_catalog.pg_database WHERE oid = 5)) AS ""Actualizaciones"",
	   (SELECT sum(tup_deleted) FROM pg_catalog.pg_stat_database WHERE datname = (SELECT datname FROM pg_catalog.pg_database WHERE oid = 5)) AS ""Borrados""
	) t
	UNION ALL
	SELECT 'to_stats' AS chart_name, pg_catalog.row_to_json(t) AS chart_data
	FROM (SELECT
	   (SELECT sum(tup_fetched) FROM pg_catalog.pg_stat_database WHERE datname = (SELECT datname FROM pg_catalog.pg_database WHERE oid = 5)) AS ""Recuperado"",
	   (SELECT sum(tup_returned) FROM pg_catalog.pg_stat_database WHERE datname = (SELECT datname FROM pg_catalog.pg_database WHERE oid = 5)) AS ""Retornado""
	) t
	UNION ALL
	SELECT 'bio_stats' AS chart_name, pg_catalog.row_to_json(t) AS chart_data
	FROM (SELECT
	   (SELECT sum(blks_read) FROM pg_catalog.pg_stat_database WHERE datname = (SELECT datname FROM pg_catalog.pg_database WHERE oid = 5)) AS ""Leidas"",
	   (SELECT sum(blks_hit) FROM pg_catalog.pg_stat_database WHERE datname = (SELECT datname FROM pg_catalog.pg_database WHERE oid = 5)) AS ""Tocadas""
	) t",<not logged>
2024-11-13 22:16:09.602 GMT [35] LOG:  duration: 7.762 ms
2024-11-13 22:16:15.184 GMT [37] LOG:  statement: SET DateStyle=ISO; SET client_min_messages=notice; SELECT set_config('bytea_output','hex',false) FROM pg_show_all_settings() WHERE name = 'bytea_output'; SET client_encoding='utf-8';
2024-11-13 22:16:15.184 GMT [37] LOG:  AUDIT: SESSION,1,1,MISC,SET,,,SET DateStyle=ISO,<not logged>
2024-11-13 22:16:15.184 GMT [37] LOG:  AUDIT: SESSION,2,1,MISC,SET,,,SET client_min_messages=notice,<not logged>
2024-11-13 22:16:15.185 GMT [37] LOG:  AUDIT: SESSION,3,1,READ,SELECT,,,"SELECT set_config('bytea_output','hex',false) FROM pg_show_all_settings() WHERE name = 'bytea_output'",<not logged>
2024-11-13 22:16:15.186 GMT [37] LOG:  AUDIT: SESSION,4,1,MISC,SET,,,SET client_encoding='utf-8',<not logged>
2024-11-13 22:16:15.186 GMT [37] LOG:  duration: 2.156 ms
2024-11-13 22:16:15.187 GMT [37] LOG:  statement: SELECT version()
2024-11-13 22:16:15.187 GMT [37] LOG:  AUDIT: SESSION,5,1,READ,SELECT,,,SELECT version(),<not logged>
2024-11-13 22:16:15.187 GMT [37] LOG:  duration: 0.260 ms
2024-11-13 22:16:15.189 GMT [37] LOG:  statement: 
	SELECT
	    db.oid as did, db.datname, db.datallowconn,
	    pg_encoding_to_char(db.encoding) AS serverencoding,
	    has_database_privilege(db.oid, 'CREATE') as cancreate,
	    datistemplate
	FROM
	    pg_catalog.pg_database db
	WHERE db.datname = current_database()
2024-11-13 22:16:15.189 GMT [37] LOG:  AUDIT: SESSION,6,1,READ,SELECT,,,"SELECT
	    db.oid as did, db.datname, db.datallowconn,
	    pg_encoding_to_char(db.encoding) AS serverencoding,
	    has_database_privilege(db.oid, 'CREATE') as cancreate,
	    datistemplate
	FROM
	    pg_catalog.pg_database db
	WHERE db.datname = current_database()",<not logged>
2024-11-13 22:16:15.189 GMT [37] LOG:  duration: 0.542 ms
2024-11-13 22:16:15.190 GMT [37] LOG:  statement: 
	        SELECT
	             gss_authenticated, encrypted
	        FROM
	            pg_catalog.pg_stat_gssapi
	        WHERE pid = pg_backend_pid()
2024-11-13 22:16:15.190 GMT [37] LOG:  AUDIT: SESSION,7,1,READ,SELECT,,,"SELECT
	             gss_authenticated, encrypted
	        FROM
	            pg_catalog.pg_stat_gssapi
	        WHERE pid = pg_backend_pid()",<not logged>
2024-11-13 22:16:15.190 GMT [37] LOG:  duration: 0.591 ms
2024-11-13 22:16:15.191 GMT [37] LOG:  statement: 
	        SELECT
	            roles.oid as id, roles.rolname as name,
	            roles.rolsuper as is_superuser,
	            CASE WHEN roles.rolsuper THEN true ELSE roles.rolcreaterole END as
	            can_create_role,
	            CASE WHEN roles.rolsuper THEN true
	            ELSE roles.rolcreatedb END as can_create_db,
	            CASE WHEN 'pg_signal_backend'=ANY(ARRAY(WITH RECURSIVE cte AS (
	            SELECT pg_roles.oid,pg_roles.rolname FROM pg_roles
	                WHERE pg_roles.oid = roles.oid
	            UNION ALL
	            SELECT m.roleid,pgr.rolname FROM cte cte_1
	                JOIN pg_auth_members m ON m.member = cte_1.oid
	                JOIN pg_roles pgr ON pgr.oid = m.roleid)
	            SELECT rolname  FROM cte)) THEN True
	            ELSE False END as can_signal_backend
	        FROM
	            pg_catalog.pg_roles as roles
	        WHERE
	            rolname = current_user
2024-11-13 22:16:15.193 GMT [37] LOG:  AUDIT: SESSION,8,1,READ,SELECT,,,"SELECT
	            roles.oid as id, roles.rolname as name,
	            roles.rolsuper as is_superuser,
	            CASE WHEN roles.rolsuper THEN true ELSE roles.rolcreaterole END as
	            can_create_role,
	            CASE WHEN roles.rolsuper THEN true
	            ELSE roles.rolcreatedb END as can_create_db,
	            CASE WHEN 'pg_signal_backend'=ANY(ARRAY(WITH RECURSIVE cte AS (
	            SELECT pg_roles.oid,pg_roles.rolname FROM pg_roles
	                WHERE pg_roles.oid = roles.oid
	            UNION ALL
	            SELECT m.roleid,pgr.rolname FROM cte cte_1
	                JOIN pg_auth_members m ON m.member = cte_1.oid
	                JOIN pg_roles pgr ON pgr.oid = m.roleid)
	            SELECT rolname  FROM cte)) THEN True
	            ELSE False END as can_signal_backend
	        FROM
	            pg_catalog.pg_roles as roles
	        WHERE
	            rolname = current_user",<not logged>
2024-11-13 22:16:15.193 GMT [37] LOG:  duration: 1.469 ms
2024-11-13 22:17:26.498 GMT [37] LOG:  statement: CREATE TABLE auditoria (
	    id SERIAL PRIMARY KEY,
	    accion VARCHAR(10),           -- 'INSERT', 'UPDATE', 'DELETE'
	    fecha TIMESTAMP DEFAULT CURRENT_TIMESTAMP,
	    usuario TEXT,                 -- Usuario que realiz la accin
	    tabla VARCHAR(255),           -- Nombre de la tabla afectada
	    datos JSONB                   -- Datos afectados (en formato JSON)
	);
	
2024-11-13 22:17:26.507 GMT [37] ERROR:  relation "auditoria" already exists
2024-11-13 22:17:26.507 GMT [37] STATEMENT:  CREATE TABLE auditoria (
	    id SERIAL PRIMARY KEY,
	    accion VARCHAR(10),           -- 'INSERT', 'UPDATE', 'DELETE'
	    fecha TIMESTAMP DEFAULT CURRENT_TIMESTAMP,
	    usuario TEXT,                 -- Usuario que realiz la accin
	    tabla VARCHAR(255),           -- Nombre de la tabla afectada
	    datos JSONB                   -- Datos afectados (en formato JSON)
	);
	
2024-11-13 22:17:35.892 GMT [28] LOG:  checkpoint starting: time
2024-11-13 22:17:37.049 GMT [37] LOG:  statement: CREATE TABLE audit (
	    id SERIAL PRIMARY KEY,
	    accion VARCHAR(10),           -- 'INSERT', 'UPDATE', 'DELETE'
	    fecha TIMESTAMP DEFAULT CURRENT_TIMESTAMP,
	    usuario TEXT,                 -- Usuario que realiz la accin
	    tabla VARCHAR(255),           -- Nombre de la tabla afectada
	    datos JSONB                   -- Datos afectados (en formato JSON)
	);
	
2024-11-13 22:17:37.062 GMT [37] LOG:  AUDIT: SESSION,9,1,DDL,CREATE TABLE,,,"CREATE TABLE audit (
	    id SERIAL PRIMARY KEY,
	    accion VARCHAR(10),           -- 'INSERT', 'UPDATE', 'DELETE'
	    fecha TIMESTAMP DEFAULT CURRENT_TIMESTAMP,
	    usuario TEXT,                 -- Usuario que realiz la accin
	    tabla VARCHAR(255),           -- Nombre de la tabla afectada
	    datos JSONB                   -- Datos afectados (en formato JSON)
	)",<not logged>
2024-11-13 22:17:37.067 GMT [37] LOG:  duration: 17.717 ms
2024-11-13 22:17:37.645 GMT [28] LOG:  checkpoint complete: wrote 18 buffers (0.1%); 0 WAL file(s) added, 0 removed, 0 recycled; write=1.714 s, sync=0.011 s, total=1.754 s; sync files=22, longest=0.005 s, average=0.001 s; distance=51 kB, estimate=51 kB; lsn=0/161C600, redo lsn=0/15F33B0
2024-11-13 22:46:32.022 GMT [37] LOG:  statement: CREATE TABLE audi (
	    id SERIAL PRIMARY KEY,
	    accion VARCHAR(10),           -- 'INSERT', 'UPDATE', 'DELETE'
	    fecha TIMESTAMP DEFAULT CURRENT_TIMESTAMP,
	    usuario TEXT,                 -- Usuario que realiz la accin
	    tabla VARCHAR(255),           -- Nombre de la tabla afectada
	    datos JSONB                   -- Datos afectados (en formato JSON)
	);
	
2024-11-13 22:46:33.522 GMT [37] LOG:  AUDIT: SESSION,10,1,DDL,CREATE TABLE,,,"CREATE TABLE audi (
	    id SERIAL PRIMARY KEY,
	    accion VARCHAR(10),           -- 'INSERT', 'UPDATE', 'DELETE'
	    fecha TIMESTAMP DEFAULT CURRENT_TIMESTAMP,
	    usuario TEXT,                 -- Usuario que realiz la accin
	    tabla VARCHAR(255),           -- Nombre de la tabla afectada
	    datos JSONB                   -- Datos afectados (en formato JSON)
	)",<not logged>
2024-11-13 22:46:33.524 GMT [37] LOG:  duration: 1963.466 ms
2024-11-13 22:47:35.992 GMT [28] LOG:  checkpoint starting: time
2024-11-13 22:47:40.289 GMT [28] LOG:  checkpoint complete: wrote 41 buffers (0.3%); 0 WAL file(s) added, 0 removed, 0 recycled; write=4.223 s, sync=0.013 s, total=4.299 s; sync files=36, longest=0.005 s, average=0.001 s; distance=186 kB, estimate=186 kB; lsn=0/1621DF8, redo lsn=0/1621DA0
