2024-11-13 20:25:57.130 GMT [1] LOG:  starting PostgreSQL 17.0 (Debian 17.0-1.pgdg120+1) on x86_64-pc-linux-gnu, compiled by gcc (Debian 12.2.0-14) 12.2.0, 64-bit
2024-11-13 20:25:57.130 GMT [1] LOG:  listening on IPv4 address "0.0.0.0", port 5432
2024-11-13 20:25:57.130 GMT [1] LOG:  listening on IPv6 address "::", port 5432
2024-11-13 20:25:57.140 GMT [1] LOG:  listening on Unix socket "/var/run/postgresql/.s.PGSQL.5432"
2024-11-13 20:25:57.151 GMT [30] LOG:  database system was shut down at 2024-11-13 20:25:36 GMT
2024-11-13 20:25:57.232 GMT [1] LOG:  database system is ready to accept connections
2024-11-13 20:27:52.353 GMT [35] LOG:  statement: SET DateStyle=ISO; SET client_min_messages=notice; SELECT set_config('bytea_output','hex',false) FROM pg_show_all_settings() WHERE name = 'bytea_output'; SET client_encoding='utf-8';
2024-11-13 20:27:52.356 GMT [35] LOG:  AUDIT: SESSION,1,1,MISC,SET,,,SET DateStyle=ISO,<not logged>
2024-11-13 20:27:52.357 GMT [35] LOG:  AUDIT: SESSION,2,1,MISC,SET,,,SET client_min_messages=notice,<not logged>
2024-11-13 20:27:52.392 GMT [35] LOG:  AUDIT: SESSION,3,1,READ,SELECT,,,"SELECT set_config('bytea_output','hex',false) FROM pg_show_all_settings() WHERE name = 'bytea_output'",<not logged>
2024-11-13 20:27:52.400 GMT [35] LOG:  AUDIT: SESSION,4,1,MISC,SET,,,SET client_encoding='utf-8',<not logged>
2024-11-13 20:27:52.400 GMT [35] LOG:  duration: 58.282 ms
2024-11-13 20:27:52.412 GMT [35] LOG:  statement: SELECT version()
2024-11-13 20:27:52.413 GMT [35] LOG:  AUDIT: SESSION,5,1,READ,SELECT,,,SELECT version(),<not logged>
2024-11-13 20:27:52.414 GMT [35] LOG:  duration: 1.971 ms
2024-11-13 20:27:52.415 GMT [35] LOG:  statement: 
	SELECT
	    db.oid as did, db.datname, db.datallowconn,
	    pg_encoding_to_char(db.encoding) AS serverencoding,
	    has_database_privilege(db.oid, 'CREATE') as cancreate,
	    datistemplate
	FROM
	    pg_catalog.pg_database db
	WHERE db.datname = current_database()
2024-11-13 20:27:52.438 GMT [35] LOG:  AUDIT: SESSION,6,1,READ,SELECT,,,"SELECT
	    db.oid as did, db.datname, db.datallowconn,
	    pg_encoding_to_char(db.encoding) AS serverencoding,
	    has_database_privilege(db.oid, 'CREATE') as cancreate,
	    datistemplate
	FROM
	    pg_catalog.pg_database db
	WHERE db.datname = current_database()",<not logged>
2024-11-13 20:27:52.440 GMT [35] LOG:  duration: 25.276 ms
2024-11-13 20:27:52.512 GMT [35] LOG:  statement: 
	        SELECT
	             gss_authenticated, encrypted
	        FROM
	            pg_catalog.pg_stat_gssapi
	        WHERE pid = pg_backend_pid()
2024-11-13 20:27:52.520 GMT [35] LOG:  AUDIT: SESSION,7,1,READ,SELECT,,,"SELECT
	             gss_authenticated, encrypted
	        FROM
	            pg_catalog.pg_stat_gssapi
	        WHERE pid = pg_backend_pid()",<not logged>
2024-11-13 20:27:52.522 GMT [35] LOG:  duration: 10.278 ms
2024-11-13 20:27:52.524 GMT [35] LOG:  statement: 
	        SELECT
	            roles.oid as id, roles.rolname as name,
	            roles.rolsuper as is_superuser,
	            CASE WHEN roles.rolsuper THEN true ELSE roles.rolcreaterole END as
	            can_create_role,
	            CASE WHEN roles.rolsuper THEN true
	            ELSE roles.rolcreatedb END as can_create_db,
	            CASE WHEN 'pg_signal_backend'=ANY(ARRAY(WITH RECURSIVE cte AS (
	            SELECT pg_roles.oid,pg_roles.rolname FROM pg_roles
	                WHERE pg_roles.oid = roles.oid
	            UNION ALL
	            SELECT m.roleid,pgr.rolname FROM cte cte_1
	                JOIN pg_auth_members m ON m.member = cte_1.oid
	                JOIN pg_roles pgr ON pgr.oid = m.roleid)
	            SELECT rolname  FROM cte)) THEN True
	            ELSE False END as can_signal_backend
	        FROM
	            pg_catalog.pg_roles as roles
	        WHERE
	            rolname = current_user
2024-11-13 20:27:52.613 GMT [35] LOG:  AUDIT: SESSION,8,1,READ,SELECT,,,"SELECT
	            roles.oid as id, roles.rolname as name,
	            roles.rolsuper as is_superuser,
	            CASE WHEN roles.rolsuper THEN true ELSE roles.rolcreaterole END as
	            can_create_role,
	            CASE WHEN roles.rolsuper THEN true
	            ELSE roles.rolcreatedb END as can_create_db,
	            CASE WHEN 'pg_signal_backend'=ANY(ARRAY(WITH RECURSIVE cte AS (
	            SELECT pg_roles.oid,pg_roles.rolname FROM pg_roles
	                WHERE pg_roles.oid = roles.oid
	            UNION ALL
	            SELECT m.roleid,pgr.rolname FROM cte cte_1
	                JOIN pg_auth_members m ON m.member = cte_1.oid
	                JOIN pg_roles pgr ON pgr.oid = m.roleid)
	            SELECT rolname  FROM cte)) THEN True
	            ELSE False END as can_signal_backend
	        FROM
	            pg_catalog.pg_roles as roles
	        WHERE
	            rolname = current_user",<not logged>
2024-11-13 20:27:52.615 GMT [35] LOG:  duration: 91.747 ms
2024-11-13 20:27:52.642 GMT [35] LOG:  statement: SELECT CASE
	    WHEN (SELECT count(extname) FROM pg_catalog.pg_extension WHERE extname='bdr') > 0
	    THEN 'pgd'
	    WHEN (SELECT COUNT(*) FROM pg_replication_slots) > 0
	    THEN 'log'
	    ELSE NULL
	END as type;
2024-11-13 20:27:52.650 GMT [35] LOG:  AUDIT: SESSION,9,1,READ,SELECT,,,"SELECT CASE
	    WHEN (SELECT count(extname) FROM pg_catalog.pg_extension WHERE extname='bdr') > 0
	    THEN 'pgd'
	    WHEN (SELECT COUNT(*) FROM pg_replication_slots) > 0
	    THEN 'log'
	    ELSE NULL
	END as type",<not logged>
2024-11-13 20:27:52.651 GMT [35] LOG:  duration: 8.812 ms
2024-11-13 20:27:52.864 GMT [35] LOG:  statement: /*pga4dash*/
	SELECT 'session_stats' AS chart_name, pg_catalog.row_to_json(t) AS chart_data
	FROM (SELECT
	   (SELECT count(*) FROM pg_catalog.pg_stat_activity) AS "Totales",
	   (SELECT count(*) FROM pg_catalog.pg_stat_activity WHERE state = 'active')  AS "Activa",
	   (SELECT count(*) FROM pg_catalog.pg_stat_activity WHERE state = 'idle')  AS "Inactiva"
	) t
	UNION ALL
	SELECT 'tps_stats' AS chart_name, pg_catalog.row_to_json(t) AS chart_data
	FROM (SELECT
	   (SELECT sum(xact_commit) + sum(xact_rollback) FROM pg_catalog.pg_stat_database) AS "Transacciones",
	   (SELECT sum(xact_commit) FROM pg_catalog.pg_stat_database) AS "Cometer",
	   (SELECT sum(xact_rollback) FROM pg_catalog.pg_stat_database) AS "Retroceder"
	) t
	UNION ALL
	SELECT 'ti_stats' AS chart_name, pg_catalog.row_to_json(t) AS chart_data
	FROM (SELECT
	   (SELECT sum(tup_inserted) FROM pg_catalog.pg_stat_database) AS "Insersiones",
	   (SELECT sum(tup_updated) FROM pg_catalog.pg_stat_database) AS "Actualizaciones",
	   (SELECT sum(tup_deleted) FROM pg_catalog.pg_stat_database) AS "Borrados"
	) t
	UNION ALL
	SELECT 'to_stats' AS chart_name, pg_catalog.row_to_json(t) AS chart_data
	FROM (SELECT
	   (SELECT sum(tup_fetched) FROM pg_catalog.pg_stat_database) AS "Recuperado",
	   (SELECT sum(tup_returned) FROM pg_catalog.pg_stat_database) AS "Retornado"
	) t
	UNION ALL
	SELECT 'bio_stats' AS chart_name, pg_catalog.row_to_json(t) AS chart_data
	FROM (SELECT
	   (SELECT sum(blks_read) FROM pg_catalog.pg_stat_database) AS "Leidas",
	   (SELECT sum(blks_hit) FROM pg_catalog.pg_stat_database) AS "Tocadas"
	) t
	
2024-11-13 20:27:52.992 GMT [35] LOG:  AUDIT: SESSION,10,1,READ,SELECT,,,"/*pga4dash*/
	SELECT 'session_stats' AS chart_name, pg_catalog.row_to_json(t) AS chart_data
	FROM (SELECT
	   (SELECT count(*) FROM pg_catalog.pg_stat_activity) AS ""Totales"",
	   (SELECT count(*) FROM pg_catalog.pg_stat_activity WHERE state = 'active')  AS ""Activa"",
	   (SELECT count(*) FROM pg_catalog.pg_stat_activity WHERE state = 'idle')  AS ""Inactiva""
	) t
	UNION ALL
	SELECT 'tps_stats' AS chart_name, pg_catalog.row_to_json(t) AS chart_data
	FROM (SELECT
	   (SELECT sum(xact_commit) + sum(xact_rollback) FROM pg_catalog.pg_stat_database) AS ""Transacciones"",
	   (SELECT sum(xact_commit) FROM pg_catalog.pg_stat_database) AS ""Cometer"",
	   (SELECT sum(xact_rollback) FROM pg_catalog.pg_stat_database) AS ""Retroceder""
	) t
	UNION ALL
	SELECT 'ti_stats' AS chart_name, pg_catalog.row_to_json(t) AS chart_data
	FROM (SELECT
	   (SELECT sum(tup_inserted) FROM pg_catalog.pg_stat_database) AS ""Insersiones"",
	   (SELECT sum(tup_updated) FROM pg_catalog.pg_stat_database) AS ""Actualizaciones"",
	   (SELECT sum(tup_deleted) FROM pg_catalog.pg_stat_database) AS ""Borrados""
	) t
	UNION ALL
	SELECT 'to_stats' AS chart_name, pg_catalog.row_to_json(t) AS chart_data
	FROM (SELECT
	   (SELECT sum(tup_fetched) FROM pg_catalog.pg_stat_database) AS ""Recuperado"",
	   (SELECT sum(tup_returned) FROM pg_catalog.pg_stat_database) AS ""Retornado""
	) t
	UNION ALL
	SELECT 'bio_stats' AS chart_name, pg_catalog.row_to_json(t) AS chart_data
	FROM (SELECT
	   (SELECT sum(blks_read) FROM pg_catalog.pg_stat_database) AS ""Leidas"",
	   (SELECT sum(blks_hit) FROM pg_catalog.pg_stat_database) AS ""Tocadas""
	) t",<not logged>
2024-11-13 20:27:53.013 GMT [35] LOG:  duration: 148.993 ms
2024-11-13 20:27:53.047 GMT [35] LOG:  statement: SELECT CASE WHEN usesuper
	       THEN pg_catalog.pg_is_in_recovery()
	       ELSE FALSE
	       END as inrecovery,
	       CASE WHEN usesuper AND pg_catalog.pg_is_in_recovery()
	       THEN pg_is_wal_replay_paused()
	       ELSE FALSE
	       END as isreplaypaused
	FROM pg_catalog.pg_user WHERE usename=current_user
2024-11-13 20:27:53.049 GMT [35] LOG:  AUDIT: SESSION,11,1,READ,SELECT,,,"SELECT CASE WHEN usesuper
	       THEN pg_catalog.pg_is_in_recovery()
	       ELSE FALSE
	       END as inrecovery,
	       CASE WHEN usesuper AND pg_catalog.pg_is_in_recovery()
	       THEN pg_is_wal_replay_paused()
	       ELSE FALSE
	       END as isreplaypaused
	FROM pg_catalog.pg_user WHERE usename=current_user",<not logged>
2024-11-13 20:27:53.049 GMT [35] LOG:  duration: 2.379 ms
2024-11-13 20:27:53.051 GMT [35] LOG:  statement: SELECT CASE
	    WHEN (SELECT count(extname) FROM pg_catalog.pg_extension WHERE extname='bdr') > 0
	    THEN 'pgd'
	    WHEN (SELECT COUNT(*) FROM pg_replication_slots) > 0
	    THEN 'log'
	    ELSE NULL
	END as type;
2024-11-13 20:27:53.051 GMT [35] LOG:  AUDIT: SESSION,12,1,READ,SELECT,,,"SELECT CASE
	    WHEN (SELECT count(extname) FROM pg_catalog.pg_extension WHERE extname='bdr') > 0
	    THEN 'pgd'
	    WHEN (SELECT COUNT(*) FROM pg_replication_slots) > 0
	    THEN 'log'
	    ELSE NULL
	END as type",<not logged>
2024-11-13 20:27:53.051 GMT [35] LOG:  duration: 0.791 ms
2024-11-13 20:27:57.910 GMT [35] LOG:  statement: /*pga4dash*/
	SELECT 'session_stats' AS chart_name, pg_catalog.row_to_json(t) AS chart_data
	FROM (SELECT
	   (SELECT count(*) FROM pg_catalog.pg_stat_activity) AS "Totales",
	   (SELECT count(*) FROM pg_catalog.pg_stat_activity WHERE state = 'active')  AS "Activa",
	   (SELECT count(*) FROM pg_catalog.pg_stat_activity WHERE state = 'idle')  AS "Inactiva"
	) t
	UNION ALL
	SELECT 'tps_stats' AS chart_name, pg_catalog.row_to_json(t) AS chart_data
	FROM (SELECT
	   (SELECT sum(xact_commit) + sum(xact_rollback) FROM pg_catalog.pg_stat_database) AS "Transacciones",
	   (SELECT sum(xact_commit) FROM pg_catalog.pg_stat_database) AS "Cometer",
	   (SELECT sum(xact_rollback) FROM pg_catalog.pg_stat_database) AS "Retroceder"
	) t
	UNION ALL
	SELECT 'ti_stats' AS chart_name, pg_catalog.row_to_json(t) AS chart_data
	FROM (SELECT
	   (SELECT sum(tup_inserted) FROM pg_catalog.pg_stat_database) AS "Insersiones",
	   (SELECT sum(tup_updated) FROM pg_catalog.pg_stat_database) AS "Actualizaciones",
	   (SELECT sum(tup_deleted) FROM pg_catalog.pg_stat_database) AS "Borrados"
	) t
	UNION ALL
	SELECT 'to_stats' AS chart_name, pg_catalog.row_to_json(t) AS chart_data
	FROM (SELECT
	   (SELECT sum(tup_fetched) FROM pg_catalog.pg_stat_database) AS "Recuperado",
	   (SELECT sum(tup_returned) FROM pg_catalog.pg_stat_database) AS "Retornado"
	) t
	UNION ALL
	SELECT 'bio_stats' AS chart_name, pg_catalog.row_to_json(t) AS chart_data
	FROM (SELECT
	   (SELECT sum(blks_read) FROM pg_catalog.pg_stat_database) AS "Leidas",
	   (SELECT sum(blks_hit) FROM pg_catalog.pg_stat_database) AS "Tocadas"
	) t
	
2024-11-13 20:27:57.921 GMT [35] LOG:  AUDIT: SESSION,13,1,READ,SELECT,,,"/*pga4dash*/
	SELECT 'session_stats' AS chart_name, pg_catalog.row_to_json(t) AS chart_data
	FROM (SELECT
	   (SELECT count(*) FROM pg_catalog.pg_stat_activity) AS ""Totales"",
	   (SELECT count(*) FROM pg_catalog.pg_stat_activity WHERE state = 'active')  AS ""Activa"",
	   (SELECT count(*) FROM pg_catalog.pg_stat_activity WHERE state = 'idle')  AS ""Inactiva""
	) t
	UNION ALL
	SELECT 'tps_stats' AS chart_name, pg_catalog.row_to_json(t) AS chart_data
	FROM (SELECT
	   (SELECT sum(xact_commit) + sum(xact_rollback) FROM pg_catalog.pg_stat_database) AS ""Transacciones"",
	   (SELECT sum(xact_commit) FROM pg_catalog.pg_stat_database) AS ""Cometer"",
	   (SELECT sum(xact_rollback) FROM pg_catalog.pg_stat_database) AS ""Retroceder""
	) t
	UNION ALL
	SELECT 'ti_stats' AS chart_name, pg_catalog.row_to_json(t) AS chart_data
	FROM (SELECT
	   (SELECT sum(tup_inserted) FROM pg_catalog.pg_stat_database) AS ""Insersiones"",
	   (SELECT sum(tup_updated) FROM pg_catalog.pg_stat_database) AS ""Actualizaciones"",
	   (SELECT sum(tup_deleted) FROM pg_catalog.pg_stat_database) AS ""Borrados""
	) t
	UNION ALL
	SELECT 'to_stats' AS chart_name, pg_catalog.row_to_json(t) AS chart_data
	FROM (SELECT
	   (SELECT sum(tup_fetched) FROM pg_catalog.pg_stat_database) AS ""Recuperado"",
	   (SELECT sum(tup_returned) FROM pg_catalog.pg_stat_database) AS ""Retornado""
	) t
	UNION ALL
	SELECT 'bio_stats' AS chart_name, pg_catalog.row_to_json(t) AS chart_data
	FROM (SELECT
	   (SELECT sum(blks_read) FROM pg_catalog.pg_stat_database) AS ""Leidas"",
	   (SELECT sum(blks_hit) FROM pg_catalog.pg_stat_database) AS ""Tocadas""
	) t",<not logged>
2024-11-13 20:27:57.922 GMT [35] LOG:  duration: 12.163 ms
2024-11-13 20:28:02.930 GMT [35] LOG:  statement: /*pga4dash*/
	SELECT 'session_stats' AS chart_name, pg_catalog.row_to_json(t) AS chart_data
	FROM (SELECT
	   (SELECT count(*) FROM pg_catalog.pg_stat_activity) AS "Totales",
	   (SELECT count(*) FROM pg_catalog.pg_stat_activity WHERE state = 'active')  AS "Activa",
	   (SELECT count(*) FROM pg_catalog.pg_stat_activity WHERE state = 'idle')  AS "Inactiva"
	) t
	UNION ALL
	SELECT 'tps_stats' AS chart_name, pg_catalog.row_to_json(t) AS chart_data
	FROM (SELECT
	   (SELECT sum(xact_commit) + sum(xact_rollback) FROM pg_catalog.pg_stat_database) AS "Transacciones",
	   (SELECT sum(xact_commit) FROM pg_catalog.pg_stat_database) AS "Cometer",
	   (SELECT sum(xact_rollback) FROM pg_catalog.pg_stat_database) AS "Retroceder"
	) t
	UNION ALL
	SELECT 'ti_stats' AS chart_name, pg_catalog.row_to_json(t) AS chart_data
	FROM (SELECT
	   (SELECT sum(tup_inserted) FROM pg_catalog.pg_stat_database) AS "Insersiones",
	   (SELECT sum(tup_updated) FROM pg_catalog.pg_stat_database) AS "Actualizaciones",
	   (SELECT sum(tup_deleted) FROM pg_catalog.pg_stat_database) AS "Borrados"
	) t
	UNION ALL
	SELECT 'to_stats' AS chart_name, pg_catalog.row_to_json(t) AS chart_data
	FROM (SELECT
	   (SELECT sum(tup_fetched) FROM pg_catalog.pg_stat_database) AS "Recuperado",
	   (SELECT sum(tup_returned) FROM pg_catalog.pg_stat_database) AS "Retornado"
	) t
	UNION ALL
	SELECT 'bio_stats' AS chart_name, pg_catalog.row_to_json(t) AS chart_data
	FROM (SELECT
	   (SELECT sum(blks_read) FROM pg_catalog.pg_stat_database) AS "Leidas",
	   (SELECT sum(blks_hit) FROM pg_catalog.pg_stat_database) AS "Tocadas"
	) t
	
2024-11-13 20:28:02.941 GMT [35] LOG:  AUDIT: SESSION,14,1,READ,SELECT,,,"/*pga4dash*/
	SELECT 'session_stats' AS chart_name, pg_catalog.row_to_json(t) AS chart_data
	FROM (SELECT
	   (SELECT count(*) FROM pg_catalog.pg_stat_activity) AS ""Totales"",
	   (SELECT count(*) FROM pg_catalog.pg_stat_activity WHERE state = 'active')  AS ""Activa"",
	   (SELECT count(*) FROM pg_catalog.pg_stat_activity WHERE state = 'idle')  AS ""Inactiva""
	) t
	UNION ALL
	SELECT 'tps_stats' AS chart_name, pg_catalog.row_to_json(t) AS chart_data
	FROM (SELECT
	   (SELECT sum(xact_commit) + sum(xact_rollback) FROM pg_catalog.pg_stat_database) AS ""Transacciones"",
	   (SELECT sum(xact_commit) FROM pg_catalog.pg_stat_database) AS ""Cometer"",
	   (SELECT sum(xact_rollback) FROM pg_catalog.pg_stat_database) AS ""Retroceder""
	) t
	UNION ALL
	SELECT 'ti_stats' AS chart_name, pg_catalog.row_to_json(t) AS chart_data
	FROM (SELECT
	   (SELECT sum(tup_inserted) FROM pg_catalog.pg_stat_database) AS ""Insersiones"",
	   (SELECT sum(tup_updated) FROM pg_catalog.pg_stat_database) AS ""Actualizaciones"",
	   (SELECT sum(tup_deleted) FROM pg_catalog.pg_stat_database) AS ""Borrados""
	) t
	UNION ALL
	SELECT 'to_stats' AS chart_name, pg_catalog.row_to_json(t) AS chart_data
	FROM (SELECT
	   (SELECT sum(tup_fetched) FROM pg_catalog.pg_stat_database) AS ""Recuperado"",
	   (SELECT sum(tup_returned) FROM pg_catalog.pg_stat_database) AS ""Retornado""
	) t
	UNION ALL
	SELECT 'bio_stats' AS chart_name, pg_catalog.row_to_json(t) AS chart_data
	FROM (SELECT
	   (SELECT sum(blks_read) FROM pg_catalog.pg_stat_database) AS ""Leidas"",
	   (SELECT sum(blks_hit) FROM pg_catalog.pg_stat_database) AS ""Tocadas""
	) t",<not logged>
2024-11-13 20:28:02.942 GMT [35] LOG:  duration: 12.992 ms
2024-11-13 20:28:07.923 GMT [35] LOG:  statement: /*pga4dash*/
	SELECT 'session_stats' AS chart_name, pg_catalog.row_to_json(t) AS chart_data
	FROM (SELECT
	   (SELECT count(*) FROM pg_catalog.pg_stat_activity) AS "Totales",
	   (SELECT count(*) FROM pg_catalog.pg_stat_activity WHERE state = 'active')  AS "Activa",
	   (SELECT count(*) FROM pg_catalog.pg_stat_activity WHERE state = 'idle')  AS "Inactiva"
	) t
	UNION ALL
	SELECT 'tps_stats' AS chart_name, pg_catalog.row_to_json(t) AS chart_data
	FROM (SELECT
	   (SELECT sum(xact_commit) + sum(xact_rollback) FROM pg_catalog.pg_stat_database) AS "Transacciones",
	   (SELECT sum(xact_commit) FROM pg_catalog.pg_stat_database) AS "Cometer",
	   (SELECT sum(xact_rollback) FROM pg_catalog.pg_stat_database) AS "Retroceder"
	) t
	UNION ALL
	SELECT 'ti_stats' AS chart_name, pg_catalog.row_to_json(t) AS chart_data
	FROM (SELECT
	   (SELECT sum(tup_inserted) FROM pg_catalog.pg_stat_database) AS "Insersiones",
	   (SELECT sum(tup_updated) FROM pg_catalog.pg_stat_database) AS "Actualizaciones",
	   (SELECT sum(tup_deleted) FROM pg_catalog.pg_stat_database) AS "Borrados"
	) t
	UNION ALL
	SELECT 'to_stats' AS chart_name, pg_catalog.row_to_json(t) AS chart_data
	FROM (SELECT
	   (SELECT sum(tup_fetched) FROM pg_catalog.pg_stat_database) AS "Recuperado",
	   (SELECT sum(tup_returned) FROM pg_catalog.pg_stat_database) AS "Retornado"
	) t
	UNION ALL
	SELECT 'bio_stats' AS chart_name, pg_catalog.row_to_json(t) AS chart_data
	FROM (SELECT
	   (SELECT sum(blks_read) FROM pg_catalog.pg_stat_database) AS "Leidas",
	   (SELECT sum(blks_hit) FROM pg_catalog.pg_stat_database) AS "Tocadas"
	) t
	
2024-11-13 20:28:07.935 GMT [35] LOG:  AUDIT: SESSION,15,1,READ,SELECT,,,"/*pga4dash*/
	SELECT 'session_stats' AS chart_name, pg_catalog.row_to_json(t) AS chart_data
	FROM (SELECT
	   (SELECT count(*) FROM pg_catalog.pg_stat_activity) AS ""Totales"",
	   (SELECT count(*) FROM pg_catalog.pg_stat_activity WHERE state = 'active')  AS ""Activa"",
	   (SELECT count(*) FROM pg_catalog.pg_stat_activity WHERE state = 'idle')  AS ""Inactiva""
	) t
	UNION ALL
	SELECT 'tps_stats' AS chart_name, pg_catalog.row_to_json(t) AS chart_data
	FROM (SELECT
	   (SELECT sum(xact_commit) + sum(xact_rollback) FROM pg_catalog.pg_stat_database) AS ""Transacciones"",
	   (SELECT sum(xact_commit) FROM pg_catalog.pg_stat_database) AS ""Cometer"",
	   (SELECT sum(xact_rollback) FROM pg_catalog.pg_stat_database) AS ""Retroceder""
	) t
	UNION ALL
	SELECT 'ti_stats' AS chart_name, pg_catalog.row_to_json(t) AS chart_data
	FROM (SELECT
	   (SELECT sum(tup_inserted) FROM pg_catalog.pg_stat_database) AS ""Insersiones"",
	   (SELECT sum(tup_updated) FROM pg_catalog.pg_stat_database) AS ""Actualizaciones"",
	   (SELECT sum(tup_deleted) FROM pg_catalog.pg_stat_database) AS ""Borrados""
	) t
	UNION ALL
	SELECT 'to_stats' AS chart_name, pg_catalog.row_to_json(t) AS chart_data
	FROM (SELECT
	   (SELECT sum(tup_fetched) FROM pg_catalog.pg_stat_database) AS ""Recuperado"",
	   (SELECT sum(tup_returned) FROM pg_catalog.pg_stat_database) AS ""Retornado""
	) t
	UNION ALL
	SELECT 'bio_stats' AS chart_name, pg_catalog.row_to_json(t) AS chart_data
	FROM (SELECT
	   (SELECT sum(blks_read) FROM pg_catalog.pg_stat_database) AS ""Leidas"",
	   (SELECT sum(blks_hit) FROM pg_catalog.pg_stat_database) AS ""Tocadas""
	) t",<not logged>
2024-11-13 20:28:07.937 GMT [35] LOG:  duration: 15.394 ms
2024-11-13 20:28:12.909 GMT [35] LOG:  statement: /*pga4dash*/
	SELECT 'session_stats' AS chart_name, pg_catalog.row_to_json(t) AS chart_data
	FROM (SELECT
	   (SELECT count(*) FROM pg_catalog.pg_stat_activity) AS "Totales",
	   (SELECT count(*) FROM pg_catalog.pg_stat_activity WHERE state = 'active')  AS "Activa",
	   (SELECT count(*) FROM pg_catalog.pg_stat_activity WHERE state = 'idle')  AS "Inactiva"
	) t
	UNION ALL
	SELECT 'tps_stats' AS chart_name, pg_catalog.row_to_json(t) AS chart_data
	FROM (SELECT
	   (SELECT sum(xact_commit) + sum(xact_rollback) FROM pg_catalog.pg_stat_database) AS "Transacciones",
	   (SELECT sum(xact_commit) FROM pg_catalog.pg_stat_database) AS "Cometer",
	   (SELECT sum(xact_rollback) FROM pg_catalog.pg_stat_database) AS "Retroceder"
	) t
	UNION ALL
	SELECT 'ti_stats' AS chart_name, pg_catalog.row_to_json(t) AS chart_data
	FROM (SELECT
	   (SELECT sum(tup_inserted) FROM pg_catalog.pg_stat_database) AS "Insersiones",
	   (SELECT sum(tup_updated) FROM pg_catalog.pg_stat_database) AS "Actualizaciones",
	   (SELECT sum(tup_deleted) FROM pg_catalog.pg_stat_database) AS "Borrados"
	) t
	UNION ALL
	SELECT 'to_stats' AS chart_name, pg_catalog.row_to_json(t) AS chart_data
	FROM (SELECT
	   (SELECT sum(tup_fetched) FROM pg_catalog.pg_stat_database) AS "Recuperado",
	   (SELECT sum(tup_returned) FROM pg_catalog.pg_stat_database) AS "Retornado"
	) t
	UNION ALL
	SELECT 'bio_stats' AS chart_name, pg_catalog.row_to_json(t) AS chart_data
	FROM (SELECT
	   (SELECT sum(blks_read) FROM pg_catalog.pg_stat_database) AS "Leidas",
	   (SELECT sum(blks_hit) FROM pg_catalog.pg_stat_database) AS "Tocadas"
	) t
	
2024-11-13 20:28:12.921 GMT [35] LOG:  AUDIT: SESSION,16,1,READ,SELECT,,,"/*pga4dash*/
	SELECT 'session_stats' AS chart_name, pg_catalog.row_to_json(t) AS chart_data
	FROM (SELECT
	   (SELECT count(*) FROM pg_catalog.pg_stat_activity) AS ""Totales"",
	   (SELECT count(*) FROM pg_catalog.pg_stat_activity WHERE state = 'active')  AS ""Activa"",
	   (SELECT count(*) FROM pg_catalog.pg_stat_activity WHERE state = 'idle')  AS ""Inactiva""
	) t
	UNION ALL
	SELECT 'tps_stats' AS chart_name, pg_catalog.row_to_json(t) AS chart_data
	FROM (SELECT
	   (SELECT sum(xact_commit) + sum(xact_rollback) FROM pg_catalog.pg_stat_database) AS ""Transacciones"",
	   (SELECT sum(xact_commit) FROM pg_catalog.pg_stat_database) AS ""Cometer"",
	   (SELECT sum(xact_rollback) FROM pg_catalog.pg_stat_database) AS ""Retroceder""
	) t
	UNION ALL
	SELECT 'ti_stats' AS chart_name, pg_catalog.row_to_json(t) AS chart_data
	FROM (SELECT
	   (SELECT sum(tup_inserted) FROM pg_catalog.pg_stat_database) AS ""Insersiones"",
	   (SELECT sum(tup_updated) FROM pg_catalog.pg_stat_database) AS ""Actualizaciones"",
	   (SELECT sum(tup_deleted) FROM pg_catalog.pg_stat_database) AS ""Borrados""
	) t
	UNION ALL
	SELECT 'to_stats' AS chart_name, pg_catalog.row_to_json(t) AS chart_data
	FROM (SELECT
	   (SELECT sum(tup_fetched) FROM pg_catalog.pg_stat_database) AS ""Recuperado"",
	   (SELECT sum(tup_returned) FROM pg_catalog.pg_stat_database) AS ""Retornado""
	) t
	UNION ALL
	SELECT 'bio_stats' AS chart_name, pg_catalog.row_to_json(t) AS chart_data
	FROM (SELECT
	   (SELECT sum(blks_read) FROM pg_catalog.pg_stat_database) AS ""Leidas"",
	   (SELECT sum(blks_hit) FROM pg_catalog.pg_stat_database) AS ""Tocadas""
	) t",<not logged>
2024-11-13 20:28:12.922 GMT [35] LOG:  duration: 13.069 ms
2024-11-13 20:28:17.907 GMT [35] LOG:  statement: /*pga4dash*/
	SELECT 'session_stats' AS chart_name, pg_catalog.row_to_json(t) AS chart_data
	FROM (SELECT
	   (SELECT count(*) FROM pg_catalog.pg_stat_activity) AS "Totales",
	   (SELECT count(*) FROM pg_catalog.pg_stat_activity WHERE state = 'active')  AS "Activa",
	   (SELECT count(*) FROM pg_catalog.pg_stat_activity WHERE state = 'idle')  AS "Inactiva"
	) t
	UNION ALL
	SELECT 'tps_stats' AS chart_name, pg_catalog.row_to_json(t) AS chart_data
	FROM (SELECT
	   (SELECT sum(xact_commit) + sum(xact_rollback) FROM pg_catalog.pg_stat_database) AS "Transacciones",
	   (SELECT sum(xact_commit) FROM pg_catalog.pg_stat_database) AS "Cometer",
	   (SELECT sum(xact_rollback) FROM pg_catalog.pg_stat_database) AS "Retroceder"
	) t
	UNION ALL
	SELECT 'ti_stats' AS chart_name, pg_catalog.row_to_json(t) AS chart_data
	FROM (SELECT
	   (SELECT sum(tup_inserted) FROM pg_catalog.pg_stat_database) AS "Insersiones",
	   (SELECT sum(tup_updated) FROM pg_catalog.pg_stat_database) AS "Actualizaciones",
	   (SELECT sum(tup_deleted) FROM pg_catalog.pg_stat_database) AS "Borrados"
	) t
	UNION ALL
	SELECT 'to_stats' AS chart_name, pg_catalog.row_to_json(t) AS chart_data
	FROM (SELECT
	   (SELECT sum(tup_fetched) FROM pg_catalog.pg_stat_database) AS "Recuperado",
	   (SELECT sum(tup_returned) FROM pg_catalog.pg_stat_database) AS "Retornado"
	) t
	UNION ALL
	SELECT 'bio_stats' AS chart_name, pg_catalog.row_to_json(t) AS chart_data
	FROM (SELECT
	   (SELECT sum(blks_read) FROM pg_catalog.pg_stat_database) AS "Leidas",
	   (SELECT sum(blks_hit) FROM pg_catalog.pg_stat_database) AS "Tocadas"
	) t
	
2024-11-13 20:28:17.911 GMT [35] LOG:  AUDIT: SESSION,17,1,READ,SELECT,,,"/*pga4dash*/
	SELECT 'session_stats' AS chart_name, pg_catalog.row_to_json(t) AS chart_data
	FROM (SELECT
	   (SELECT count(*) FROM pg_catalog.pg_stat_activity) AS ""Totales"",
	   (SELECT count(*) FROM pg_catalog.pg_stat_activity WHERE state = 'active')  AS ""Activa"",
	   (SELECT count(*) FROM pg_catalog.pg_stat_activity WHERE state = 'idle')  AS ""Inactiva""
	) t
	UNION ALL
	SELECT 'tps_stats' AS chart_name, pg_catalog.row_to_json(t) AS chart_data
	FROM (SELECT
	   (SELECT sum(xact_commit) + sum(xact_rollback) FROM pg_catalog.pg_stat_database) AS ""Transacciones"",
	   (SELECT sum(xact_commit) FROM pg_catalog.pg_stat_database) AS ""Cometer"",
	   (SELECT sum(xact_rollback) FROM pg_catalog.pg_stat_database) AS ""Retroceder""
	) t
	UNION ALL
	SELECT 'ti_stats' AS chart_name, pg_catalog.row_to_json(t) AS chart_data
	FROM (SELECT
	   (SELECT sum(tup_inserted) FROM pg_catalog.pg_stat_database) AS ""Insersiones"",
	   (SELECT sum(tup_updated) FROM pg_catalog.pg_stat_database) AS ""Actualizaciones"",
	   (SELECT sum(tup_deleted) FROM pg_catalog.pg_stat_database) AS ""Borrados""
	) t
	UNION ALL
	SELECT 'to_stats' AS chart_name, pg_catalog.row_to_json(t) AS chart_data
	FROM (SELECT
	   (SELECT sum(tup_fetched) FROM pg_catalog.pg_stat_database) AS ""Recuperado"",
	   (SELECT sum(tup_returned) FROM pg_catalog.pg_stat_database) AS ""Retornado""
	) t
	UNION ALL
	SELECT 'bio_stats' AS chart_name, pg_catalog.row_to_json(t) AS chart_data
	FROM (SELECT
	   (SELECT sum(blks_read) FROM pg_catalog.pg_stat_database) AS ""Leidas"",
	   (SELECT sum(blks_hit) FROM pg_catalog.pg_stat_database) AS ""Tocadas""
	) t",<not logged>
2024-11-13 20:28:17.911 GMT [35] LOG:  duration: 4.600 ms
2024-11-13 20:28:23.093 GMT [35] LOG:  statement: /*pga4dash*/
	SELECT 'session_stats' AS chart_name, pg_catalog.row_to_json(t) AS chart_data
	FROM (SELECT
	   (SELECT count(*) FROM pg_catalog.pg_stat_activity) AS "Totales",
	   (SELECT count(*) FROM pg_catalog.pg_stat_activity WHERE state = 'active')  AS "Activa",
	   (SELECT count(*) FROM pg_catalog.pg_stat_activity WHERE state = 'idle')  AS "Inactiva"
	) t
	UNION ALL
	SELECT 'tps_stats' AS chart_name, pg_catalog.row_to_json(t) AS chart_data
	FROM (SELECT
	   (SELECT sum(xact_commit) + sum(xact_rollback) FROM pg_catalog.pg_stat_database) AS "Transacciones",
	   (SELECT sum(xact_commit) FROM pg_catalog.pg_stat_database) AS "Cometer",
	   (SELECT sum(xact_rollback) FROM pg_catalog.pg_stat_database) AS "Retroceder"
	) t
	UNION ALL
	SELECT 'ti_stats' AS chart_name, pg_catalog.row_to_json(t) AS chart_data
	FROM (SELECT
	   (SELECT sum(tup_inserted) FROM pg_catalog.pg_stat_database) AS "Insersiones",
	   (SELECT sum(tup_updated) FROM pg_catalog.pg_stat_database) AS "Actualizaciones",
	   (SELECT sum(tup_deleted) FROM pg_catalog.pg_stat_database) AS "Borrados"
	) t
	UNION ALL
	SELECT 'to_stats' AS chart_name, pg_catalog.row_to_json(t) AS chart_data
	FROM (SELECT
	   (SELECT sum(tup_fetched) FROM pg_catalog.pg_stat_database) AS "Recuperado",
	   (SELECT sum(tup_returned) FROM pg_catalog.pg_stat_database) AS "Retornado"
	) t
	UNION ALL
	SELECT 'bio_stats' AS chart_name, pg_catalog.row_to_json(t) AS chart_data
	FROM (SELECT
	   (SELECT sum(blks_read) FROM pg_catalog.pg_stat_database) AS "Leidas",
	   (SELECT sum(blks_hit) FROM pg_catalog.pg_stat_database) AS "Tocadas"
	) t
	
2024-11-13 20:28:23.105 GMT [35] LOG:  AUDIT: SESSION,18,1,READ,SELECT,,,"/*pga4dash*/
	SELECT 'session_stats' AS chart_name, pg_catalog.row_to_json(t) AS chart_data
	FROM (SELECT
	   (SELECT count(*) FROM pg_catalog.pg_stat_activity) AS ""Totales"",
	   (SELECT count(*) FROM pg_catalog.pg_stat_activity WHERE state = 'active')  AS ""Activa"",
	   (SELECT count(*) FROM pg_catalog.pg_stat_activity WHERE state = 'idle')  AS ""Inactiva""
	) t
	UNION ALL
	SELECT 'tps_stats' AS chart_name, pg_catalog.row_to_json(t) AS chart_data
	FROM (SELECT
	   (SELECT sum(xact_commit) + sum(xact_rollback) FROM pg_catalog.pg_stat_database) AS ""Transacciones"",
	   (SELECT sum(xact_commit) FROM pg_catalog.pg_stat_database) AS ""Cometer"",
	   (SELECT sum(xact_rollback) FROM pg_catalog.pg_stat_database) AS ""Retroceder""
	) t
	UNION ALL
	SELECT 'ti_stats' AS chart_name, pg_catalog.row_to_json(t) AS chart_data
	FROM (SELECT
	   (SELECT sum(tup_inserted) FROM pg_catalog.pg_stat_database) AS ""Insersiones"",
	   (SELECT sum(tup_updated) FROM pg_catalog.pg_stat_database) AS ""Actualizaciones"",
	   (SELECT sum(tup_deleted) FROM pg_catalog.pg_stat_database) AS ""Borrados""
	) t
	UNION ALL
	SELECT 'to_stats' AS chart_name, pg_catalog.row_to_json(t) AS chart_data
	FROM (SELECT
	   (SELECT sum(tup_fetched) FROM pg_catalog.pg_stat_database) AS ""Recuperado"",
	   (SELECT sum(tup_returned) FROM pg_catalog.pg_stat_database) AS ""Retornado""
	) t
	UNION ALL
	SELECT 'bio_stats' AS chart_name, pg_catalog.row_to_json(t) AS chart_data
	FROM (SELECT
	   (SELECT sum(blks_read) FROM pg_catalog.pg_stat_database) AS ""Leidas"",
	   (SELECT sum(blks_hit) FROM pg_catalog.pg_stat_database) AS ""Tocadas""
	) t",<not logged>
2024-11-13 20:28:23.106 GMT [35] LOG:  duration: 13.353 ms
2024-11-13 20:28:28.104 GMT [35] LOG:  statement: /*pga4dash*/
	SELECT 'session_stats' AS chart_name, pg_catalog.row_to_json(t) AS chart_data
	FROM (SELECT
	   (SELECT count(*) FROM pg_catalog.pg_stat_activity) AS "Totales",
	   (SELECT count(*) FROM pg_catalog.pg_stat_activity WHERE state = 'active')  AS "Activa",
	   (SELECT count(*) FROM pg_catalog.pg_stat_activity WHERE state = 'idle')  AS "Inactiva"
	) t
	UNION ALL
	SELECT 'tps_stats' AS chart_name, pg_catalog.row_to_json(t) AS chart_data
	FROM (SELECT
	   (SELECT sum(xact_commit) + sum(xact_rollback) FROM pg_catalog.pg_stat_database) AS "Transacciones",
	   (SELECT sum(xact_commit) FROM pg_catalog.pg_stat_database) AS "Cometer",
	   (SELECT sum(xact_rollback) FROM pg_catalog.pg_stat_database) AS "Retroceder"
	) t
	UNION ALL
	SELECT 'ti_stats' AS chart_name, pg_catalog.row_to_json(t) AS chart_data
	FROM (SELECT
	   (SELECT sum(tup_inserted) FROM pg_catalog.pg_stat_database) AS "Insersiones",
	   (SELECT sum(tup_updated) FROM pg_catalog.pg_stat_database) AS "Actualizaciones",
	   (SELECT sum(tup_deleted) FROM pg_catalog.pg_stat_database) AS "Borrados"
	) t
	UNION ALL
	SELECT 'to_stats' AS chart_name, pg_catalog.row_to_json(t) AS chart_data
	FROM (SELECT
	   (SELECT sum(tup_fetched) FROM pg_catalog.pg_stat_database) AS "Recuperado",
	   (SELECT sum(tup_returned) FROM pg_catalog.pg_stat_database) AS "Retornado"
	) t
	UNION ALL
	SELECT 'bio_stats' AS chart_name, pg_catalog.row_to_json(t) AS chart_data
	FROM (SELECT
	   (SELECT sum(blks_read) FROM pg_catalog.pg_stat_database) AS "Leidas",
	   (SELECT sum(blks_hit) FROM pg_catalog.pg_stat_database) AS "Tocadas"
	) t
	
2024-11-13 20:28:28.114 GMT [35] LOG:  AUDIT: SESSION,19,1,READ,SELECT,,,"/*pga4dash*/
	SELECT 'session_stats' AS chart_name, pg_catalog.row_to_json(t) AS chart_data
	FROM (SELECT
	   (SELECT count(*) FROM pg_catalog.pg_stat_activity) AS ""Totales"",
	   (SELECT count(*) FROM pg_catalog.pg_stat_activity WHERE state = 'active')  AS ""Activa"",
	   (SELECT count(*) FROM pg_catalog.pg_stat_activity WHERE state = 'idle')  AS ""Inactiva""
	) t
	UNION ALL
	SELECT 'tps_stats' AS chart_name, pg_catalog.row_to_json(t) AS chart_data
	FROM (SELECT
	   (SELECT sum(xact_commit) + sum(xact_rollback) FROM pg_catalog.pg_stat_database) AS ""Transacciones"",
	   (SELECT sum(xact_commit) FROM pg_catalog.pg_stat_database) AS ""Cometer"",
	   (SELECT sum(xact_rollback) FROM pg_catalog.pg_stat_database) AS ""Retroceder""
	) t
	UNION ALL
	SELECT 'ti_stats' AS chart_name, pg_catalog.row_to_json(t) AS chart_data
	FROM (SELECT
	   (SELECT sum(tup_inserted) FROM pg_catalog.pg_stat_database) AS ""Insersiones"",
	   (SELECT sum(tup_updated) FROM pg_catalog.pg_stat_database) AS ""Actualizaciones"",
	   (SELECT sum(tup_deleted) FROM pg_catalog.pg_stat_database) AS ""Borrados""
	) t
	UNION ALL
	SELECT 'to_stats' AS chart_name, pg_catalog.row_to_json(t) AS chart_data
	FROM (SELECT
	   (SELECT sum(tup_fetched) FROM pg_catalog.pg_stat_database) AS ""Recuperado"",
	   (SELECT sum(tup_returned) FROM pg_catalog.pg_stat_database) AS ""Retornado""
	) t
	UNION ALL
	SELECT 'bio_stats' AS chart_name, pg_catalog.row_to_json(t) AS chart_data
	FROM (SELECT
	   (SELECT sum(blks_read) FROM pg_catalog.pg_stat_database) AS ""Leidas"",
	   (SELECT sum(blks_hit) FROM pg_catalog.pg_stat_database) AS ""Tocadas""
	) t",<not logged>
2024-11-13 20:28:28.116 GMT [35] LOG:  duration: 11.866 ms
2024-11-13 20:28:33.095 GMT [35] LOG:  statement: /*pga4dash*/
	SELECT 'session_stats' AS chart_name, pg_catalog.row_to_json(t) AS chart_data
	FROM (SELECT
	   (SELECT count(*) FROM pg_catalog.pg_stat_activity) AS "Totales",
	   (SELECT count(*) FROM pg_catalog.pg_stat_activity WHERE state = 'active')  AS "Activa",
	   (SELECT count(*) FROM pg_catalog.pg_stat_activity WHERE state = 'idle')  AS "Inactiva"
	) t
	UNION ALL
	SELECT 'tps_stats' AS chart_name, pg_catalog.row_to_json(t) AS chart_data
	FROM (SELECT
	   (SELECT sum(xact_commit) + sum(xact_rollback) FROM pg_catalog.pg_stat_database) AS "Transacciones",
	   (SELECT sum(xact_commit) FROM pg_catalog.pg_stat_database) AS "Cometer",
	   (SELECT sum(xact_rollback) FROM pg_catalog.pg_stat_database) AS "Retroceder"
	) t
	UNION ALL
	SELECT 'ti_stats' AS chart_name, pg_catalog.row_to_json(t) AS chart_data
	FROM (SELECT
	   (SELECT sum(tup_inserted) FROM pg_catalog.pg_stat_database) AS "Insersiones",
	   (SELECT sum(tup_updated) FROM pg_catalog.pg_stat_database) AS "Actualizaciones",
	   (SELECT sum(tup_deleted) FROM pg_catalog.pg_stat_database) AS "Borrados"
	) t
	UNION ALL
	SELECT 'to_stats' AS chart_name, pg_catalog.row_to_json(t) AS chart_data
	FROM (SELECT
	   (SELECT sum(tup_fetched) FROM pg_catalog.pg_stat_database) AS "Recuperado",
	   (SELECT sum(tup_returned) FROM pg_catalog.pg_stat_database) AS "Retornado"
	) t
	UNION ALL
	SELECT 'bio_stats' AS chart_name, pg_catalog.row_to_json(t) AS chart_data
	FROM (SELECT
	   (SELECT sum(blks_read) FROM pg_catalog.pg_stat_database) AS "Leidas",
	   (SELECT sum(blks_hit) FROM pg_catalog.pg_stat_database) AS "Tocadas"
	) t
	
2024-11-13 20:28:33.111 GMT [35] LOG:  AUDIT: SESSION,20,1,READ,SELECT,,,"/*pga4dash*/
	SELECT 'session_stats' AS chart_name, pg_catalog.row_to_json(t) AS chart_data
	FROM (SELECT
	   (SELECT count(*) FROM pg_catalog.pg_stat_activity) AS ""Totales"",
	   (SELECT count(*) FROM pg_catalog.pg_stat_activity WHERE state = 'active')  AS ""Activa"",
	   (SELECT count(*) FROM pg_catalog.pg_stat_activity WHERE state = 'idle')  AS ""Inactiva""
	) t
	UNION ALL
	SELECT 'tps_stats' AS chart_name, pg_catalog.row_to_json(t) AS chart_data
	FROM (SELECT
	   (SELECT sum(xact_commit) + sum(xact_rollback) FROM pg_catalog.pg_stat_database) AS ""Transacciones"",
	   (SELECT sum(xact_commit) FROM pg_catalog.pg_stat_database) AS ""Cometer"",
	   (SELECT sum(xact_rollback) FROM pg_catalog.pg_stat_database) AS ""Retroceder""
	) t
	UNION ALL
	SELECT 'ti_stats' AS chart_name, pg_catalog.row_to_json(t) AS chart_data
	FROM (SELECT
	   (SELECT sum(tup_inserted) FROM pg_catalog.pg_stat_database) AS ""Insersiones"",
	   (SELECT sum(tup_updated) FROM pg_catalog.pg_stat_database) AS ""Actualizaciones"",
	   (SELECT sum(tup_deleted) FROM pg_catalog.pg_stat_database) AS ""Borrados""
	) t
	UNION ALL
	SELECT 'to_stats' AS chart_name, pg_catalog.row_to_json(t) AS chart_data
	FROM (SELECT
	   (SELECT sum(tup_fetched) FROM pg_catalog.pg_stat_database) AS ""Recuperado"",
	   (SELECT sum(tup_returned) FROM pg_catalog.pg_stat_database) AS ""Retornado""
	) t
	UNION ALL
	SELECT 'bio_stats' AS chart_name, pg_catalog.row_to_json(t) AS chart_data
	FROM (SELECT
	   (SELECT sum(blks_read) FROM pg_catalog.pg_stat_database) AS ""Leidas"",
	   (SELECT sum(blks_hit) FROM pg_catalog.pg_stat_database) AS ""Tocadas""
	) t",<not logged>
2024-11-13 20:28:33.113 GMT [35] LOG:  duration: 18.776 ms
2024-11-13 20:28:41.971 GMT [35] LOG:  statement: 
	SELECT
	    has_table_privilege(
	      'pgagent.pga_job', 'INSERT, SELECT, UPDATE'
	    ) has_priviledge
	WHERE EXISTS(
	    SELECT has_schema_privilege('pgagent', 'USAGE')
	    WHERE EXISTS(
	        SELECT cl.oid FROM pg_catalog.pg_class cl
	        LEFT JOIN pg_catalog.pg_namespace ns ON ns.oid=relnamespace
	        WHERE relname='pga_job' AND nspname='pgagent'
	    )
	)
	
2024-11-13 20:28:41.989 GMT [35] LOG:  AUDIT: SESSION,21,1,READ,SELECT,,,"SELECT
	    has_table_privilege(
	      'pgagent.pga_job', 'INSERT, SELECT, UPDATE'
	    ) has_priviledge
	WHERE EXISTS(
	    SELECT has_schema_privilege('pgagent', 'USAGE')
	    WHERE EXISTS(
	        SELECT cl.oid FROM pg_catalog.pg_class cl
	        LEFT JOIN pg_catalog.pg_namespace ns ON ns.oid=relnamespace
	        WHERE relname='pga_job' AND nspname='pgagent'
	    )
	)",<not logged>
2024-11-13 20:28:41.990 GMT [35] LOG:  duration: 18.773 ms
2024-11-13 20:28:42.005 GMT [35] LOG:  statement: SELECT CASE
	    WHEN (SELECT count(extname) FROM pg_catalog.pg_extension WHERE extname='bdr') > 0
	    THEN 'pgd'
	    WHEN (SELECT COUNT(*) FROM pg_replication_slots) > 0
	    THEN 'log'
	    ELSE NULL
	END as type;
2024-11-13 20:28:42.006 GMT [35] LOG:  AUDIT: SESSION,22,1,READ,SELECT,,,"SELECT CASE
	    WHEN (SELECT count(extname) FROM pg_catalog.pg_extension WHERE extname='bdr') > 0
	    THEN 'pgd'
	    WHEN (SELECT COUNT(*) FROM pg_replication_slots) > 0
	    THEN 'log'
	    ELSE NULL
	END as type",<not logged>
2024-11-13 20:28:42.006 GMT [35] LOG:  duration: 1.086 ms
2024-11-13 20:28:42.011 GMT [35] LOG:  statement: SELECT CASE
	    WHEN (SELECT count(extname) FROM pg_catalog.pg_extension WHERE extname='bdr') > 0
	    THEN 'pgd'
	    WHEN (SELECT COUNT(*) FROM pg_replication_slots) > 0
	    THEN 'log'
	    ELSE NULL
	END as type;
2024-11-13 20:28:42.011 GMT [35] LOG:  AUDIT: SESSION,23,1,READ,SELECT,,,"SELECT CASE
	    WHEN (SELECT count(extname) FROM pg_catalog.pg_extension WHERE extname='bdr') > 0
	    THEN 'pgd'
	    WHEN (SELECT COUNT(*) FROM pg_replication_slots) > 0
	    THEN 'log'
	    ELSE NULL
	END as type",<not logged>
2024-11-13 20:28:42.011 GMT [35] LOG:  duration: 0.834 ms
2024-11-13 20:28:42.896 GMT [35] LOG:  statement: /*pga4dash*/
	SELECT 'session_stats' AS chart_name, pg_catalog.row_to_json(t) AS chart_data
	FROM (SELECT
	   (SELECT count(*) FROM pg_catalog.pg_stat_activity) AS "Totales",
	   (SELECT count(*) FROM pg_catalog.pg_stat_activity WHERE state = 'active')  AS "Activa",
	   (SELECT count(*) FROM pg_catalog.pg_stat_activity WHERE state = 'idle')  AS "Inactiva"
	) t
	UNION ALL
	SELECT 'tps_stats' AS chart_name, pg_catalog.row_to_json(t) AS chart_data
	FROM (SELECT
	   (SELECT sum(xact_commit) + sum(xact_rollback) FROM pg_catalog.pg_stat_database) AS "Transacciones",
	   (SELECT sum(xact_commit) FROM pg_catalog.pg_stat_database) AS "Cometer",
	   (SELECT sum(xact_rollback) FROM pg_catalog.pg_stat_database) AS "Retroceder"
	) t
	UNION ALL
	SELECT 'ti_stats' AS chart_name, pg_catalog.row_to_json(t) AS chart_data
	FROM (SELECT
	   (SELECT sum(tup_inserted) FROM pg_catalog.pg_stat_database) AS "Insersiones",
	   (SELECT sum(tup_updated) FROM pg_catalog.pg_stat_database) AS "Actualizaciones",
	   (SELECT sum(tup_deleted) FROM pg_catalog.pg_stat_database) AS "Borrados"
	) t
	UNION ALL
	SELECT 'to_stats' AS chart_name, pg_catalog.row_to_json(t) AS chart_data
	FROM (SELECT
	   (SELECT sum(tup_fetched) FROM pg_catalog.pg_stat_database) AS "Recuperado",
	   (SELECT sum(tup_returned) FROM pg_catalog.pg_stat_database) AS "Retornado"
	) t
	UNION ALL
	SELECT 'bio_stats' AS chart_name, pg_catalog.row_to_json(t) AS chart_data
	FROM (SELECT
	   (SELECT sum(blks_read) FROM pg_catalog.pg_stat_database) AS "Leidas",
	   (SELECT sum(blks_hit) FROM pg_catalog.pg_stat_database) AS "Tocadas"
	) t
	
2024-11-13 20:28:42.900 GMT [35] LOG:  AUDIT: SESSION,24,1,READ,SELECT,,,"/*pga4dash*/
	SELECT 'session_stats' AS chart_name, pg_catalog.row_to_json(t) AS chart_data
	FROM (SELECT
	   (SELECT count(*) FROM pg_catalog.pg_stat_activity) AS ""Totales"",
	   (SELECT count(*) FROM pg_catalog.pg_stat_activity WHERE state = 'active')  AS ""Activa"",
	   (SELECT count(*) FROM pg_catalog.pg_stat_activity WHERE state = 'idle')  AS ""Inactiva""
	) t
	UNION ALL
	SELECT 'tps_stats' AS chart_name, pg_catalog.row_to_json(t) AS chart_data
	FROM (SELECT
	   (SELECT sum(xact_commit) + sum(xact_rollback) FROM pg_catalog.pg_stat_database) AS ""Transacciones"",
	   (SELECT sum(xact_commit) FROM pg_catalog.pg_stat_database) AS ""Cometer"",
	   (SELECT sum(xact_rollback) FROM pg_catalog.pg_stat_database) AS ""Retroceder""
	) t
	UNION ALL
	SELECT 'ti_stats' AS chart_name, pg_catalog.row_to_json(t) AS chart_data
	FROM (SELECT
	   (SELECT sum(tup_inserted) FROM pg_catalog.pg_stat_database) AS ""Insersiones"",
	   (SELECT sum(tup_updated) FROM pg_catalog.pg_stat_database) AS ""Actualizaciones"",
	   (SELECT sum(tup_deleted) FROM pg_catalog.pg_stat_database) AS ""Borrados""
	) t
	UNION ALL
	SELECT 'to_stats' AS chart_name, pg_catalog.row_to_json(t) AS chart_data
	FROM (SELECT
	   (SELECT sum(tup_fetched) FROM pg_catalog.pg_stat_database) AS ""Recuperado"",
	   (SELECT sum(tup_returned) FROM pg_catalog.pg_stat_database) AS ""Retornado""
	) t
	UNION ALL
	SELECT 'bio_stats' AS chart_name, pg_catalog.row_to_json(t) AS chart_data
	FROM (SELECT
	   (SELECT sum(blks_read) FROM pg_catalog.pg_stat_database) AS ""Leidas"",
	   (SELECT sum(blks_hit) FROM pg_catalog.pg_stat_database) AS ""Tocadas""
	) t",<not logged>
2024-11-13 20:28:42.901 GMT [35] LOG:  duration: 4.817 ms
2024-11-13 20:28:44.612 GMT [35] LOG:  statement: SELECT
	    db.oid as did, db.datname as name, ta.spcname as spcname, db.datallowconn,
	    db.datistemplate AS is_template,
	    pg_catalog.has_database_privilege(db.oid, 'CREATE') as cancreate, datdba as owner,
	    descr.description
	FROM
	    pg_catalog.pg_database db
	    LEFT OUTER JOIN pg_catalog.pg_tablespace ta ON db.dattablespace = ta.oid
	    LEFT OUTER JOIN pg_catalog.pg_shdescription descr ON (
	        db.oid=descr.objoid AND descr.classoid='pg_database'::regclass
	    )
	WHERE         db.oid > 16383::OID OR db.datname IN ('postgres', 'edb')
	
	ORDER BY datname;
2024-11-13 20:28:44.621 GMT [35] LOG:  AUDIT: SESSION,25,1,READ,SELECT,,,"SELECT
	    db.oid as did, db.datname as name, ta.spcname as spcname, db.datallowconn,
	    db.datistemplate AS is_template,
	    pg_catalog.has_database_privilege(db.oid, 'CREATE') as cancreate, datdba as owner,
	    descr.description
	FROM
	    pg_catalog.pg_database db
	    LEFT OUTER JOIN pg_catalog.pg_tablespace ta ON db.dattablespace = ta.oid
	    LEFT OUTER JOIN pg_catalog.pg_shdescription descr ON (
	        db.oid=descr.objoid AND descr.classoid='pg_database'::regclass
	    )
	WHERE         db.oid > 16383::OID OR db.datname IN ('postgres', 'edb')
	
	ORDER BY datname",<not logged>
2024-11-13 20:28:44.624 GMT [35] LOG:  duration: 12.373 ms
2024-11-13 20:28:44.911 GMT [35] LOG:  statement: 
	            SELECT COUNT(*) FROM pg_extension WHERE extname IN (
	                'edb_job_scheduler', 'dbms_scheduler') 
2024-11-13 20:28:44.912 GMT [35] LOG:  AUDIT: SESSION,26,1,READ,SELECT,,,"SELECT COUNT(*) FROM pg_extension WHERE extname IN (
	                'edb_job_scheduler', 'dbms_scheduler')",<not logged>
2024-11-13 20:28:44.912 GMT [35] LOG:  duration: 1.350 ms
2024-11-13 20:28:44.954 GMT [35] LOG:  statement: /*pga4dash*/
	SELECT 'session_stats' AS chart_name, pg_catalog.row_to_json(t) AS chart_data
	FROM (SELECT
	   (SELECT count(*) FROM pg_catalog.pg_stat_activity WHERE datname = (SELECT datname FROM pg_catalog.pg_database WHERE oid = 5)) AS "Totales",
	   (SELECT count(*) FROM pg_catalog.pg_stat_activity WHERE state = 'active' AND datname = (SELECT datname FROM pg_catalog.pg_database WHERE oid = 5))  AS "Activa",
	   (SELECT count(*) FROM pg_catalog.pg_stat_activity WHERE state = 'idle' AND datname = (SELECT datname FROM pg_catalog.pg_database WHERE oid = 5))  AS "Inactiva"
	) t
	UNION ALL
	SELECT 'tps_stats' AS chart_name, pg_catalog.row_to_json(t) AS chart_data
	FROM (SELECT
	   (SELECT sum(xact_commit) + sum(xact_rollback) FROM pg_catalog.pg_stat_database WHERE datname = (SELECT datname FROM pg_catalog.pg_database WHERE oid = 5)) AS "Transacciones",
	   (SELECT sum(xact_commit) FROM pg_catalog.pg_stat_database WHERE datname = (SELECT datname FROM pg_catalog.pg_database WHERE oid = 5)) AS "Cometer",
	   (SELECT sum(xact_rollback) FROM pg_catalog.pg_stat_database WHERE datname = (SELECT datname FROM pg_catalog.pg_database WHERE oid = 5)) AS "Retroceder"
	) t
	UNION ALL
	SELECT 'ti_stats' AS chart_name, pg_catalog.row_to_json(t) AS chart_data
	FROM (SELECT
	   (SELECT sum(tup_inserted) FROM pg_catalog.pg_stat_database WHERE datname = (SELECT datname FROM pg_catalog.pg_database WHERE oid = 5)) AS "Insersiones",
	   (SELECT sum(tup_updated) FROM pg_catalog.pg_stat_database WHERE datname = (SELECT datname FROM pg_catalog.pg_database WHERE oid = 5)) AS "Actualizaciones",
	   (SELECT sum(tup_deleted) FROM pg_catalog.pg_stat_database WHERE datname = (SELECT datname FROM pg_catalog.pg_database WHERE oid = 5)) AS "Borrados"
	) t
	UNION ALL
	SELECT 'to_stats' AS chart_name, pg_catalog.row_to_json(t) AS chart_data
	FROM (SELECT
	   (SELECT sum(tup_fetched) FROM pg_catalog.pg_stat_database WHERE datname = (SELECT datname FROM pg_catalog.pg_database WHERE oid = 5)) AS "Recuperado",
	   (SELECT sum(tup_returned) FROM pg_catalog.pg_stat_database WHERE datname = (SELECT datname FROM pg_catalog.pg_database WHERE oid = 5)) AS "Retornado"
	) t
	UNION ALL
	SELECT 'bio_stats' AS chart_name, pg_catalog.row_to_json(t) AS chart_data
	FROM (SELECT
	   (SELECT sum(blks_read) FROM pg_catalog.pg_stat_database WHERE datname = (SELECT datname FROM pg_catalog.pg_database WHERE oid = 5)) AS "Leidas",
	   (SELECT sum(blks_hit) FROM pg_catalog.pg_stat_database WHERE datname = (SELECT datname FROM pg_catalog.pg_database WHERE oid = 5)) AS "Tocadas"
	) t
	
2024-11-13 20:28:44.971 GMT [35] LOG:  AUDIT: SESSION,27,1,READ,SELECT,,,"/*pga4dash*/
	SELECT 'session_stats' AS chart_name, pg_catalog.row_to_json(t) AS chart_data
	FROM (SELECT
	   (SELECT count(*) FROM pg_catalog.pg_stat_activity WHERE datname = (SELECT datname FROM pg_catalog.pg_database WHERE oid = 5)) AS ""Totales"",
	   (SELECT count(*) FROM pg_catalog.pg_stat_activity WHERE state = 'active' AND datname = (SELECT datname FROM pg_catalog.pg_database WHERE oid = 5))  AS ""Activa"",
	   (SELECT count(*) FROM pg_catalog.pg_stat_activity WHERE state = 'idle' AND datname = (SELECT datname FROM pg_catalog.pg_database WHERE oid = 5))  AS ""Inactiva""
	) t
	UNION ALL
	SELECT 'tps_stats' AS chart_name, pg_catalog.row_to_json(t) AS chart_data
	FROM (SELECT
	   (SELECT sum(xact_commit) + sum(xact_rollback) FROM pg_catalog.pg_stat_database WHERE datname = (SELECT datname FROM pg_catalog.pg_database WHERE oid = 5)) AS ""Transacciones"",
	   (SELECT sum(xact_commit) FROM pg_catalog.pg_stat_database WHERE datname = (SELECT datname FROM pg_catalog.pg_database WHERE oid = 5)) AS ""Cometer"",
	   (SELECT sum(xact_rollback) FROM pg_catalog.pg_stat_database WHERE datname = (SELECT datname FROM pg_catalog.pg_database WHERE oid = 5)) AS ""Retroceder""
	) t
	UNION ALL
	SELECT 'ti_stats' AS chart_name, pg_catalog.row_to_json(t) AS chart_data
	FROM (SELECT
	   (SELECT sum(tup_inserted) FROM pg_catalog.pg_stat_database WHERE datname = (SELECT datname FROM pg_catalog.pg_database WHERE oid = 5)) AS ""Insersiones"",
	   (SELECT sum(tup_updated) FROM pg_catalog.pg_stat_database WHERE datname = (SELECT datname FROM pg_catalog.pg_database WHERE oid = 5)) AS ""Actualizaciones"",
	   (SELECT sum(tup_deleted) FROM pg_catalog.pg_stat_database WHERE datname = (SELECT datname FROM pg_catalog.pg_database WHERE oid = 5)) AS ""Borrados""
	) t
	UNION ALL
	SELECT 'to_stats' AS chart_name, pg_catalog.row_to_json(t) AS chart_data
	FROM (SELECT
	   (SELECT sum(tup_fetched) FROM pg_catalog.pg_stat_database WHERE datname = (SELECT datname FROM pg_catalog.pg_database WHERE oid = 5)) AS ""Recuperado"",
	   (SELECT sum(tup_returned) FROM pg_catalog.pg_stat_database WHERE datname = (SELECT datname FROM pg_catalog.pg_database WHERE oid = 5)) AS ""Retornado""
	) t
	UNION ALL
	SELECT 'bio_stats' AS chart_name, pg_catalog.row_to_json(t) AS chart_data
	FROM (SELECT
	   (SELECT sum(blks_read) FROM pg_catalog.pg_stat_database WHERE datname = (SELECT datname FROM pg_catalog.pg_database WHERE oid = 5)) AS ""Leidas"",
	   (SELECT sum(blks_hit) FROM pg_catalog.pg_stat_database WHERE datname = (SELECT datname FROM pg_catalog.pg_database WHERE oid = 5)) AS ""Tocadas""
	) t",<not logged>
2024-11-13 20:28:44.974 GMT [35] LOG:  duration: 19.886 ms
2024-11-13 20:28:50.045 GMT [35] LOG:  statement: /*pga4dash*/
	SELECT 'session_stats' AS chart_name, pg_catalog.row_to_json(t) AS chart_data
	FROM (SELECT
	   (SELECT count(*) FROM pg_catalog.pg_stat_activity WHERE datname = (SELECT datname FROM pg_catalog.pg_database WHERE oid = 5)) AS "Totales",
	   (SELECT count(*) FROM pg_catalog.pg_stat_activity WHERE state = 'active' AND datname = (SELECT datname FROM pg_catalog.pg_database WHERE oid = 5))  AS "Activa",
	   (SELECT count(*) FROM pg_catalog.pg_stat_activity WHERE state = 'idle' AND datname = (SELECT datname FROM pg_catalog.pg_database WHERE oid = 5))  AS "Inactiva"
	) t
	UNION ALL
	SELECT 'tps_stats' AS chart_name, pg_catalog.row_to_json(t) AS chart_data
	FROM (SELECT
	   (SELECT sum(xact_commit) + sum(xact_rollback) FROM pg_catalog.pg_stat_database WHERE datname = (SELECT datname FROM pg_catalog.pg_database WHERE oid = 5)) AS "Transacciones",
	   (SELECT sum(xact_commit) FROM pg_catalog.pg_stat_database WHERE datname = (SELECT datname FROM pg_catalog.pg_database WHERE oid = 5)) AS "Cometer",
	   (SELECT sum(xact_rollback) FROM pg_catalog.pg_stat_database WHERE datname = (SELECT datname FROM pg_catalog.pg_database WHERE oid = 5)) AS "Retroceder"
	) t
	UNION ALL
	SELECT 'ti_stats' AS chart_name, pg_catalog.row_to_json(t) AS chart_data
	FROM (SELECT
	   (SELECT sum(tup_inserted) FROM pg_catalog.pg_stat_database WHERE datname = (SELECT datname FROM pg_catalog.pg_database WHERE oid = 5)) AS "Insersiones",
	   (SELECT sum(tup_updated) FROM pg_catalog.pg_stat_database WHERE datname = (SELECT datname FROM pg_catalog.pg_database WHERE oid = 5)) AS "Actualizaciones",
	   (SELECT sum(tup_deleted) FROM pg_catalog.pg_stat_database WHERE datname = (SELECT datname FROM pg_catalog.pg_database WHERE oid = 5)) AS "Borrados"
	) t
	UNION ALL
	SELECT 'to_stats' AS chart_name, pg_catalog.row_to_json(t) AS chart_data
	FROM (SELECT
	   (SELECT sum(tup_fetched) FROM pg_catalog.pg_stat_database WHERE datname = (SELECT datname FROM pg_catalog.pg_database WHERE oid = 5)) AS "Recuperado",
	   (SELECT sum(tup_returned) FROM pg_catalog.pg_stat_database WHERE datname = (SELECT datname FROM pg_catalog.pg_database WHERE oid = 5)) AS "Retornado"
	) t
	UNION ALL
	SELECT 'bio_stats' AS chart_name, pg_catalog.row_to_json(t) AS chart_data
	FROM (SELECT
	   (SELECT sum(blks_read) FROM pg_catalog.pg_stat_database WHERE datname = (SELECT datname FROM pg_catalog.pg_database WHERE oid = 5)) AS "Leidas",
	   (SELECT sum(blks_hit) FROM pg_catalog.pg_stat_database WHERE datname = (SELECT datname FROM pg_catalog.pg_database WHERE oid = 5)) AS "Tocadas"
	) t
	
2024-11-13 20:28:50.212 GMT [35] LOG:  AUDIT: SESSION,28,1,READ,SELECT,,,"/*pga4dash*/
	SELECT 'session_stats' AS chart_name, pg_catalog.row_to_json(t) AS chart_data
	FROM (SELECT
	   (SELECT count(*) FROM pg_catalog.pg_stat_activity WHERE datname = (SELECT datname FROM pg_catalog.pg_database WHERE oid = 5)) AS ""Totales"",
	   (SELECT count(*) FROM pg_catalog.pg_stat_activity WHERE state = 'active' AND datname = (SELECT datname FROM pg_catalog.pg_database WHERE oid = 5))  AS ""Activa"",
	   (SELECT count(*) FROM pg_catalog.pg_stat_activity WHERE state = 'idle' AND datname = (SELECT datname FROM pg_catalog.pg_database WHERE oid = 5))  AS ""Inactiva""
	) t
	UNION ALL
	SELECT 'tps_stats' AS chart_name, pg_catalog.row_to_json(t) AS chart_data
	FROM (SELECT
	   (SELECT sum(xact_commit) + sum(xact_rollback) FROM pg_catalog.pg_stat_database WHERE datname = (SELECT datname FROM pg_catalog.pg_database WHERE oid = 5)) AS ""Transacciones"",
	   (SELECT sum(xact_commit) FROM pg_catalog.pg_stat_database WHERE datname = (SELECT datname FROM pg_catalog.pg_database WHERE oid = 5)) AS ""Cometer"",
	   (SELECT sum(xact_rollback) FROM pg_catalog.pg_stat_database WHERE datname = (SELECT datname FROM pg_catalog.pg_database WHERE oid = 5)) AS ""Retroceder""
	) t
	UNION ALL
	SELECT 'ti_stats' AS chart_name, pg_catalog.row_to_json(t) AS chart_data
	FROM (SELECT
	   (SELECT sum(tup_inserted) FROM pg_catalog.pg_stat_database WHERE datname = (SELECT datname FROM pg_catalog.pg_database WHERE oid = 5)) AS ""Insersiones"",
	   (SELECT sum(tup_updated) FROM pg_catalog.pg_stat_database WHERE datname = (SELECT datname FROM pg_catalog.pg_database WHERE oid = 5)) AS ""Actualizaciones"",
	   (SELECT sum(tup_deleted) FROM pg_catalog.pg_stat_database WHERE datname = (SELECT datname FROM pg_catalog.pg_database WHERE oid = 5)) AS ""Borrados""
	) t
	UNION ALL
	SELECT 'to_stats' AS chart_name, pg_catalog.row_to_json(t) AS chart_data
	FROM (SELECT
	   (SELECT sum(tup_fetched) FROM pg_catalog.pg_stat_database WHERE datname = (SELECT datname FROM pg_catalog.pg_database WHERE oid = 5)) AS ""Recuperado"",
	   (SELECT sum(tup_returned) FROM pg_catalog.pg_stat_database WHERE datname = (SELECT datname FROM pg_catalog.pg_database WHERE oid = 5)) AS ""Retornado""
	) t
	UNION ALL
	SELECT 'bio_stats' AS chart_name, pg_catalog.row_to_json(t) AS chart_data
	FROM (SELECT
	   (SELECT sum(blks_read) FROM pg_catalog.pg_stat_database WHERE datname = (SELECT datname FROM pg_catalog.pg_database WHERE oid = 5)) AS ""Leidas"",
	   (SELECT sum(blks_hit) FROM pg_catalog.pg_stat_database WHERE datname = (SELECT datname FROM pg_catalog.pg_database WHERE oid = 5)) AS ""Tocadas""
	) t",<not logged>
2024-11-13 20:28:50.214 GMT [35] LOG:  duration: 168.713 ms
2024-11-13 20:28:55.033 GMT [35] LOG:  statement: /*pga4dash*/
	SELECT 'session_stats' AS chart_name, pg_catalog.row_to_json(t) AS chart_data
	FROM (SELECT
	   (SELECT count(*) FROM pg_catalog.pg_stat_activity WHERE datname = (SELECT datname FROM pg_catalog.pg_database WHERE oid = 5)) AS "Totales",
	   (SELECT count(*) FROM pg_catalog.pg_stat_activity WHERE state = 'active' AND datname = (SELECT datname FROM pg_catalog.pg_database WHERE oid = 5))  AS "Activa",
	   (SELECT count(*) FROM pg_catalog.pg_stat_activity WHERE state = 'idle' AND datname = (SELECT datname FROM pg_catalog.pg_database WHERE oid = 5))  AS "Inactiva"
	) t
	UNION ALL
	SELECT 'tps_stats' AS chart_name, pg_catalog.row_to_json(t) AS chart_data
	FROM (SELECT
	   (SELECT sum(xact_commit) + sum(xact_rollback) FROM pg_catalog.pg_stat_database WHERE datname = (SELECT datname FROM pg_catalog.pg_database WHERE oid = 5)) AS "Transacciones",
	   (SELECT sum(xact_commit) FROM pg_catalog.pg_stat_database WHERE datname = (SELECT datname FROM pg_catalog.pg_database WHERE oid = 5)) AS "Cometer",
	   (SELECT sum(xact_rollback) FROM pg_catalog.pg_stat_database WHERE datname = (SELECT datname FROM pg_catalog.pg_database WHERE oid = 5)) AS "Retroceder"
	) t
	UNION ALL
	SELECT 'ti_stats' AS chart_name, pg_catalog.row_to_json(t) AS chart_data
	FROM (SELECT
	   (SELECT sum(tup_inserted) FROM pg_catalog.pg_stat_database WHERE datname = (SELECT datname FROM pg_catalog.pg_database WHERE oid = 5)) AS "Insersiones",
	   (SELECT sum(tup_updated) FROM pg_catalog.pg_stat_database WHERE datname = (SELECT datname FROM pg_catalog.pg_database WHERE oid = 5)) AS "Actualizaciones",
	   (SELECT sum(tup_deleted) FROM pg_catalog.pg_stat_database WHERE datname = (SELECT datname FROM pg_catalog.pg_database WHERE oid = 5)) AS "Borrados"
	) t
	UNION ALL
	SELECT 'to_stats' AS chart_name, pg_catalog.row_to_json(t) AS chart_data
	FROM (SELECT
	   (SELECT sum(tup_fetched) FROM pg_catalog.pg_stat_database WHERE datname = (SELECT datname FROM pg_catalog.pg_database WHERE oid = 5)) AS "Recuperado",
	   (SELECT sum(tup_returned) FROM pg_catalog.pg_stat_database WHERE datname = (SELECT datname FROM pg_catalog.pg_database WHERE oid = 5)) AS "Retornado"
	) t
	UNION ALL
	SELECT 'bio_stats' AS chart_name, pg_catalog.row_to_json(t) AS chart_data
	FROM (SELECT
	   (SELECT sum(blks_read) FROM pg_catalog.pg_stat_database WHERE datname = (SELECT datname FROM pg_catalog.pg_database WHERE oid = 5)) AS "Leidas",
	   (SELECT sum(blks_hit) FROM pg_catalog.pg_stat_database WHERE datname = (SELECT datname FROM pg_catalog.pg_database WHERE oid = 5)) AS "Tocadas"
	) t
	
2024-11-13 20:28:55.042 GMT [35] LOG:  AUDIT: SESSION,29,1,READ,SELECT,,,"/*pga4dash*/
	SELECT 'session_stats' AS chart_name, pg_catalog.row_to_json(t) AS chart_data
	FROM (SELECT
	   (SELECT count(*) FROM pg_catalog.pg_stat_activity WHERE datname = (SELECT datname FROM pg_catalog.pg_database WHERE oid = 5)) AS ""Totales"",
	   (SELECT count(*) FROM pg_catalog.pg_stat_activity WHERE state = 'active' AND datname = (SELECT datname FROM pg_catalog.pg_database WHERE oid = 5))  AS ""Activa"",
	   (SELECT count(*) FROM pg_catalog.pg_stat_activity WHERE state = 'idle' AND datname = (SELECT datname FROM pg_catalog.pg_database WHERE oid = 5))  AS ""Inactiva""
	) t
	UNION ALL
	SELECT 'tps_stats' AS chart_name, pg_catalog.row_to_json(t) AS chart_data
	FROM (SELECT
	   (SELECT sum(xact_commit) + sum(xact_rollback) FROM pg_catalog.pg_stat_database WHERE datname = (SELECT datname FROM pg_catalog.pg_database WHERE oid = 5)) AS ""Transacciones"",
	   (SELECT sum(xact_commit) FROM pg_catalog.pg_stat_database WHERE datname = (SELECT datname FROM pg_catalog.pg_database WHERE oid = 5)) AS ""Cometer"",
	   (SELECT sum(xact_rollback) FROM pg_catalog.pg_stat_database WHERE datname = (SELECT datname FROM pg_catalog.pg_database WHERE oid = 5)) AS ""Retroceder""
	) t
	UNION ALL
	SELECT 'ti_stats' AS chart_name, pg_catalog.row_to_json(t) AS chart_data
	FROM (SELECT
	   (SELECT sum(tup_inserted) FROM pg_catalog.pg_stat_database WHERE datname = (SELECT datname FROM pg_catalog.pg_database WHERE oid = 5)) AS ""Insersiones"",
	   (SELECT sum(tup_updated) FROM pg_catalog.pg_stat_database WHERE datname = (SELECT datname FROM pg_catalog.pg_database WHERE oid = 5)) AS ""Actualizaciones"",
	   (SELECT sum(tup_deleted) FROM pg_catalog.pg_stat_database WHERE datname = (SELECT datname FROM pg_catalog.pg_database WHERE oid = 5)) AS ""Borrados""
	) t
	UNION ALL
	SELECT 'to_stats' AS chart_name, pg_catalog.row_to_json(t) AS chart_data
	FROM (SELECT
	   (SELECT sum(tup_fetched) FROM pg_catalog.pg_stat_database WHERE datname = (SELECT datname FROM pg_catalog.pg_database WHERE oid = 5)) AS ""Recuperado"",
	   (SELECT sum(tup_returned) FROM pg_catalog.pg_stat_database WHERE datname = (SELECT datname FROM pg_catalog.pg_database WHERE oid = 5)) AS ""Retornado""
	) t
	UNION ALL
	SELECT 'bio_stats' AS chart_name, pg_catalog.row_to_json(t) AS chart_data
	FROM (SELECT
	   (SELECT sum(blks_read) FROM pg_catalog.pg_stat_database WHERE datname = (SELECT datname FROM pg_catalog.pg_database WHERE oid = 5)) AS ""Leidas"",
	   (SELECT sum(blks_hit) FROM pg_catalog.pg_stat_database WHERE datname = (SELECT datname FROM pg_catalog.pg_database WHERE oid = 5)) AS ""Tocadas""
	) t",<not logged>
2024-11-13 20:28:55.043 GMT [35] LOG:  duration: 10.805 ms
2024-11-13 20:28:56.594 GMT [35] LOG:  statement: /*pga4dash*/
	SELECT 'session_stats' AS chart_name, pg_catalog.row_to_json(t) AS chart_data
	FROM (SELECT
	   (SELECT count(*) FROM pg_catalog.pg_stat_activity) AS "Totales",
	   (SELECT count(*) FROM pg_catalog.pg_stat_activity WHERE state = 'active')  AS "Activa",
	   (SELECT count(*) FROM pg_catalog.pg_stat_activity WHERE state = 'idle')  AS "Inactiva"
	) t
	UNION ALL
	SELECT 'tps_stats' AS chart_name, pg_catalog.row_to_json(t) AS chart_data
	FROM (SELECT
	   (SELECT sum(xact_commit) + sum(xact_rollback) FROM pg_catalog.pg_stat_database) AS "Transacciones",
	   (SELECT sum(xact_commit) FROM pg_catalog.pg_stat_database) AS "Cometer",
	   (SELECT sum(xact_rollback) FROM pg_catalog.pg_stat_database) AS "Retroceder"
	) t
	UNION ALL
	SELECT 'ti_stats' AS chart_name, pg_catalog.row_to_json(t) AS chart_data
	FROM (SELECT
	   (SELECT sum(tup_inserted) FROM pg_catalog.pg_stat_database) AS "Insersiones",
	   (SELECT sum(tup_updated) FROM pg_catalog.pg_stat_database) AS "Actualizaciones",
	   (SELECT sum(tup_deleted) FROM pg_catalog.pg_stat_database) AS "Borrados"
	) t
	UNION ALL
	SELECT 'to_stats' AS chart_name, pg_catalog.row_to_json(t) AS chart_data
	FROM (SELECT
	   (SELECT sum(tup_fetched) FROM pg_catalog.pg_stat_database) AS "Recuperado",
	   (SELECT sum(tup_returned) FROM pg_catalog.pg_stat_database) AS "Retornado"
	) t
	UNION ALL
	SELECT 'bio_stats' AS chart_name, pg_catalog.row_to_json(t) AS chart_data
	FROM (SELECT
	   (SELECT sum(blks_read) FROM pg_catalog.pg_stat_database) AS "Leidas",
	   (SELECT sum(blks_hit) FROM pg_catalog.pg_stat_database) AS "Tocadas"
	) t
	
2024-11-13 20:28:56.602 GMT [35] LOG:  AUDIT: SESSION,30,1,READ,SELECT,,,"/*pga4dash*/
	SELECT 'session_stats' AS chart_name, pg_catalog.row_to_json(t) AS chart_data
	FROM (SELECT
	   (SELECT count(*) FROM pg_catalog.pg_stat_activity) AS ""Totales"",
	   (SELECT count(*) FROM pg_catalog.pg_stat_activity WHERE state = 'active')  AS ""Activa"",
	   (SELECT count(*) FROM pg_catalog.pg_stat_activity WHERE state = 'idle')  AS ""Inactiva""
	) t
	UNION ALL
	SELECT 'tps_stats' AS chart_name, pg_catalog.row_to_json(t) AS chart_data
	FROM (SELECT
	   (SELECT sum(xact_commit) + sum(xact_rollback) FROM pg_catalog.pg_stat_database) AS ""Transacciones"",
	   (SELECT sum(xact_commit) FROM pg_catalog.pg_stat_database) AS ""Cometer"",
	   (SELECT sum(xact_rollback) FROM pg_catalog.pg_stat_database) AS ""Retroceder""
	) t
	UNION ALL
	SELECT 'ti_stats' AS chart_name, pg_catalog.row_to_json(t) AS chart_data
	FROM (SELECT
	   (SELECT sum(tup_inserted) FROM pg_catalog.pg_stat_database) AS ""Insersiones"",
	   (SELECT sum(tup_updated) FROM pg_catalog.pg_stat_database) AS ""Actualizaciones"",
	   (SELECT sum(tup_deleted) FROM pg_catalog.pg_stat_database) AS ""Borrados""
	) t
	UNION ALL
	SELECT 'to_stats' AS chart_name, pg_catalog.row_to_json(t) AS chart_data
	FROM (SELECT
	   (SELECT sum(tup_fetched) FROM pg_catalog.pg_stat_database) AS ""Recuperado"",
	   (SELECT sum(tup_returned) FROM pg_catalog.pg_stat_database) AS ""Retornado""
	) t
	UNION ALL
	SELECT 'bio_stats' AS chart_name, pg_catalog.row_to_json(t) AS chart_data
	FROM (SELECT
	   (SELECT sum(blks_read) FROM pg_catalog.pg_stat_database) AS ""Leidas"",
	   (SELECT sum(blks_hit) FROM pg_catalog.pg_stat_database) AS ""Tocadas""
	) t",<not logged>
2024-11-13 20:28:56.603 GMT [35] LOG:  duration: 9.253 ms
2024-11-13 20:29:02.095 GMT [35] LOG:  statement: /*pga4dash*/
	SELECT 'session_stats' AS chart_name, pg_catalog.row_to_json(t) AS chart_data
	FROM (SELECT
	   (SELECT count(*) FROM pg_catalog.pg_stat_activity) AS "Totales",
	   (SELECT count(*) FROM pg_catalog.pg_stat_activity WHERE state = 'active')  AS "Activa",
	   (SELECT count(*) FROM pg_catalog.pg_stat_activity WHERE state = 'idle')  AS "Inactiva"
	) t
	UNION ALL
	SELECT 'tps_stats' AS chart_name, pg_catalog.row_to_json(t) AS chart_data
	FROM (SELECT
	   (SELECT sum(xact_commit) + sum(xact_rollback) FROM pg_catalog.pg_stat_database) AS "Transacciones",
	   (SELECT sum(xact_commit) FROM pg_catalog.pg_stat_database) AS "Cometer",
	   (SELECT sum(xact_rollback) FROM pg_catalog.pg_stat_database) AS "Retroceder"
	) t
	UNION ALL
	SELECT 'ti_stats' AS chart_name, pg_catalog.row_to_json(t) AS chart_data
	FROM (SELECT
	   (SELECT sum(tup_inserted) FROM pg_catalog.pg_stat_database) AS "Insersiones",
	   (SELECT sum(tup_updated) FROM pg_catalog.pg_stat_database) AS "Actualizaciones",
	   (SELECT sum(tup_deleted) FROM pg_catalog.pg_stat_database) AS "Borrados"
	) t
	UNION ALL
	SELECT 'to_stats' AS chart_name, pg_catalog.row_to_json(t) AS chart_data
	FROM (SELECT
	   (SELECT sum(tup_fetched) FROM pg_catalog.pg_stat_database) AS "Recuperado",
	   (SELECT sum(tup_returned) FROM pg_catalog.pg_stat_database) AS "Retornado"
	) t
	UNION ALL
	SELECT 'bio_stats' AS chart_name, pg_catalog.row_to_json(t) AS chart_data
	FROM (SELECT
	   (SELECT sum(blks_read) FROM pg_catalog.pg_stat_database) AS "Leidas",
	   (SELECT sum(blks_hit) FROM pg_catalog.pg_stat_database) AS "Tocadas"
	) t
	
2024-11-13 20:29:02.107 GMT [35] LOG:  AUDIT: SESSION,31,1,READ,SELECT,,,"/*pga4dash*/
	SELECT 'session_stats' AS chart_name, pg_catalog.row_to_json(t) AS chart_data
	FROM (SELECT
	   (SELECT count(*) FROM pg_catalog.pg_stat_activity) AS ""Totales"",
	   (SELECT count(*) FROM pg_catalog.pg_stat_activity WHERE state = 'active')  AS ""Activa"",
	   (SELECT count(*) FROM pg_catalog.pg_stat_activity WHERE state = 'idle')  AS ""Inactiva""
	) t
	UNION ALL
	SELECT 'tps_stats' AS chart_name, pg_catalog.row_to_json(t) AS chart_data
	FROM (SELECT
	   (SELECT sum(xact_commit) + sum(xact_rollback) FROM pg_catalog.pg_stat_database) AS ""Transacciones"",
	   (SELECT sum(xact_commit) FROM pg_catalog.pg_stat_database) AS ""Cometer"",
	   (SELECT sum(xact_rollback) FROM pg_catalog.pg_stat_database) AS ""Retroceder""
	) t
	UNION ALL
	SELECT 'ti_stats' AS chart_name, pg_catalog.row_to_json(t) AS chart_data
	FROM (SELECT
	   (SELECT sum(tup_inserted) FROM pg_catalog.pg_stat_database) AS ""Insersiones"",
	   (SELECT sum(tup_updated) FROM pg_catalog.pg_stat_database) AS ""Actualizaciones"",
	   (SELECT sum(tup_deleted) FROM pg_catalog.pg_stat_database) AS ""Borrados""
	) t
	UNION ALL
	SELECT 'to_stats' AS chart_name, pg_catalog.row_to_json(t) AS chart_data
	FROM (SELECT
	   (SELECT sum(tup_fetched) FROM pg_catalog.pg_stat_database) AS ""Recuperado"",
	   (SELECT sum(tup_returned) FROM pg_catalog.pg_stat_database) AS ""Retornado""
	) t
	UNION ALL
	SELECT 'bio_stats' AS chart_name, pg_catalog.row_to_json(t) AS chart_data
	FROM (SELECT
	   (SELECT sum(blks_read) FROM pg_catalog.pg_stat_database) AS ""Leidas"",
	   (SELECT sum(blks_hit) FROM pg_catalog.pg_stat_database) AS ""Tocadas""
	) t",<not logged>
2024-11-13 20:29:02.109 GMT [35] LOG:  duration: 14.204 ms
2024-11-13 20:29:07.089 GMT [35] LOG:  statement: /*pga4dash*/
	SELECT 'session_stats' AS chart_name, pg_catalog.row_to_json(t) AS chart_data
	FROM (SELECT
	   (SELECT count(*) FROM pg_catalog.pg_stat_activity) AS "Totales",
	   (SELECT count(*) FROM pg_catalog.pg_stat_activity WHERE state = 'active')  AS "Activa",
	   (SELECT count(*) FROM pg_catalog.pg_stat_activity WHERE state = 'idle')  AS "Inactiva"
	) t
	UNION ALL
	SELECT 'tps_stats' AS chart_name, pg_catalog.row_to_json(t) AS chart_data
	FROM (SELECT
	   (SELECT sum(xact_commit) + sum(xact_rollback) FROM pg_catalog.pg_stat_database) AS "Transacciones",
	   (SELECT sum(xact_commit) FROM pg_catalog.pg_stat_database) AS "Cometer",
	   (SELECT sum(xact_rollback) FROM pg_catalog.pg_stat_database) AS "Retroceder"
	) t
	UNION ALL
	SELECT 'ti_stats' AS chart_name, pg_catalog.row_to_json(t) AS chart_data
	FROM (SELECT
	   (SELECT sum(tup_inserted) FROM pg_catalog.pg_stat_database) AS "Insersiones",
	   (SELECT sum(tup_updated) FROM pg_catalog.pg_stat_database) AS "Actualizaciones",
	   (SELECT sum(tup_deleted) FROM pg_catalog.pg_stat_database) AS "Borrados"
	) t
	UNION ALL
	SELECT 'to_stats' AS chart_name, pg_catalog.row_to_json(t) AS chart_data
	FROM (SELECT
	   (SELECT sum(tup_fetched) FROM pg_catalog.pg_stat_database) AS "Recuperado",
	   (SELECT sum(tup_returned) FROM pg_catalog.pg_stat_database) AS "Retornado"
	) t
	UNION ALL
	SELECT 'bio_stats' AS chart_name, pg_catalog.row_to_json(t) AS chart_data
	FROM (SELECT
	   (SELECT sum(blks_read) FROM pg_catalog.pg_stat_database) AS "Leidas",
	   (SELECT sum(blks_hit) FROM pg_catalog.pg_stat_database) AS "Tocadas"
	) t
	
2024-11-13 20:29:07.098 GMT [35] LOG:  AUDIT: SESSION,32,1,READ,SELECT,,,"/*pga4dash*/
	SELECT 'session_stats' AS chart_name, pg_catalog.row_to_json(t) AS chart_data
	FROM (SELECT
	   (SELECT count(*) FROM pg_catalog.pg_stat_activity) AS ""Totales"",
	   (SELECT count(*) FROM pg_catalog.pg_stat_activity WHERE state = 'active')  AS ""Activa"",
	   (SELECT count(*) FROM pg_catalog.pg_stat_activity WHERE state = 'idle')  AS ""Inactiva""
	) t
	UNION ALL
	SELECT 'tps_stats' AS chart_name, pg_catalog.row_to_json(t) AS chart_data
	FROM (SELECT
	   (SELECT sum(xact_commit) + sum(xact_rollback) FROM pg_catalog.pg_stat_database) AS ""Transacciones"",
	   (SELECT sum(xact_commit) FROM pg_catalog.pg_stat_database) AS ""Cometer"",
	   (SELECT sum(xact_rollback) FROM pg_catalog.pg_stat_database) AS ""Retroceder""
	) t
	UNION ALL
	SELECT 'ti_stats' AS chart_name, pg_catalog.row_to_json(t) AS chart_data
	FROM (SELECT
	   (SELECT sum(tup_inserted) FROM pg_catalog.pg_stat_database) AS ""Insersiones"",
	   (SELECT sum(tup_updated) FROM pg_catalog.pg_stat_database) AS ""Actualizaciones"",
	   (SELECT sum(tup_deleted) FROM pg_catalog.pg_stat_database) AS ""Borrados""
	) t
	UNION ALL
	SELECT 'to_stats' AS chart_name, pg_catalog.row_to_json(t) AS chart_data
	FROM (SELECT
	   (SELECT sum(tup_fetched) FROM pg_catalog.pg_stat_database) AS ""Recuperado"",
	   (SELECT sum(tup_returned) FROM pg_catalog.pg_stat_database) AS ""Retornado""
	) t
	UNION ALL
	SELECT 'bio_stats' AS chart_name, pg_catalog.row_to_json(t) AS chart_data
	FROM (SELECT
	   (SELECT sum(blks_read) FROM pg_catalog.pg_stat_database) AS ""Leidas"",
	   (SELECT sum(blks_hit) FROM pg_catalog.pg_stat_database) AS ""Tocadas""
	) t",<not logged>
2024-11-13 20:29:07.099 GMT [35] LOG:  duration: 10.002 ms
2024-11-13 20:29:09.834 GMT [35] LOG:  statement: /*pga4dash*/
	SELECT 'session_stats' AS chart_name, pg_catalog.row_to_json(t) AS chart_data
	FROM (SELECT
	   (SELECT count(*) FROM pg_catalog.pg_stat_activity WHERE datname = (SELECT datname FROM pg_catalog.pg_database WHERE oid = 5)) AS "Totales",
	   (SELECT count(*) FROM pg_catalog.pg_stat_activity WHERE state = 'active' AND datname = (SELECT datname FROM pg_catalog.pg_database WHERE oid = 5))  AS "Activa",
	   (SELECT count(*) FROM pg_catalog.pg_stat_activity WHERE state = 'idle' AND datname = (SELECT datname FROM pg_catalog.pg_database WHERE oid = 5))  AS "Inactiva"
	) t
	UNION ALL
	SELECT 'tps_stats' AS chart_name, pg_catalog.row_to_json(t) AS chart_data
	FROM (SELECT
	   (SELECT sum(xact_commit) + sum(xact_rollback) FROM pg_catalog.pg_stat_database WHERE datname = (SELECT datname FROM pg_catalog.pg_database WHERE oid = 5)) AS "Transacciones",
	   (SELECT sum(xact_commit) FROM pg_catalog.pg_stat_database WHERE datname = (SELECT datname FROM pg_catalog.pg_database WHERE oid = 5)) AS "Cometer",
	   (SELECT sum(xact_rollback) FROM pg_catalog.pg_stat_database WHERE datname = (SELECT datname FROM pg_catalog.pg_database WHERE oid = 5)) AS "Retroceder"
	) t
	UNION ALL
	SELECT 'ti_stats' AS chart_name, pg_catalog.row_to_json(t) AS chart_data
	FROM (SELECT
	   (SELECT sum(tup_inserted) FROM pg_catalog.pg_stat_database WHERE datname = (SELECT datname FROM pg_catalog.pg_database WHERE oid = 5)) AS "Insersiones",
	   (SELECT sum(tup_updated) FROM pg_catalog.pg_stat_database WHERE datname = (SELECT datname FROM pg_catalog.pg_database WHERE oid = 5)) AS "Actualizaciones",
	   (SELECT sum(tup_deleted) FROM pg_catalog.pg_stat_database WHERE datname = (SELECT datname FROM pg_catalog.pg_database WHERE oid = 5)) AS "Borrados"
	) t
	UNION ALL
	SELECT 'to_stats' AS chart_name, pg_catalog.row_to_json(t) AS chart_data
	FROM (SELECT
	   (SELECT sum(tup_fetched) FROM pg_catalog.pg_stat_database WHERE datname = (SELECT datname FROM pg_catalog.pg_database WHERE oid = 5)) AS "Recuperado",
	   (SELECT sum(tup_returned) FROM pg_catalog.pg_stat_database WHERE datname = (SELECT datname FROM pg_catalog.pg_database WHERE oid = 5)) AS "Retornado"
	) t
	UNION ALL
	SELECT 'bio_stats' AS chart_name, pg_catalog.row_to_json(t) AS chart_data
	FROM (SELECT
	   (SELECT sum(blks_read) FROM pg_catalog.pg_stat_database WHERE datname = (SELECT datname FROM pg_catalog.pg_database WHERE oid = 5)) AS "Leidas",
	   (SELECT sum(blks_hit) FROM pg_catalog.pg_stat_database WHERE datname = (SELECT datname FROM pg_catalog.pg_database WHERE oid = 5)) AS "Tocadas"
	) t
	
2024-11-13 20:29:09.844 GMT [35] LOG:  AUDIT: SESSION,33,1,READ,SELECT,,,"/*pga4dash*/
	SELECT 'session_stats' AS chart_name, pg_catalog.row_to_json(t) AS chart_data
	FROM (SELECT
	   (SELECT count(*) FROM pg_catalog.pg_stat_activity WHERE datname = (SELECT datname FROM pg_catalog.pg_database WHERE oid = 5)) AS ""Totales"",
	   (SELECT count(*) FROM pg_catalog.pg_stat_activity WHERE state = 'active' AND datname = (SELECT datname FROM pg_catalog.pg_database WHERE oid = 5))  AS ""Activa"",
	   (SELECT count(*) FROM pg_catalog.pg_stat_activity WHERE state = 'idle' AND datname = (SELECT datname FROM pg_catalog.pg_database WHERE oid = 5))  AS ""Inactiva""
	) t
	UNION ALL
	SELECT 'tps_stats' AS chart_name, pg_catalog.row_to_json(t) AS chart_data
	FROM (SELECT
	   (SELECT sum(xact_commit) + sum(xact_rollback) FROM pg_catalog.pg_stat_database WHERE datname = (SELECT datname FROM pg_catalog.pg_database WHERE oid = 5)) AS ""Transacciones"",
	   (SELECT sum(xact_commit) FROM pg_catalog.pg_stat_database WHERE datname = (SELECT datname FROM pg_catalog.pg_database WHERE oid = 5)) AS ""Cometer"",
	   (SELECT sum(xact_rollback) FROM pg_catalog.pg_stat_database WHERE datname = (SELECT datname FROM pg_catalog.pg_database WHERE oid = 5)) AS ""Retroceder""
	) t
	UNION ALL
	SELECT 'ti_stats' AS chart_name, pg_catalog.row_to_json(t) AS chart_data
	FROM (SELECT
	   (SELECT sum(tup_inserted) FROM pg_catalog.pg_stat_database WHERE datname = (SELECT datname FROM pg_catalog.pg_database WHERE oid = 5)) AS ""Insersiones"",
	   (SELECT sum(tup_updated) FROM pg_catalog.pg_stat_database WHERE datname = (SELECT datname FROM pg_catalog.pg_database WHERE oid = 5)) AS ""Actualizaciones"",
	   (SELECT sum(tup_deleted) FROM pg_catalog.pg_stat_database WHERE datname = (SELECT datname FROM pg_catalog.pg_database WHERE oid = 5)) AS ""Borrados""
	) t
	UNION ALL
	SELECT 'to_stats' AS chart_name, pg_catalog.row_to_json(t) AS chart_data
	FROM (SELECT
	   (SELECT sum(tup_fetched) FROM pg_catalog.pg_stat_database WHERE datname = (SELECT datname FROM pg_catalog.pg_database WHERE oid = 5)) AS ""Recuperado"",
	   (SELECT sum(tup_returned) FROM pg_catalog.pg_stat_database WHERE datname = (SELECT datname FROM pg_catalog.pg_database WHERE oid = 5)) AS ""Retornado""
	) t
	UNION ALL
	SELECT 'bio_stats' AS chart_name, pg_catalog.row_to_json(t) AS chart_data
	FROM (SELECT
	   (SELECT sum(blks_read) FROM pg_catalog.pg_stat_database WHERE datname = (SELECT datname FROM pg_catalog.pg_database WHERE oid = 5)) AS ""Leidas"",
	   (SELECT sum(blks_hit) FROM pg_catalog.pg_stat_database WHERE datname = (SELECT datname FROM pg_catalog.pg_database WHERE oid = 5)) AS ""Tocadas""
	) t",<not logged>
2024-11-13 20:29:09.846 GMT [35] LOG:  duration: 12.462 ms
2024-11-13 20:29:13.707 GMT [38] LOG:  statement: SET DateStyle=ISO; SET client_min_messages=notice; SELECT set_config('bytea_output','hex',false) FROM pg_show_all_settings() WHERE name = 'bytea_output'; SET client_encoding='utf-8';
2024-11-13 20:29:13.707 GMT [38] LOG:  AUDIT: SESSION,1,1,MISC,SET,,,SET DateStyle=ISO,<not logged>
2024-11-13 20:29:13.707 GMT [38] LOG:  AUDIT: SESSION,2,1,MISC,SET,,,SET client_min_messages=notice,<not logged>
2024-11-13 20:29:13.709 GMT [38] LOG:  AUDIT: SESSION,3,1,READ,SELECT,,,"SELECT set_config('bytea_output','hex',false) FROM pg_show_all_settings() WHERE name = 'bytea_output'",<not logged>
2024-11-13 20:29:13.714 GMT [38] LOG:  AUDIT: SESSION,4,1,MISC,SET,,,SET client_encoding='utf-8',<not logged>
2024-11-13 20:29:13.714 GMT [38] LOG:  duration: 7.601 ms
2024-11-13 20:29:13.717 GMT [38] LOG:  statement: SELECT version()
2024-11-13 20:29:13.717 GMT [38] LOG:  AUDIT: SESSION,5,1,READ,SELECT,,,SELECT version(),<not logged>
2024-11-13 20:29:13.718 GMT [38] LOG:  duration: 0.608 ms
2024-11-13 20:29:13.721 GMT [38] LOG:  statement: 
	SELECT
	    db.oid as did, db.datname, db.datallowconn,
	    pg_encoding_to_char(db.encoding) AS serverencoding,
	    has_database_privilege(db.oid, 'CREATE') as cancreate,
	    datistemplate
	FROM
	    pg_catalog.pg_database db
	WHERE db.datname = current_database()
2024-11-13 20:29:13.722 GMT [38] LOG:  AUDIT: SESSION,6,1,READ,SELECT,,,"SELECT
	    db.oid as did, db.datname, db.datallowconn,
	    pg_encoding_to_char(db.encoding) AS serverencoding,
	    has_database_privilege(db.oid, 'CREATE') as cancreate,
	    datistemplate
	FROM
	    pg_catalog.pg_database db
	WHERE db.datname = current_database()",<not logged>
2024-11-13 20:29:13.722 GMT [38] LOG:  duration: 1.989 ms
2024-11-13 20:29:13.726 GMT [38] LOG:  statement: 
	        SELECT
	             gss_authenticated, encrypted
	        FROM
	            pg_catalog.pg_stat_gssapi
	        WHERE pid = pg_backend_pid()
2024-11-13 20:29:13.728 GMT [38] LOG:  AUDIT: SESSION,7,1,READ,SELECT,,,"SELECT
	             gss_authenticated, encrypted
	        FROM
	            pg_catalog.pg_stat_gssapi
	        WHERE pid = pg_backend_pid()",<not logged>
2024-11-13 20:29:13.729 GMT [38] LOG:  duration: 2.295 ms
2024-11-13 20:29:13.732 GMT [38] LOG:  statement: 
	        SELECT
	            roles.oid as id, roles.rolname as name,
	            roles.rolsuper as is_superuser,
	            CASE WHEN roles.rolsuper THEN true ELSE roles.rolcreaterole END as
	            can_create_role,
	            CASE WHEN roles.rolsuper THEN true
	            ELSE roles.rolcreatedb END as can_create_db,
	            CASE WHEN 'pg_signal_backend'=ANY(ARRAY(WITH RECURSIVE cte AS (
	            SELECT pg_roles.oid,pg_roles.rolname FROM pg_roles
	                WHERE pg_roles.oid = roles.oid
	            UNION ALL
	            SELECT m.roleid,pgr.rolname FROM cte cte_1
	                JOIN pg_auth_members m ON m.member = cte_1.oid
	                JOIN pg_roles pgr ON pgr.oid = m.roleid)
	            SELECT rolname  FROM cte)) THEN True
	            ELSE False END as can_signal_backend
	        FROM
	            pg_catalog.pg_roles as roles
	        WHERE
	            rolname = current_user
2024-11-13 20:29:13.738 GMT [38] LOG:  AUDIT: SESSION,8,1,READ,SELECT,,,"SELECT
	            roles.oid as id, roles.rolname as name,
	            roles.rolsuper as is_superuser,
	            CASE WHEN roles.rolsuper THEN true ELSE roles.rolcreaterole END as
	            can_create_role,
	            CASE WHEN roles.rolsuper THEN true
	            ELSE roles.rolcreatedb END as can_create_db,
	            CASE WHEN 'pg_signal_backend'=ANY(ARRAY(WITH RECURSIVE cte AS (
	            SELECT pg_roles.oid,pg_roles.rolname FROM pg_roles
	                WHERE pg_roles.oid = roles.oid
	            UNION ALL
	            SELECT m.roleid,pgr.rolname FROM cte cte_1
	                JOIN pg_auth_members m ON m.member = cte_1.oid
	                JOIN pg_roles pgr ON pgr.oid = m.roleid)
	            SELECT rolname  FROM cte)) THEN True
	            ELSE False END as can_signal_backend
	        FROM
	            pg_catalog.pg_roles as roles
	        WHERE
	            rolname = current_user",<not logged>
2024-11-13 20:29:13.739 GMT [38] LOG:  duration: 7.652 ms
2024-11-13 20:30:57.156 GMT [28] LOG:  checkpoint starting: time
2024-11-13 20:30:57.190 GMT [28] LOG:  checkpoint complete: wrote 3 buffers (0.0%); 0 WAL file(s) added, 0 removed, 0 recycled; write=0.011 s, sync=0.004 s, total=0.035 s; sync files=2, longest=0.002 s, average=0.002 s; distance=0 kB, estimate=0 kB; lsn=0/15B2FD0, redo lsn=0/15B2F78
2024-11-13 20:31:47.820 GMT [38] LOG:  statement: CREATE TABLE auditoria (
	    id SERIAL PRIMARY KEY,
	    action_time TIMESTAMP DEFAULT CURRENT_TIMESTAMP,
	    action_type VARCHAR(10),
	    table_name VARCHAR(50),
	    old_data JSONB,
	    new_data JSONB,
	    user_name VARCHAR(50)
	);
	 
2024-11-13 20:31:47.994 GMT [38] LOG:  AUDIT: SESSION,9,1,DDL,CREATE TABLE,,,"CREATE TABLE auditoria (
	    id SERIAL PRIMARY KEY,
	    action_time TIMESTAMP DEFAULT CURRENT_TIMESTAMP,
	    action_type VARCHAR(10),
	    table_name VARCHAR(50),
	    old_data JSONB,
	    new_data JSONB,
	    user_name VARCHAR(50)
	)",<not logged>
2024-11-13 20:31:47.997 GMT [38] LOG:  duration: 178.997 ms
2024-11-13 20:32:06.835 GMT [38] LOG:  statement: CREATE OR REPLACE FUNCTION auditoria_trigger_function()
	RETURNS TRIGGER AS $$
	BEGIN
	    IF TG_OP = 'INSERT' THEN
	        INSERT INTO auditoria (action_type, table_name, new_data, user_name)
	        VALUES ('INSERT', 'clientes', row_to_json(NEW), current_user);
	        RETURN NEW;
	    ELSIF TG_OP = 'UPDATE' THEN
	        INSERT INTO auditoria (action_type, table_name, old_data, new_data, user_name)
	        VALUES ('UPDATE', 'clientes', row_to_json(OLD), row_to_json(NEW), current_user);
	        RETURN NEW;
	    ELSIF TG_OP = 'DELETE' THEN
	        INSERT INTO auditoria (action_type, table_name, old_data, user_name)
	        VALUES ('DELETE', 'clientes', row_to_json(OLD), current_user);
	        RETURN OLD;
	    END IF;
	END;
	$$ LANGUAGE plpgsql;
	
2024-11-13 20:32:06.859 GMT [38] LOG:  AUDIT: SESSION,10,1,DDL,CREATE FUNCTION,,,"CREATE OR REPLACE FUNCTION auditoria_trigger_function()
	RETURNS TRIGGER AS $$
	BEGIN
	    IF TG_OP = 'INSERT' THEN
	        INSERT INTO auditoria (action_type, table_name, new_data, user_name)
	        VALUES ('INSERT', 'clientes', row_to_json(NEW), current_user);
	        RETURN NEW;
	    ELSIF TG_OP = 'UPDATE' THEN
	        INSERT INTO auditoria (action_type, table_name, old_data, new_data, user_name)
	        VALUES ('UPDATE', 'clientes', row_to_json(OLD), row_to_json(NEW), current_user);
	        RETURN NEW;
	    ELSIF TG_OP = 'DELETE' THEN
	        INSERT INTO auditoria (action_type, table_name, old_data, user_name)
	        VALUES ('DELETE', 'clientes', row_to_json(OLD), current_user);
	        RETURN OLD;
	    END IF;
	END;
	$$ LANGUAGE plpgsql",<not logged>
2024-11-13 20:32:06.862 GMT [38] LOG:  duration: 28.216 ms
2024-11-13 20:32:19.188 GMT [38] LOG:  statement: CREATE TRIGGER clientes_auditoria
	AFTER INSERT OR UPDATE OR DELETE
	ON clientes
	FOR EACH ROW
	EXECUTE FUNCTION auditoria_trigger_function();
	
2024-11-13 20:32:19.189 GMT [38] ERROR:  relation "clientes" does not exist
2024-11-13 20:32:19.189 GMT [38] STATEMENT:  CREATE TRIGGER clientes_auditoria
	AFTER INSERT OR UPDATE OR DELETE
	ON clientes
	FOR EACH ROW
	EXECUTE FUNCTION auditoria_trigger_function();
	
2024-11-13 20:32:23.521 GMT [38] LOG:  statement: CREATE TRIGGER clientes_auditoria
	AFTER INSERT OR UPDATE OR DELETE
	ON clientes
	FOR EACH ROW
	EXECUTE FUNCTION auditoria_trigger_function();
	
2024-11-13 20:32:23.521 GMT [38] ERROR:  relation "clientes" does not exist
2024-11-13 20:32:23.521 GMT [38] STATEMENT:  CREATE TRIGGER clientes_auditoria
	AFTER INSERT OR UPDATE OR DELETE
	ON clientes
	FOR EACH ROW
	EXECUTE FUNCTION auditoria_trigger_function();
	
2024-11-13 20:32:31.955 GMT [35] LOG:  statement: SELECT
	    nsp.oid,
	    nsp.nspname as name,
	    pg_catalog.has_schema_privilege(nsp.oid, 'CREATE') as can_create,
	    pg_catalog.has_schema_privilege(nsp.oid, 'USAGE') as has_usage,
	    des.description
	FROM
	    pg_catalog.pg_namespace nsp
	    LEFT OUTER JOIN pg_catalog.pg_description des ON
	        (des.objoid=nsp.oid AND des.classoid='pg_namespace'::regclass)
	WHERE
	             nspname NOT LIKE E'pg\\_%' AND
	            NOT (
	(nsp.nspname = 'pg_catalog' AND EXISTS
	        (SELECT 1 FROM pg_catalog.pg_class WHERE relname = 'pg_class' AND
	            relnamespace = nsp.oid LIMIT 1)) OR
	    (nsp.nspname = 'pgagent' AND EXISTS
	        (SELECT 1 FROM pg_catalog.pg_class WHERE relname = 'pga_job' AND
	            relnamespace = nsp.oid LIMIT 1)) OR
	    (nsp.nspname = 'information_schema' AND EXISTS
	        (SELECT 1 FROM pg_catalog.pg_class WHERE relname = 'tables' AND
	            relnamespace = nsp.oid LIMIT 1))
	    )
	
	    
	ORDER BY nspname;
2024-11-13 20:32:31.970 GMT [35] LOG:  AUDIT: SESSION,34,1,READ,SELECT,,,"SELECT
	    nsp.oid,
	    nsp.nspname as name,
	    pg_catalog.has_schema_privilege(nsp.oid, 'CREATE') as can_create,
	    pg_catalog.has_schema_privilege(nsp.oid, 'USAGE') as has_usage,
	    des.description
	FROM
	    pg_catalog.pg_namespace nsp
	    LEFT OUTER JOIN pg_catalog.pg_description des ON
	        (des.objoid=nsp.oid AND des.classoid='pg_namespace'::regclass)
	WHERE
	             nspname NOT LIKE E'pg\\_%' AND
	            NOT (
	(nsp.nspname = 'pg_catalog' AND EXISTS
	        (SELECT 1 FROM pg_catalog.pg_class WHERE relname = 'pg_class' AND
	            relnamespace = nsp.oid LIMIT 1)) OR
	    (nsp.nspname = 'pgagent' AND EXISTS
	        (SELECT 1 FROM pg_catalog.pg_class WHERE relname = 'pga_job' AND
	            relnamespace = nsp.oid LIMIT 1)) OR
	    (nsp.nspname = 'information_schema' AND EXISTS
	        (SELECT 1 FROM pg_catalog.pg_class WHERE relname = 'tables' AND
	            relnamespace = nsp.oid LIMIT 1))
	    )
	
	    
	ORDER BY nspname",<not logged>
2024-11-13 20:32:31.974 GMT [35] LOG:  duration: 20.347 ms
2024-11-13 20:32:32.223 GMT [35] LOG:  statement: SELECT
	    nsp.nspname as schema_name,
	    (nsp.nspname = 'pg_catalog' AND EXISTS
	        (SELECT 1 FROM pg_catalog.pg_class WHERE relname = 'pg_class' AND
	            relnamespace = nsp.oid LIMIT 1)) OR
	    (nsp.nspname = 'pgagent' AND EXISTS
	        (SELECT 1 FROM pg_catalog.pg_class WHERE relname = 'pga_job' AND
	            relnamespace = nsp.oid LIMIT 1)) OR
	    (nsp.nspname = 'information_schema' AND EXISTS
	        (SELECT 1 FROM pg_catalog.pg_class WHERE relname = 'tables' AND
	            relnamespace = nsp.oid LIMIT 1)) AS is_catalog,
	    CASE
	    WHEN nsp.nspname = ANY('{information_schema}')
	        THEN false
	    ELSE true END AS db_support
	FROM
	    pg_catalog.pg_namespace nsp
	WHERE
	    nsp.oid = 2200::OID;
2024-11-13 20:32:32.223 GMT [35] LOG:  AUDIT: SESSION,35,1,READ,SELECT,,,"SELECT
	    nsp.nspname as schema_name,
	    (nsp.nspname = 'pg_catalog' AND EXISTS
	        (SELECT 1 FROM pg_catalog.pg_class WHERE relname = 'pg_class' AND
	            relnamespace = nsp.oid LIMIT 1)) OR
	    (nsp.nspname = 'pgagent' AND EXISTS
	        (SELECT 1 FROM pg_catalog.pg_class WHERE relname = 'pga_job' AND
	            relnamespace = nsp.oid LIMIT 1)) OR
	    (nsp.nspname = 'information_schema' AND EXISTS
	        (SELECT 1 FROM pg_catalog.pg_class WHERE relname = 'tables' AND
	            relnamespace = nsp.oid LIMIT 1)) AS is_catalog,
	    CASE
	    WHEN nsp.nspname = ANY('{information_schema}')
	        THEN false
	    ELSE true END AS db_support
	FROM
	    pg_catalog.pg_namespace nsp
	WHERE
	    nsp.oid = 2200::OID",<not logged>
2024-11-13 20:32:32.223 GMT [35] LOG:  duration: 0.643 ms
2024-11-13 20:32:42.632 GMT [35] LOG:  statement: SELECT rel.oid, rel.relname AS name,
	    (SELECT count(*) FROM pg_catalog.pg_trigger WHERE tgrelid=rel.oid AND tgisinternal = FALSE) AS triggercount,
	    (SELECT count(*) FROM pg_catalog.pg_trigger WHERE tgrelid=rel.oid AND tgisinternal = FALSE AND tgenabled = 'O') AS has_enable_triggers,
	    (CASE WHEN rel.relkind = 'p' THEN true ELSE false END) AS is_partitioned,
	    (SELECT count(1) FROM pg_catalog.pg_inherits WHERE inhrelid=rel.oid LIMIT 1) as is_inherits,
	    (SELECT count(1) FROM pg_catalog.pg_inherits WHERE inhparent=rel.oid LIMIT 1) as is_inherited,
	    des.description
	FROM pg_catalog.pg_class rel
	    LEFT OUTER JOIN pg_catalog.pg_description des ON (des.objoid=rel.oid AND des.objsubid=0 AND des.classoid='pg_class'::regclass)
	    WHERE rel.relkind IN ('r','s','t','p') AND rel.relnamespace = 2200::oid
	    AND NOT rel.relispartition
	        ORDER BY rel.relname;
2024-11-13 20:32:42.643 GMT [35] LOG:  AUDIT: SESSION,36,1,READ,SELECT,,,"SELECT rel.oid, rel.relname AS name,
	    (SELECT count(*) FROM pg_catalog.pg_trigger WHERE tgrelid=rel.oid AND tgisinternal = FALSE) AS triggercount,
	    (SELECT count(*) FROM pg_catalog.pg_trigger WHERE tgrelid=rel.oid AND tgisinternal = FALSE AND tgenabled = 'O') AS has_enable_triggers,
	    (CASE WHEN rel.relkind = 'p' THEN true ELSE false END) AS is_partitioned,
	    (SELECT count(1) FROM pg_catalog.pg_inherits WHERE inhrelid=rel.oid LIMIT 1) as is_inherits,
	    (SELECT count(1) FROM pg_catalog.pg_inherits WHERE inhparent=rel.oid LIMIT 1) as is_inherited,
	    des.description
	FROM pg_catalog.pg_class rel
	    LEFT OUTER JOIN pg_catalog.pg_description des ON (des.objoid=rel.oid AND des.objsubid=0 AND des.classoid='pg_class'::regclass)
	    WHERE rel.relkind IN ('r','s','t','p') AND rel.relnamespace = 2200::oid
	    AND NOT rel.relispartition
	        ORDER BY rel.relname",<not logged>
2024-11-13 20:32:42.645 GMT [35] LOG:  duration: 13.272 ms
2024-11-13 20:32:44.801 GMT [35] LOG:  statement: SELECT
	    CASE WHEN c.relkind = 'p' THEN True ELSE False END As ptable
	FROM
	    pg_catalog.pg_class c
	WHERE
	    c.oid = 24603::oid
	
2024-11-13 20:32:44.801 GMT [35] LOG:  AUDIT: SESSION,37,1,READ,SELECT,,,"SELECT
	    CASE WHEN c.relkind = 'p' THEN True ELSE False END As ptable
	FROM
	    pg_catalog.pg_class c
	WHERE
	    c.oid = 24603::oid",<not logged>
2024-11-13 20:32:44.801 GMT [35] LOG:  duration: 0.516 ms
2024-11-13 20:32:49.110 GMT [35] LOG:  statement: SELECT nsp.nspname AS schema ,rel.relname AS table
	FROM pg_catalog.pg_class rel
	    JOIN pg_catalog.pg_namespace nsp
	    ON rel.relnamespace = nsp.oid::oid
	    WHERE rel.oid = 24603::oid
2024-11-13 20:32:49.111 GMT [35] LOG:  AUDIT: SESSION,38,1,READ,SELECT,,,"SELECT nsp.nspname AS schema ,rel.relname AS table
	FROM pg_catalog.pg_class rel
	    JOIN pg_catalog.pg_namespace nsp
	    ON rel.relnamespace = nsp.oid::oid
	    WHERE rel.oid = 24603::oid",<not logged>
2024-11-13 20:32:49.111 GMT [35] LOG:  duration: 2.379 ms
2024-11-13 20:32:49.160 GMT [35] LOG:  statement: SELECT DISTINCT att.attname as name, att.attnum as OID, pg_catalog.format_type(ty.oid,NULL) AS datatype,
	att.attnotnull as not_null, att.atthasdef as has_default_val, des.description, seq.seqtypid
	FROM pg_catalog.pg_attribute att
	    JOIN pg_catalog.pg_type ty ON ty.oid=atttypid
	    JOIN pg_catalog.pg_namespace tn ON tn.oid=ty.typnamespace
	    JOIN pg_catalog.pg_class cl ON cl.oid=att.attrelid
	    JOIN pg_catalog.pg_namespace na ON na.oid=cl.relnamespace
	    LEFT OUTER JOIN pg_catalog.pg_type et ON et.oid=ty.typelem
	    LEFT OUTER JOIN pg_catalog.pg_attrdef def ON adrelid=att.attrelid AND adnum=att.attnum
	    LEFT OUTER JOIN (pg_catalog.pg_depend JOIN pg_catalog.pg_class cs ON classid='pg_class'::regclass AND objid=cs.oid AND cs.relkind='S') ON refobjid=att.attrelid AND refobjsubid=att.attnum
	    LEFT OUTER JOIN pg_catalog.pg_namespace ns ON ns.oid=cs.relnamespace
	    LEFT OUTER JOIN pg_catalog.pg_index pi ON pi.indrelid=att.attrelid AND indisprimary
	    LEFT OUTER JOIN pg_catalog.pg_description des ON (des.objoid=att.attrelid AND des.objsubid=att.attnum AND des.classoid='pg_class'::regclass)
	    LEFT OUTER JOIN pg_catalog.pg_sequence seq ON cs.oid=seq.seqrelid
	WHERE
	
	    att.attrelid = 24603::oid
	    AND att.attnum > 0
	    AND att.attisdropped IS FALSE
	ORDER BY att.attnum
2024-11-13 20:32:49.178 GMT [35] LOG:  AUDIT: SESSION,39,1,READ,SELECT,,,"SELECT DISTINCT att.attname as name, att.attnum as OID, pg_catalog.format_type(ty.oid,NULL) AS datatype,
	att.attnotnull as not_null, att.atthasdef as has_default_val, des.description, seq.seqtypid
	FROM pg_catalog.pg_attribute att
	    JOIN pg_catalog.pg_type ty ON ty.oid=atttypid
	    JOIN pg_catalog.pg_namespace tn ON tn.oid=ty.typnamespace
	    JOIN pg_catalog.pg_class cl ON cl.oid=att.attrelid
	    JOIN pg_catalog.pg_namespace na ON na.oid=cl.relnamespace
	    LEFT OUTER JOIN pg_catalog.pg_type et ON et.oid=ty.typelem
	    LEFT OUTER JOIN pg_catalog.pg_attrdef def ON adrelid=att.attrelid AND adnum=att.attnum
	    LEFT OUTER JOIN (pg_catalog.pg_depend JOIN pg_catalog.pg_class cs ON classid='pg_class'::regclass AND objid=cs.oid AND cs.relkind='S') ON refobjid=att.attrelid AND refobjsubid=att.attnum
	    LEFT OUTER JOIN pg_catalog.pg_namespace ns ON ns.oid=cs.relnamespace
	    LEFT OUTER JOIN pg_catalog.pg_index pi ON pi.indrelid=att.attrelid AND indisprimary
	    LEFT OUTER JOIN pg_catalog.pg_description des ON (des.objoid=att.attrelid AND des.objsubid=att.attnum AND des.classoid='pg_class'::regclass)
	    LEFT OUTER JOIN pg_catalog.pg_sequence seq ON cs.oid=seq.seqrelid
	WHERE
	
	    att.attrelid = 24603::oid
	    AND att.attnum > 0
	    AND att.attisdropped IS FALSE
	ORDER BY att.attnum",<not logged>
2024-11-13 20:32:49.182 GMT [35] LOG:  duration: 22.632 ms
2024-11-13 20:33:29.757 GMT [38] LOG:  statement: CREATE TABLE clientes (
	    id SERIAL PRIMARY KEY,
	    nombre VARCHAR(100),
	    direccion VARCHAR(200),
	    telefono VARCHAR(20)
	);
	
2024-11-13 20:33:29.762 GMT [38] LOG:  AUDIT: SESSION,11,1,DDL,CREATE TABLE,,,"CREATE TABLE clientes (
	    id SERIAL PRIMARY KEY,
	    nombre VARCHAR(100),
	    direccion VARCHAR(200),
	    telefono VARCHAR(20)
	)",<not logged>
2024-11-13 20:33:29.764 GMT [38] LOG:  duration: 7.613 ms
2024-11-13 20:33:46.504 GMT [38] LOG:  statement: CREATE TRIGGER clientes_auditoria
	AFTER INSERT OR UPDATE OR DELETE
	ON clientes
	FOR EACH ROW
	EXECUTE FUNCTION auditoria_trigger_function();
	
2024-11-13 20:33:46.508 GMT [38] LOG:  AUDIT: SESSION,12,1,DDL,CREATE TRIGGER,,,"CREATE TRIGGER clientes_auditoria
	AFTER INSERT OR UPDATE OR DELETE
	ON clientes
	FOR EACH ROW
	EXECUTE FUNCTION auditoria_trigger_function()",<not logged>
2024-11-13 20:33:46.512 GMT [38] LOG:  duration: 9.322 ms
2024-11-13 20:35:57.265 GMT [28] LOG:  checkpoint starting: time
2024-11-13 20:36:02.667 GMT [28] LOG:  checkpoint complete: wrote 54 buffers (0.3%); 0 WAL file(s) added, 0 removed, 0 recycled; write=5.335 s, sync=0.042 s, total=5.403 s; sync files=47, longest=0.012 s, average=0.001 s; distance=205 kB, estimate=205 kB; lsn=0/15E64E0, redo lsn=0/15E6450
2024-11-13 21:00:39.446 GMT [70] LOG:  statement: BEGIN
2024-11-13 21:00:39.448 GMT [70] LOG:  AUDIT: SESSION,1,1,MISC,BEGIN,,,BEGIN,<not logged>
2024-11-13 21:00:39.448 GMT [70] LOG:  duration: 50.637 ms
2024-11-13 21:00:39.548 GMT [70] LOG:  statement: SELECT pg_cancel_backend(38);
2024-11-13 21:00:40.175 GMT [70] LOG:  AUDIT: SESSION,2,1,READ,SELECT,,,SELECT pg_cancel_backend(38),<not logged>
2024-11-13 21:00:40.248 GMT [70] LOG:  duration: 797.219 ms
2024-11-13 21:00:41.250 GMT [35] LOG:  statement: 
	SELECT
	    db.oid as did, db.datname, db.datallowconn,
	    pg_catalog.pg_encoding_to_char(db.encoding) AS serverencoding,
	    pg_catalog.has_database_privilege(db.oid, 'CREATE') as cancreate,
	    datistemplate
	FROM
	    pg_catalog.pg_database db
	WHERE db.oid = 5
2024-11-13 21:00:41.453 GMT [35] LOG:  AUDIT: SESSION,40,1,READ,SELECT,,,"SELECT
	    db.oid as did, db.datname, db.datallowconn,
	    pg_catalog.pg_encoding_to_char(db.encoding) AS serverencoding,
	    pg_catalog.has_database_privilege(db.oid, 'CREATE') as cancreate,
	    datistemplate
	FROM
	    pg_catalog.pg_database db
	WHERE db.oid = 5",<not logged>
2024-11-13 21:00:41.455 GMT [35] LOG:  duration: 1083.302 ms
